<?xml version="1.0" encoding="UTF-8"?>
<robot generator="Robot 7.2 (Python 3.13.1 on win32)" generated="2025-03-07T09:23:09.864046" rpa="false" schemaversion="5">
<suite id="s1" name="Generic Tests" source="c:\Users\wille\Documents\github repos\Lab1-Continuous-Integration\tests\generic_tests.robot">
<test id="s1-t1" name="Invalid browser login" line="25">
<kw name="Setup Suite Open Page And Register User" owner="keywords" type="SETUP">
<kw name="Open Browser" owner="SeleniumLibrary">
<msg time="2025-03-07T09:23:10.209822" level="INFO">Opening browser 'headlesschrome' to base url 'file:///C:/Users/wille/Documents/github repos/Lab1-Continuous-Integration/webpage\jurap.html'.</msg>
<arg>${url_demo}</arg>
<arg>${browser}</arg>
<arg>${browser_options}</arg>
<doc>Opens a new browser instance to the optional ``url``.</doc>
<status status="PASS" start="2025-03-07T09:23:10.209497" elapsed="1.621710"/>
</kw>
<kw name="User Is Registered" owner="login_and_registration_keywords">
<kw name="User Registers Username" owner="login_and_registration_keywords">
<kw name="User Navigates To Register Section" owner="button_and_navigation_keywords">
<kw name="Press Register Button" owner="button_and_navigation_keywords">
<kw name="Click Specific Button" owner="button_and_navigation_keywords">
<kw name="Click Element" owner="SeleniumLibrary">
<msg time="2025-03-07T09:23:11.833820" level="INFO">Clicking element 'xpath=/html/body/header/div/nav/ul/li[2]/a'.</msg>
<arg>${button}</arg>
<doc>Click the element identified by ``locator``.</doc>
<status status="PASS" start="2025-03-07T09:23:11.833485" elapsed="0.053210"/>
</kw>
<arg>${reg_button}</arg>
<status status="PASS" start="2025-03-07T09:23:11.833137" elapsed="0.053807"/>
</kw>
<kw name="Sleep" owner="BuiltIn">
<msg time="2025-03-07T09:23:13.888158" level="INFO">Slept 2 seconds.</msg>
<arg>2</arg>
<doc>Pauses the test executed for the given time.</doc>
<status status="PASS" start="2025-03-07T09:23:11.887164" elapsed="2.001257"/>
</kw>
<status status="PASS" start="2025-03-07T09:23:11.832851" elapsed="2.055735"/>
</kw>
<kw name="Wait Until Page Contains Element" owner="SeleniumLibrary">
<arg>${reg_section}</arg>
<doc>Waits until the element ``locator`` appears on the current page.</doc>
<status status="PASS" start="2025-03-07T09:23:13.888788" elapsed="0.007676"/>
</kw>
<status status="PASS" start="2025-03-07T09:23:11.832547" elapsed="2.064093"/>
</kw>
<kw name="Page Is Opened To Registration Section" owner="button_and_navigation_keywords">
<kw name="Press Register Button" owner="button_and_navigation_keywords">
<kw name="Click Specific Button" owner="button_and_navigation_keywords">
<kw name="Click Element" owner="SeleniumLibrary">
<msg time="2025-03-07T09:23:13.897797" level="INFO">Clicking element 'xpath=/html/body/header/div/nav/ul/li[2]/a'.</msg>
<arg>${button}</arg>
<doc>Click the element identified by ``locator``.</doc>
<status status="PASS" start="2025-03-07T09:23:13.897607" elapsed="0.029679"/>
</kw>
<arg>${reg_button}</arg>
<status status="PASS" start="2025-03-07T09:23:13.897340" elapsed="0.030119"/>
</kw>
<kw name="Sleep" owner="BuiltIn">
<msg time="2025-03-07T09:23:15.928616" level="INFO">Slept 2 seconds.</msg>
<arg>2</arg>
<doc>Pauses the test executed for the given time.</doc>
<status status="PASS" start="2025-03-07T09:23:13.927628" elapsed="2.001215"/>
</kw>
<status status="PASS" start="2025-03-07T09:23:13.897120" elapsed="2.031854"/>
</kw>
<kw name="Page Should Contain Element" owner="SeleniumLibrary">
<msg time="2025-03-07T09:23:15.934241" level="INFO">Current page contains element 'id=register-form'.</msg>
<arg>${reg_section}</arg>
<doc>Verifies that element ``locator`` is found on the current page.</doc>
<status status="PASS" start="2025-03-07T09:23:15.929139" elapsed="0.005307"/>
</kw>
<doc>This keyword executes and verifies navigation to user registration section.</doc>
<status status="PASS" start="2025-03-07T09:23:13.896833" elapsed="2.037754"/>
</kw>
<kw name="User Enters Registration Credentials" owner="login_and_registration_keywords">
<kw name="Input Credentials" owner="login_and_registration_keywords">
<kw name="Input Text" owner="SeleniumLibrary">
<msg time="2025-03-07T09:23:15.935716" level="INFO">Typing text 'testUser2' into text field 'reg-username'.</msg>
<arg>${username_space}</arg>
<arg>${username}</arg>
<doc>Types the given ``text`` into the text field identified by ``locator``.</doc>
<status status="PASS" start="2025-03-07T09:23:15.935488" elapsed="0.055246"/>
</kw>
<kw name="Input Text" owner="SeleniumLibrary">
<msg time="2025-03-07T09:23:15.991244" level="INFO">Typing text 'testPassword2' into text field 'reg-password'.</msg>
<arg>${password_space}</arg>
<arg>${password}</arg>
<doc>Types the given ``text`` into the text field identified by ``locator``.</doc>
<status status="PASS" start="2025-03-07T09:23:15.990981" elapsed="0.043643"/>
</kw>
<arg>${username}</arg>
<arg>${reg_username_text_box}</arg>
<arg>${password}</arg>
<arg>${reg_password_text_box}</arg>
<status status="PASS" start="2025-03-07T09:23:15.935137" elapsed="0.099695"/>
</kw>
<arg>${username}</arg>
<arg>${password}</arg>
<doc>This keyword enters username and password into registration fields.</doc>
<status status="PASS" start="2025-03-07T09:23:15.934794" elapsed="0.100143"/>
</kw>
<kw name="Press Register Submit Button" owner="button_and_navigation_keywords">
<kw name="Click Specific Button" owner="button_and_navigation_keywords">
<kw name="Click Element" owner="SeleniumLibrary">
<msg time="2025-03-07T09:23:16.035876" level="INFO">Clicking element 'xpath=/html/body/main/article[2]/section/form/button'.</msg>
<arg>${button}</arg>
<doc>Click the element identified by ``locator``.</doc>
<status status="PASS" start="2025-03-07T09:23:16.035655" elapsed="0.037471"/>
</kw>
<arg>${reg_submit_button}</arg>
<status status="PASS" start="2025-03-07T09:23:16.035393" elapsed="0.037918"/>
</kw>
<kw name="Sleep" owner="BuiltIn">
<msg time="2025-03-07T09:23:18.074276" level="INFO">Slept 2 seconds.</msg>
<arg>2</arg>
<doc>Pauses the test executed for the given time.</doc>
<status status="PASS" start="2025-03-07T09:23:16.073475" elapsed="2.001027"/>
</kw>
<status status="PASS" start="2025-03-07T09:23:16.035127" elapsed="2.039505"/>
</kw>
<arg>${username}</arg>
<arg>${password}</arg>
<doc>This keyword executes registration process of user, without verification.</doc>
<status status="PASS" start="2025-03-07T09:23:11.832159" elapsed="6.242566"/>
</kw>
<kw name="User Should Be Registered" owner="login_and_registration_keywords">
<kw name="Execute Javascript" owner="SeleniumLibrary">
<msg time="2025-03-07T09:23:18.075643" level="INFO">Executing JavaScript:
let users = getUsers();return users.some(u =&gt; u.username === 'testUser2');
Without any arguments.</msg>
<msg time="2025-03-07T09:23:18.080933" level="INFO">${userRegistered} = True</msg>
<var>${userRegistered}</var>
<arg>let users = getUsers();</arg>
<arg>return users.some(u =&gt; u.username === '${username}');</arg>
<doc>Executes the given JavaScript code with possible arguments.</doc>
<status status="PASS" start="2025-03-07T09:23:18.075240" elapsed="0.005849"/>
</kw>
<kw name="Should Be True" owner="BuiltIn">
<arg>${userRegistered}</arg>
<doc>Fails if the given condition is not true.</doc>
<status status="PASS" start="2025-03-07T09:23:18.081300" elapsed="0.000211"/>
</kw>
<arg>${username}</arg>
<doc>This keyword verifies that user is registerd as a user,
by fetching list of users with javascript and finding username in list.</doc>
<status status="PASS" start="2025-03-07T09:23:18.074919" elapsed="0.006702"/>
</kw>
<arg>${username}</arg>
<arg>${password}</arg>
<doc>This keyword executes and verifies user registration.</doc>
<status status="PASS" start="2025-03-07T09:23:11.831654" elapsed="6.250067"/>
</kw>
<arg>${valid_username}</arg>
<arg>${valid_password}</arg>
<doc>This setup opens browser to JurasStina-Kalle park home page and registers user.</doc>
<status status="PASS" start="2025-03-07T09:23:10.208097" elapsed="7.873720"/>
</kw>
<kw name="Click Specific Button" owner="button_and_navigation_keywords">
<kw name="Click Element" owner="SeleniumLibrary">
<msg time="2025-03-07T09:23:18.083164" level="INFO">Clicking element 'login-nav'.</msg>
<arg>${button}</arg>
<doc>Click the element identified by ``locator``.</doc>
<status status="PASS" start="2025-03-07T09:23:18.082892" elapsed="0.047969"/>
</kw>
<arg>${login_button}</arg>
<status status="PASS" start="2025-03-07T09:23:18.082490" elapsed="0.048542"/>
</kw>
<kw name="Input Credentials" owner="login_and_registration_keywords">
<kw name="Input Text" owner="SeleniumLibrary">
<msg time="2025-03-07T09:23:18.132224" level="INFO">Typing text 'XXXXXXXX' into text field 'login-username'.</msg>
<arg>${username_space}</arg>
<arg>${username}</arg>
<doc>Types the given ``text`` into the text field identified by ``locator``.</doc>
<status status="PASS" start="2025-03-07T09:23:18.132003" elapsed="0.043549"/>
</kw>
<kw name="Input Text" owner="SeleniumLibrary">
<msg time="2025-03-07T09:23:18.176044" level="INFO">Typing text 'YYYYYYYY' into text field 'login-password'.</msg>
<arg>${password_space}</arg>
<arg>${password}</arg>
<doc>Types the given ``text`` into the text field identified by ``locator``.</doc>
<status status="PASS" start="2025-03-07T09:23:18.175788" elapsed="0.042713"/>
</kw>
<arg>${invalid_username}</arg>
<arg>${login_username_text_box}</arg>
<arg>${invalid_password}</arg>
<arg>${login_password_text_box}</arg>
<status status="PASS" start="2025-03-07T09:23:18.131552" elapsed="0.087197"/>
</kw>
<kw name="Click Element" owner="SeleniumLibrary">
<msg time="2025-03-07T09:23:18.219662" level="INFO">Clicking element 'xpath=/html/body/main/article[3]/section/form/button'.</msg>
<arg>${login_submit_button}</arg>
<doc>Click the element identified by ``locator``.</doc>
<status status="PASS" start="2025-03-07T09:23:18.219312" elapsed="0.036685"/>
</kw>
<kw name="Message Should Be Visible" owner="message_and_alert_keywords">
<kw name="Wait Until Element Is Visible" owner="SeleniumLibrary">
<arg>${error_message_element}</arg>
<arg>${timeout}</arg>
<doc>Waits until the element ``locator`` is visible.</doc>
<status status="PASS" start="2025-03-07T09:23:18.257175" elapsed="0.064491"/>
</kw>
<kw name="Element Text Should Be" owner="SeleniumLibrary">
<msg time="2025-03-07T09:23:18.322186" level="INFO">Verifying element 'id=login-message' contains exact text 'Verifying credentials...'.</msg>
<arg>${error_message_element}</arg>
<arg>${good_mess}</arg>
<doc>Verifies that element ``locator`` contains exact the text ``expected``.</doc>
<status status="PASS" start="2025-03-07T09:23:18.321909" elapsed="0.012533"/>
</kw>
<kw name="Sleep" owner="BuiltIn">
<msg time="2025-03-07T09:23:20.335340" level="INFO">Slept 2 seconds.</msg>
<arg>2</arg>
<doc>Pauses the test executed for the given time.</doc>
<status status="PASS" start="2025-03-07T09:23:18.334674" elapsed="2.000903"/>
</kw>
<kw name="Wait Until Element Is Visible" owner="SeleniumLibrary">
<arg>${error_message_element}</arg>
<arg>${timeout}</arg>
<doc>Waits until the element ``locator`` is visible.</doc>
<status status="PASS" start="2025-03-07T09:23:20.335803" elapsed="0.010205"/>
</kw>
<kw name="Element Text Should Be" owner="SeleniumLibrary">
<msg time="2025-03-07T09:23:20.346510" level="INFO">Verifying element 'id=login-message' contains exact text 'Invalid username or password.'.</msg>
<arg>${error_message_element}</arg>
<arg>${error_message_text}</arg>
<doc>Verifies that element ``locator`` contains exact the text ``expected``.</doc>
<status status="PASS" start="2025-03-07T09:23:20.346240" elapsed="0.008680"/>
</kw>
<arg>${error_message_element_demo}</arg>
<arg>${error_message_demo}</arg>
<arg>${standard_timeout}</arg>
<arg>${verifying_message}</arg>
<status status="PASS" start="2025-03-07T09:23:18.256585" elapsed="2.098512"/>
</kw>
<kw name="Teardown Suite" owner="keywords" type="TEARDOWN">
<kw name="Close Browser" owner="SeleniumLibrary">
<doc>Closes the current browser.</doc>
<status status="PASS" start="2025-03-07T09:23:20.356181" elapsed="2.098172"/>
</kw>
<status status="PASS" start="2025-03-07T09:23:20.355758" elapsed="2.098775"/>
</kw>
<tag>Wille-Virtanen</tag>
<status status="PASS" start="2025-03-07T09:23:10.207302" elapsed="12.247531"/>
</test>
<doc>Grupp 2 Wille, Johan och Kristin. Generic test suite for general test functions as a base library.</doc>
<status status="PASS" start="2025-03-07T09:23:09.868523" elapsed="12.587187"/>
</suite>
<statistics>
<total>
<stat pass="1" fail="0" skip="0">All Tests</stat>
</total>
<tag>
<stat pass="1" fail="0" skip="0">Wille-Virtanen</stat>
</tag>
<suite>
<stat name="Generic Tests" id="s1" pass="1" fail="0" skip="0">Generic Tests</stat>
</suite>
</statistics>
<errors>
</errors>
</robot>
