<?xml version="1.0" encoding="UTF-8"?>
<robot generator="Robot 7.2.2 (Python 3.13.1 on win32)" generated="2025-02-17T11:12:30.002645" rpa="false" schemaversion="5">
<suite id="s1" name="Kim M Familj" source="c:\Users\johan\GitHub\Lab1-Continuous-Integration\kim_m_familj.robot">
<test id="s1-t1" name="Valid browser login" line="11">
<kw name="Setup Suite" owner="keywords" type="SETUP">
<kw name="Open Browser To Page" owner="keywords">
<kw name="Open Browser" owner="SeleniumLibrary">
<msg time="2025-02-17T11:12:30.723785" level="INFO">Opening browser 'chrome' to base url 'file:///C:/Users/johan/GitHub/Lab1-Continuous-Integration/Homepage\jurap.html'.</msg>
<msg time="2025-02-17T11:12:31.332180" level="WARN">The chromedriver version (132.0.6834.110) detected in PATH at C:\Users\johan\Desktop\DevTools\chromedriver-win64\chromedriver.exe might not be compatible with the detected chrome version (133.0.6943.98); currently, chromedriver 133.0.6943.98 is recommended for chrome 133.*, so it is advised to delete the driver in PATH and retry</msg>
<arg>${url}</arg>
<arg>${browser}</arg>
<doc>Opens a new browser instance to the optional ``url``.</doc>
<status status="PASS" start="2025-02-17T11:12:30.723461" elapsed="2.937725"/>
</kw>
<kw name="Title Should Be" owner="SeleniumLibrary">
<msg time="2025-02-17T11:12:33.680802" level="INFO">Page title is 'Jura-Stina-Kalle Park'.</msg>
<arg>${title}</arg>
<doc>Verifies that the current page title equals ``title``.</doc>
<status status="PASS" start="2025-02-17T11:12:33.661615" elapsed="0.020460"/>
</kw>
<arg>${url}</arg>
<arg>${browser}</arg>
<arg>${title}</arg>
<status status="PASS" start="2025-02-17T11:12:30.722707" elapsed="2.960260"/>
</kw>
<kw name="Registration" owner="keywords">
<kw name="Click Specific Button" owner="keywords">
<kw name="Click Element" owner="SeleniumLibrary">
<msg time="2025-02-17T11:12:33.689544" level="INFO">Clicking element 'xpath=/html/body/header/div/nav/ul/li[2]/a'.</msg>
<arg>${button}</arg>
<doc>Click the element identified by ``locator``.</doc>
<status status="PASS" start="2025-02-17T11:12:33.688118" elapsed="0.115293"/>
</kw>
<arg>${regin_button}</arg>
<status status="PASS" start="2025-02-17T11:12:33.686711" elapsed="0.117205"/>
</kw>
<kw name="Input Credentials" owner="keywords">
<kw name="Input Text" owner="SeleniumLibrary">
<msg time="2025-02-17T11:12:33.806571" level="INFO">Typing text 'kimSvensson' into text field 'reg-username'.</msg>
<arg>${username_space}</arg>
<arg>${username}</arg>
<doc>Types the given ``text`` into the text field identified by ``locator``.</doc>
<status status="PASS" start="2025-02-17T11:12:33.805745" elapsed="0.108675"/>
</kw>
<kw name="Input Text" owner="SeleniumLibrary">
<msg time="2025-02-17T11:12:33.915482" level="INFO">Typing text 'gatanDarJagVaxteUpp' into text field 'reg-password'.</msg>
<arg>${password_space}</arg>
<arg>${password}</arg>
<doc>Types the given ``text`` into the text field identified by ``locator``.</doc>
<status status="PASS" start="2025-02-17T11:12:33.914881" elapsed="0.102119"/>
</kw>
<arg>${username}</arg>
<arg>${username_text_box}</arg>
<arg>${password}</arg>
<arg>${password_text_box}</arg>
<status status="PASS" start="2025-02-17T11:12:33.804426" elapsed="0.212796"/>
</kw>
<kw name="Click Element" owner="SeleniumLibrary">
<msg time="2025-02-17T11:12:34.017717" level="INFO">Clicking element 'xpath=/html/body/main/article[2]/section/form/button'.</msg>
<arg>${reg_sub_button}</arg>
<doc>Click the element identified by ``locator``.</doc>
<status status="PASS" start="2025-02-17T11:12:34.017436" elapsed="0.066498"/>
</kw>
<arg>${username}</arg>
<arg>${username_text_box}</arg>
<arg>${password}</arg>
<arg>${password_text_box}</arg>
<arg>${regin_button}</arg>
<arg>${reg_sub_button}</arg>
<status status="PASS" start="2025-02-17T11:12:33.684646" elapsed="0.399483"/>
</kw>
<arg>${url_demo}</arg>
<arg>${browser}</arg>
<arg>${title_demo}</arg>
<arg>${kim_username}</arg>
<arg>${reg_username_text_box}</arg>
<arg>${kim_password}</arg>
<arg>${reg_password_text_box}</arg>
<arg>${reg_button}</arg>
<arg>${reg_submit_button}</arg>
<status status="PASS" start="2025-02-17T11:12:30.721994" elapsed="3.362297"/>
</kw>
<kw name="Click Specific Button" owner="keywords">
<kw name="Click Element" owner="SeleniumLibrary">
<msg time="2025-02-17T11:12:34.087250" level="INFO">Clicking element 'login-nav'.</msg>
<arg>${button}</arg>
<doc>Click the element identified by ``locator``.</doc>
<status status="PASS" start="2025-02-17T11:12:34.085702" elapsed="0.086292"/>
</kw>
<arg>${login_button}</arg>
<status status="PASS" start="2025-02-17T11:12:34.085021" elapsed="0.087222"/>
</kw>
<kw name="Input Credentials" owner="keywords">
<kw name="Input Text" owner="SeleniumLibrary">
<msg time="2025-02-17T11:12:34.174261" level="INFO">Typing text 'kimSvensson' into text field 'login-username'.</msg>
<arg>${username_space}</arg>
<arg>${username}</arg>
<doc>Types the given ``text`` into the text field identified by ``locator``.</doc>
<status status="PASS" start="2025-02-17T11:12:34.173892" elapsed="0.118346"/>
</kw>
<kw name="Input Text" owner="SeleniumLibrary">
<msg time="2025-02-17T11:12:34.292840" level="INFO">Typing text 'gatanDarJagVaxteUpp' into text field 'login-password'.</msg>
<arg>${password_space}</arg>
<arg>${password}</arg>
<doc>Types the given ``text`` into the text field identified by ``locator``.</doc>
<status status="PASS" start="2025-02-17T11:12:34.292535" elapsed="0.096579"/>
</kw>
<arg>${kim_username}</arg>
<arg>${login_username_text_box}</arg>
<arg>${kim_password}</arg>
<arg>${login_password_text_box}</arg>
<status status="PASS" start="2025-02-17T11:12:34.173036" elapsed="0.216272"/>
</kw>
<kw name="Click Element" owner="SeleniumLibrary">
<msg time="2025-02-17T11:12:34.390234" level="INFO">Clicking element 'xpath=/html/body/main/article[3]/section/form/button'.</msg>
<arg>${login_submit_button}</arg>
<doc>Click the element identified by ``locator``.</doc>
<status status="PASS" start="2025-02-17T11:12:34.389895" elapsed="0.169827"/>
</kw>
<kw name="Sleep" owner="BuiltIn">
<msg time="2025-02-17T11:12:37.561817" level="INFO">Slept 3 seconds.</msg>
<arg>3</arg>
<doc>Pauses the test executed for the given time.</doc>
<status status="PASS" start="2025-02-17T11:12:34.560586" elapsed="3.001458"/>
</kw>
<kw name="Teardown Suite" owner="keywords" type="TEARDOWN">
<kw name="Close Browser" owner="SeleniumLibrary">
<doc>Closes the current browser.</doc>
<status status="PASS" start="2025-02-17T11:12:37.563202" elapsed="2.275042"/>
</kw>
<status status="PASS" start="2025-02-17T11:12:37.562840" elapsed="2.275661"/>
</kw>
<status status="PASS" start="2025-02-17T11:12:30.721137" elapsed="9.117897"/>
</test>
<test id="s1-t2" name="Buy one regular adult ticket one VIP adult ticket and two VIP child tickets" line="17">
<kw name="Setup Suite" owner="keywords" type="SETUP">
<kw name="Open Browser To Page" owner="keywords">
<kw name="Open Browser" owner="SeleniumLibrary">
<msg time="2025-02-17T11:12:39.842635" level="INFO">Opening browser 'chrome' to base url 'file:///C:/Users/johan/GitHub/Lab1-Continuous-Integration/Homepage\jurap.html'.</msg>
<msg time="2025-02-17T11:12:40.208529" level="WARN">The chromedriver version (132.0.6834.110) detected in PATH at C:\Users\johan\Desktop\DevTools\chromedriver-win64\chromedriver.exe might not be compatible with the detected chrome version (133.0.6943.98); currently, chromedriver 133.0.6943.98 is recommended for chrome 133.*, so it is advised to delete the driver in PATH and retry</msg>
<arg>${url}</arg>
<arg>${browser}</arg>
<doc>Opens a new browser instance to the optional ``url``.</doc>
<status status="PASS" start="2025-02-17T11:12:39.842383" elapsed="2.855268"/>
</kw>
<kw name="Title Should Be" owner="SeleniumLibrary">
<msg time="2025-02-17T11:12:42.770213" level="INFO">Page title is 'Jura-Stina-Kalle Park'.</msg>
<arg>${title}</arg>
<doc>Verifies that the current page title equals ``title``.</doc>
<status status="PASS" start="2025-02-17T11:12:42.698895" elapsed="0.072153"/>
</kw>
<arg>${url}</arg>
<arg>${browser}</arg>
<arg>${title}</arg>
<status status="PASS" start="2025-02-17T11:12:39.841998" elapsed="2.930024"/>
</kw>
<kw name="Registration" owner="keywords">
<kw name="Click Specific Button" owner="keywords">
<kw name="Click Element" owner="SeleniumLibrary">
<msg time="2025-02-17T11:12:42.780131" level="INFO">Clicking element 'xpath=/html/body/header/div/nav/ul/li[2]/a'.</msg>
<arg>${button}</arg>
<doc>Click the element identified by ``locator``.</doc>
<status status="PASS" start="2025-02-17T11:12:42.778677" elapsed="0.089899"/>
</kw>
<arg>${regin_button}</arg>
<status status="PASS" start="2025-02-17T11:12:42.774745" elapsed="0.094560"/>
</kw>
<kw name="Input Credentials" owner="keywords">
<kw name="Input Text" owner="SeleniumLibrary">
<msg time="2025-02-17T11:12:42.871591" level="INFO">Typing text 'kimSvensson' into text field 'reg-username'.</msg>
<arg>${username_space}</arg>
<arg>${username}</arg>
<doc>Types the given ``text`` into the text field identified by ``locator``.</doc>
<status status="PASS" start="2025-02-17T11:12:42.871021" elapsed="0.130500"/>
</kw>
<kw name="Input Text" owner="SeleniumLibrary">
<msg time="2025-02-17T11:12:43.002614" level="INFO">Typing text 'gatanDarJagVaxteUpp' into text field 'reg-password'.</msg>
<arg>${password_space}</arg>
<arg>${password}</arg>
<doc>Types the given ``text`` into the text field identified by ``locator``.</doc>
<status status="PASS" start="2025-02-17T11:12:43.002131" elapsed="0.110100"/>
</kw>
<arg>${username}</arg>
<arg>${username_text_box}</arg>
<arg>${password}</arg>
<arg>${password_text_box}</arg>
<status status="PASS" start="2025-02-17T11:12:42.869925" elapsed="0.242539"/>
</kw>
<kw name="Click Element" owner="SeleniumLibrary">
<msg time="2025-02-17T11:12:43.112987" level="INFO">Clicking element 'xpath=/html/body/main/article[2]/section/form/button'.</msg>
<arg>${reg_sub_button}</arg>
<doc>Click the element identified by ``locator``.</doc>
<status status="PASS" start="2025-02-17T11:12:43.112676" elapsed="0.063131"/>
</kw>
<arg>${username}</arg>
<arg>${username_text_box}</arg>
<arg>${password}</arg>
<arg>${password_text_box}</arg>
<arg>${regin_button}</arg>
<arg>${reg_sub_button}</arg>
<status status="PASS" start="2025-02-17T11:12:42.772820" elapsed="0.403231"/>
</kw>
<arg>${url_demo}</arg>
<arg>${browser}</arg>
<arg>${title_demo}</arg>
<arg>${kim_username}</arg>
<arg>${reg_username_text_box}</arg>
<arg>${kim_password}</arg>
<arg>${reg_password_text_box}</arg>
<arg>${reg_button}</arg>
<arg>${reg_submit_button}</arg>
<status status="PASS" start="2025-02-17T11:12:39.841346" elapsed="3.334872"/>
</kw>
<kw name="Click Specific Button" owner="keywords">
<kw name="Click Element" owner="SeleniumLibrary">
<msg time="2025-02-17T11:12:43.177480" level="INFO">Clicking element 'login-nav'.</msg>
<arg>${button}</arg>
<doc>Click the element identified by ``locator``.</doc>
<status status="PASS" start="2025-02-17T11:12:43.177189" elapsed="0.079089"/>
</kw>
<arg>${login_button}</arg>
<status status="PASS" start="2025-02-17T11:12:43.176780" elapsed="0.079702"/>
</kw>
<kw name="Input Credentials" owner="keywords">
<kw name="Input Text" owner="SeleniumLibrary">
<msg time="2025-02-17T11:12:43.258435" level="INFO">Typing text 'kimSvensson' into text field 'login-username'.</msg>
<arg>${username_space}</arg>
<arg>${username}</arg>
<doc>Types the given ``text`` into the text field identified by ``locator``.</doc>
<status status="PASS" start="2025-02-17T11:12:43.257836" elapsed="0.108988"/>
</kw>
<kw name="Input Text" owner="SeleniumLibrary">
<msg time="2025-02-17T11:12:43.367380" level="INFO">Typing text 'gatanDarJagVaxteUpp' into text field 'login-password'.</msg>
<arg>${password_space}</arg>
<arg>${password}</arg>
<doc>Types the given ``text`` into the text field identified by ``locator``.</doc>
<status status="PASS" start="2025-02-17T11:12:43.367076" elapsed="0.101927"/>
</kw>
<arg>${kim_username}</arg>
<arg>${login_username_text_box}</arg>
<arg>${kim_password}</arg>
<arg>${login_password_text_box}</arg>
<status status="PASS" start="2025-02-17T11:12:43.257099" elapsed="0.212112"/>
</kw>
<kw name="Click Element" owner="SeleniumLibrary">
<msg time="2025-02-17T11:12:43.470041" level="INFO">Clicking element 'xpath=/html/body/main/article[3]/section/form/button'.</msg>
<arg>${login_submit_button}</arg>
<doc>Click the element identified by ``locator``.</doc>
<status status="PASS" start="2025-02-17T11:12:43.469690" elapsed="0.098086"/>
</kw>
<kw name="Sleep" owner="BuiltIn">
<msg time="2025-02-17T11:12:46.569573" level="INFO">Slept 3 seconds.</msg>
<arg>3</arg>
<doc>Pauses the test executed for the given time.</doc>
<status status="PASS" start="2025-02-17T11:12:43.568472" elapsed="3.001333"/>
</kw>
<kw name="Buy A Ticket" owner="keywords">
<kw name="Click Specific Button" owner="keywords">
<kw name="Click Element" owner="SeleniumLibrary">
<msg time="2025-02-17T11:12:46.571893" level="INFO">Clicking element 'xpath=/html/body/header/div/nav/ul/li[4]/a'.</msg>
<arg>${button}</arg>
<doc>Click the element identified by ``locator``.</doc>
<status status="PASS" start="2025-02-17T11:12:46.571641" elapsed="0.098006"/>
</kw>
<arg>${buy_ticket_button}</arg>
<status status="PASS" start="2025-02-17T11:12:46.571232" elapsed="0.098768"/>
</kw>
<kw name="Sleep" owner="BuiltIn">
<msg time="2025-02-17T11:12:51.671347" level="INFO">Slept 5 seconds.</msg>
<arg>5</arg>
<doc>Pauses the test executed for the given time.</doc>
<status status="PASS" start="2025-02-17T11:12:46.670251" elapsed="5.001356"/>
</kw>
<kw name="Select From List By Value" owner="SeleniumLibrary">
<msg time="2025-02-17T11:12:51.672195" level="INFO">Selecting options from selection list 'xpath=/html/body/main/article[4]/section/form/select[1]' by value Adult.</msg>
<arg>${type_field}</arg>
<arg>${type}</arg>
<doc>Selects options from selection list ``locator`` by ``values``.</doc>
<status status="PASS" start="2025-02-17T11:12:51.671831" elapsed="0.034693"/>
</kw>
<kw name="Select From List By Value" owner="SeleniumLibrary">
<msg time="2025-02-17T11:12:51.707098" level="INFO">Selecting options from selection list 'xpath=/html/body/main/article[4]/section/form/select[2]' by value Regular.</msg>
<arg>${cat_field}</arg>
<arg>${cat}</arg>
<doc>Selects options from selection list ``locator`` by ``values``.</doc>
<status status="PASS" start="2025-02-17T11:12:51.706783" elapsed="0.029742"/>
</kw>
<kw name="Sleep" owner="BuiltIn">
<msg time="2025-02-17T11:12:56.737859" level="INFO">Slept 5 seconds.</msg>
<arg>5</arg>
<doc>Pauses the test executed for the given time.</doc>
<status status="PASS" start="2025-02-17T11:12:51.736765" elapsed="5.001325"/>
</kw>
<kw name="Click Button" owner="SeleniumLibrary">
<msg time="2025-02-17T11:12:56.738570" level="INFO">Clicking button 'xpath=/html/body/main/article[4]/section/form/button'.</msg>
<arg>${add_to_cart_button}</arg>
<doc>Clicks the button identified by ``locator``.</doc>
<status status="PASS" start="2025-02-17T11:12:56.738289" elapsed="0.069533"/>
</kw>
<kw name="Handle Alert" owner="SeleniumLibrary">
<msg time="2025-02-17T11:12:56.808348" level="INFO">HANDLE::&lt;class 'NoneType'&gt;::None</msg>
<arg>action=DISMISS</arg>
<doc>Handles the current alert and returns its message.</doc>
<status status="PASS" start="2025-02-17T11:12:56.808079" elapsed="0.004761"/>
</kw>
<arg>${regular_ticket}</arg>
<arg>${adult_ticket_type}</arg>
<arg>${ticket_type_field}</arg>
<arg>${ticket_cat_field}</arg>
<arg>${input_of_ticket_counter}</arg>
<arg>${buy_ticket_button}</arg>
<arg>${add_to_cart_button}</arg>
<status status="PASS" start="2025-02-17T11:12:46.570365" elapsed="10.242754"/>
</kw>
<kw name="Buy A Ticket" owner="keywords">
<kw name="Click Specific Button" owner="keywords">
<kw name="Click Element" owner="SeleniumLibrary">
<msg time="2025-02-17T11:12:56.815118" level="INFO">Clicking element 'xpath=/html/body/header/div/nav/ul/li[4]/a'.</msg>
<arg>${button}</arg>
<doc>Click the element identified by ``locator``.</doc>
<status status="PASS" start="2025-02-17T11:12:56.814864" elapsed="0.121158"/>
</kw>
<arg>${buy_ticket_button}</arg>
<status status="PASS" start="2025-02-17T11:12:56.814477" elapsed="0.122674"/>
</kw>
<kw name="Sleep" owner="BuiltIn">
<msg time="2025-02-17T11:13:01.938870" level="INFO">Slept 5 seconds.</msg>
<arg>5</arg>
<doc>Pauses the test executed for the given time.</doc>
<status status="PASS" start="2025-02-17T11:12:56.937830" elapsed="5.001274"/>
</kw>
<kw name="Select From List By Value" owner="SeleniumLibrary">
<msg time="2025-02-17T11:13:01.939599" level="INFO">Selecting options from selection list 'xpath=/html/body/main/article[4]/section/form/select[1]' by value Adult.</msg>
<arg>${type_field}</arg>
<arg>${type}</arg>
<doc>Selects options from selection list ``locator`` by ``values``.</doc>
<status status="PASS" start="2025-02-17T11:13:01.939309" elapsed="0.025519"/>
</kw>
<kw name="Select From List By Value" owner="SeleniumLibrary">
<msg time="2025-02-17T11:13:01.965351" level="INFO">Selecting options from selection list 'xpath=/html/body/main/article[4]/section/form/select[2]' by value VIP.</msg>
<arg>${cat_field}</arg>
<arg>${cat}</arg>
<doc>Selects options from selection list ``locator`` by ``values``.</doc>
<status status="PASS" start="2025-02-17T11:13:01.965060" elapsed="0.048329"/>
</kw>
<kw name="Sleep" owner="BuiltIn">
<msg time="2025-02-17T11:13:07.014244" level="INFO">Slept 5 seconds.</msg>
<arg>5</arg>
<doc>Pauses the test executed for the given time.</doc>
<status status="PASS" start="2025-02-17T11:13:02.013630" elapsed="5.000855"/>
</kw>
<kw name="Click Button" owner="SeleniumLibrary">
<msg time="2025-02-17T11:13:07.014954" level="INFO">Clicking button 'xpath=/html/body/main/article[4]/section/form/button'.</msg>
<arg>${add_to_cart_button}</arg>
<doc>Clicks the button identified by ``locator``.</doc>
<status status="PASS" start="2025-02-17T11:13:07.014696" elapsed="0.050493"/>
</kw>
<kw name="Handle Alert" owner="SeleniumLibrary">
<msg time="2025-02-17T11:13:07.065709" level="INFO">HANDLE::&lt;class 'NoneType'&gt;::None</msg>
<arg>action=DISMISS</arg>
<doc>Handles the current alert and returns its message.</doc>
<status status="PASS" start="2025-02-17T11:13:07.065476" elapsed="0.004819"/>
</kw>
<arg>${vip_ticket}</arg>
<arg>${adult_ticket_type}</arg>
<arg>${ticket_type_field}</arg>
<arg>${ticket_cat_field}</arg>
<arg>${input_of_ticket_counter}</arg>
<arg>${buy_ticket_button}</arg>
<arg>${add_to_cart_button}</arg>
<status status="PASS" start="2025-02-17T11:12:56.813790" elapsed="10.256787"/>
</kw>
<kw name="Buy More Than One Ticket" owner="keywords">
<kw name="Click Specific Button" owner="keywords">
<kw name="Click Element" owner="SeleniumLibrary">
<msg time="2025-02-17T11:13:07.075959" level="INFO">Clicking element 'xpath=/html/body/header/div/nav/ul/li[4]/a'.</msg>
<arg>${button}</arg>
<doc>Click the element identified by ``locator``.</doc>
<status status="PASS" start="2025-02-17T11:13:07.075401" elapsed="0.086220"/>
</kw>
<arg>${button_one}</arg>
<status status="PASS" start="2025-02-17T11:13:07.074060" elapsed="0.087859"/>
</kw>
<kw name="Sleep" owner="BuiltIn">
<msg time="2025-02-17T11:13:12.162569" level="INFO">Slept 5 seconds.</msg>
<arg>5</arg>
<doc>Pauses the test executed for the given time.</doc>
<status status="PASS" start="2025-02-17T11:13:07.162133" elapsed="5.000712"/>
</kw>
<kw name="Select From List By Value" owner="SeleniumLibrary">
<msg time="2025-02-17T11:13:12.163478" level="INFO">Selecting options from selection list 'xpath=/html/body/main/article[4]/section/form/select[1]' by value Child.</msg>
<arg>${type_field}</arg>
<arg>${type}</arg>
<doc>Selects options from selection list ``locator`` by ``values``.</doc>
<status status="PASS" start="2025-02-17T11:13:12.163059" elapsed="0.064393"/>
</kw>
<kw name="Select From List By Value" owner="SeleniumLibrary">
<msg time="2025-02-17T11:13:12.228034" level="INFO">Selecting options from selection list 'xpath=/html/body/main/article[4]/section/form/select[2]' by value VIP.</msg>
<arg>${cat_field}</arg>
<arg>${cat}</arg>
<doc>Selects options from selection list ``locator`` by ``values``.</doc>
<status status="PASS" start="2025-02-17T11:13:12.227726" elapsed="0.045069"/>
</kw>
<while condition="True" limit="${amount}" on_limit="pass">
<iter>
<kw name="Increase value" owner="keywords">
<kw name="Press Keys" owner="SeleniumLibrary">
<msg time="2025-02-17T11:13:12.274638" level="INFO">Sending key(s) ('ARROW_UP',) to id=ticket-quantity element.</msg>
<msg time="2025-02-17T11:13:12.583135" level="INFO">Pressing special key ARROW_UP to element.</msg>
<msg time="2025-02-17T11:13:12.583433" level="INFO">Releasing special key ARROW_UP.</msg>
<arg>${input_id}</arg>
<arg>${direction}</arg>
<doc>Simulates the user pressing key(s) to an element or on the active browser.</doc>
<status status="PASS" start="2025-02-17T11:13:12.274070" elapsed="0.317678"/>
</kw>
<arg>${input_counter}</arg>
<arg>ARROW_UP</arg>
<status status="PASS" start="2025-02-17T11:13:12.273626" elapsed="0.318375"/>
</kw>
<status status="PASS" start="2025-02-17T11:13:12.273008" elapsed="0.319095"/>
</iter>
<msg time="2025-02-17T11:13:12.592354" level="INFO">WHILE loop was aborted because it did not finish within the limit of 1 iterations. Use the 'limit' argument to increase or remove the limit if needed.</msg>
<status status="PASS" start="2025-02-17T11:13:12.273005" elapsed="0.319497"/>
</while>
<kw name="Sleep" owner="BuiltIn">
<msg time="2025-02-17T11:13:17.593018" level="INFO">Slept 5 seconds.</msg>
<arg>5</arg>
<doc>Pauses the test executed for the given time.</doc>
<status status="PASS" start="2025-02-17T11:13:12.592713" elapsed="5.000535"/>
</kw>
<kw name="Click Button" owner="SeleniumLibrary">
<msg time="2025-02-17T11:13:17.593704" level="INFO">Clicking button 'xpath=/html/body/main/article[4]/section/form/button'.</msg>
<arg>${button_two}</arg>
<doc>Clicks the button identified by ``locator``.</doc>
<status status="PASS" start="2025-02-17T11:13:17.593447" elapsed="0.057253"/>
</kw>
<kw name="Handle Alert" owner="SeleniumLibrary">
<msg time="2025-02-17T11:13:17.651255" level="INFO">HANDLE::&lt;class 'NoneType'&gt;::None</msg>
<arg>action=DISMISS</arg>
<doc>Handles the current alert and returns its message.</doc>
<status status="PASS" start="2025-02-17T11:13:17.650979" elapsed="0.006639"/>
</kw>
<arg>${vip_ticket}</arg>
<arg>${child_ticket_type}</arg>
<arg>1</arg>
<arg>${ticket_type_field}</arg>
<arg>${ticket_cat_field}</arg>
<arg>${input_of_ticket_counter}</arg>
<arg>${buy_ticket_button}</arg>
<arg>${add_to_cart_button}</arg>
<status status="PASS" start="2025-02-17T11:13:07.072009" elapsed="10.585828"/>
</kw>
<kw name="Check Shopping Cart Total" owner="keywords">
<kw name="Click Specific Button" owner="keywords">
<kw name="Click Element" owner="SeleniumLibrary">
<msg time="2025-02-17T11:13:17.660794" level="INFO">Clicking element 'xpath=//*[@id="cart-nav"]'.</msg>
<arg>${button}</arg>
<doc>Click the element identified by ``locator``.</doc>
<status status="PASS" start="2025-02-17T11:13:17.660403" elapsed="0.108224"/>
</kw>
<arg>${cart_nav_button}</arg>
<status status="PASS" start="2025-02-17T11:13:17.659952" elapsed="0.109182"/>
</kw>
<kw name="Get Text" owner="SeleniumLibrary">
<msg time="2025-02-17T11:13:17.812233" level="INFO">${actual_text} = Total: $270</msg>
<var>${actual_text}</var>
<arg>${cart_total_xpath}</arg>
<doc>Returns the text value of the element identified by ``locator``.</doc>
<status status="PASS" start="2025-02-17T11:13:17.769631" elapsed="0.042951"/>
</kw>
<kw name="Should Contain" owner="BuiltIn">
<arg>${actual_text}</arg>
<arg>${expected_total}</arg>
<doc>Fails if ``container`` does not contain ``item`` one or more times.</doc>
<status status="PASS" start="2025-02-17T11:13:17.812854" elapsed="0.000415"/>
</kw>
<arg>${kim_expected_ticket_cost_total}</arg>
<arg>${cart_tab_xpath}</arg>
<arg>${cart_total_xpath}</arg>
<status status="PASS" start="2025-02-17T11:13:17.658962" elapsed="0.154493"/>
</kw>
<kw name="Teardown Suite" owner="keywords" type="TEARDOWN">
<kw name="Close Browser" owner="SeleniumLibrary">
<doc>Closes the current browser.</doc>
<status status="PASS" start="2025-02-17T11:13:17.815050" elapsed="2.279586"/>
</kw>
<status status="PASS" start="2025-02-17T11:13:17.814555" elapsed="2.280279"/>
</kw>
<status status="PASS" start="2025-02-17T11:12:39.840498" elapsed="40.254797"/>
</test>
<status status="PASS" start="2025-02-17T11:12:30.019900" elapsed="50.076912"/>
</suite>
<statistics>
<total>
<stat pass="2" fail="0" skip="0">All Tests</stat>
</total>
<tag>
</tag>
<suite>
<stat name="Kim M Familj" id="s1" pass="2" fail="0" skip="0">Kim M Familj</stat>
</suite>
</statistics>
<errors>
<msg time="2025-02-17T11:12:31.332180" level="WARN">The chromedriver version (132.0.6834.110) detected in PATH at C:\Users\johan\Desktop\DevTools\chromedriver-win64\chromedriver.exe might not be compatible with the detected chrome version (133.0.6943.98); currently, chromedriver 133.0.6943.98 is recommended for chrome 133.*, so it is advised to delete the driver in PATH and retry</msg>
<msg time="2025-02-17T11:12:40.208529" level="WARN">The chromedriver version (132.0.6834.110) detected in PATH at C:\Users\johan\Desktop\DevTools\chromedriver-win64\chromedriver.exe might not be compatible with the detected chrome version (133.0.6943.98); currently, chromedriver 133.0.6943.98 is recommended for chrome 133.*, so it is advised to delete the driver in PATH and retry</msg>
</errors>
</robot>
