<?xml version="1.0" encoding="UTF-8"?>
<robot generator="Robot 7.2 (Python 3.13.1 on win32)" generated="2025-02-14T14:11:31.087929" rpa="false" schemaversion="5">
<suite id="s1" name="Generic Test Step" source="c:\Users\wille\Documents\github repos\Lab1-Continuous-Integration\generic_test_step.robot">
<test id="s1-t1" name="Valid browser login" line="15">
<kw name="Setup Suite" owner="keywords" type="SETUP">
<kw name="Open Browser To Page" owner="keywords">
<kw name="Open Browser" owner="SeleniumLibrary">
<msg time="2025-02-14T14:11:31.299203" level="INFO">Opening browser 'chrome' to base url 'file:///C:/Users/wille/Documents/github repos/Lab1-Continuous-Integration/Homepage\jurap.html'.</msg>
<arg>${url}</arg>
<arg>${browser}</arg>
<doc>Opens a new browser instance to the optional ``url``.</doc>
<status status="PASS" start="2025-02-14T14:11:31.298940" elapsed="1.272868"/>
</kw>
<kw name="Title Should Be" owner="SeleniumLibrary">
<msg time="2025-02-14T14:11:32.575799" level="INFO">Page title is 'Jura-Stina-Kalle Park'.</msg>
<arg>${title}</arg>
<doc>Verifies that the current page title equals ``title``.</doc>
<status status="PASS" start="2025-02-14T14:11:32.572086" elapsed="0.004002"/>
</kw>
<arg>${url_demo}</arg>
<arg>${browser}</arg>
<arg>${title_demo}</arg>
<status status="PASS" start="2025-02-14T14:11:31.298233" elapsed="1.278034"/>
</kw>
<kw name="Registration" owner="keywords">
<kw name="Click Specific Button" owner="keywords">
<kw name="Click Element" owner="SeleniumLibrary">
<msg time="2025-02-14T14:11:32.577745" level="INFO">Clicking element 'xpath=/html/body/header/div/nav/ul/li[2]/a'.</msg>
<arg>${button}</arg>
<doc>Click the element identified by ``locator``.</doc>
<status status="PASS" start="2025-02-14T14:11:32.577139" elapsed="0.054667"/>
</kw>
<arg>${reg_button}</arg>
<status status="PASS" start="2025-02-14T14:11:32.576853" elapsed="0.055212"/>
</kw>
<kw name="Input Credentials" owner="keywords">
<kw name="Input Text" owner="SeleniumLibrary">
<msg time="2025-02-14T14:11:32.633176" level="INFO">Typing text 'testUser2' into text field 'reg-username'.</msg>
<arg>${username_space}</arg>
<arg>${username}</arg>
<doc>Types the given ``text`` into the text field identified by ``locator``.</doc>
<status status="PASS" start="2025-02-14T14:11:32.632866" elapsed="0.063130"/>
</kw>
<kw name="Input Text" owner="SeleniumLibrary">
<msg time="2025-02-14T14:11:32.696578" level="INFO">Typing text 'testPassword2' into text field 'reg-password'.</msg>
<arg>${password_space}</arg>
<arg>${password}</arg>
<doc>Types the given ``text`` into the text field identified by ``locator``.</doc>
<status status="PASS" start="2025-02-14T14:11:32.696284" elapsed="0.046181"/>
</kw>
<arg>${valid_username}</arg>
<arg>${reg_username_text_box}</arg>
<arg>${valid_password}</arg>
<arg>${reg_password_text_box}</arg>
<status status="PASS" start="2025-02-14T14:11:32.632319" elapsed="0.110324"/>
</kw>
<kw name="Click Element" owner="SeleniumLibrary">
<msg time="2025-02-14T14:11:32.743069" level="INFO">Clicking element 'xpath=/html/body/main/article[2]/section/form/button'.</msg>
<arg>xpath=/html/body/main/article[2]/section/form/button</arg>
<doc>Click the element identified by ``locator``.</doc>
<status status="PASS" start="2025-02-14T14:11:32.742831" elapsed="0.035148"/>
</kw>
<status status="PASS" start="2025-02-14T14:11:32.576520" elapsed="0.201641"/>
</kw>
<status status="PASS" start="2025-02-14T14:11:31.297895" elapsed="1.480360"/>
</kw>
<kw name="Click Specific Button" owner="keywords">
<kw name="Click Element" owner="SeleniumLibrary">
<msg time="2025-02-14T14:11:32.779292" level="INFO">Clicking element 'login-nav'.</msg>
<arg>${button}</arg>
<doc>Click the element identified by ``locator``.</doc>
<status status="PASS" start="2025-02-14T14:11:32.779066" elapsed="0.035363"/>
</kw>
<arg>${login_button}</arg>
<status status="PASS" start="2025-02-14T14:11:32.778740" elapsed="0.035956"/>
</kw>
<kw name="Input Credentials" owner="keywords">
<kw name="Input Text" owner="SeleniumLibrary">
<msg time="2025-02-14T14:11:32.815882" level="INFO">Typing text 'testUser2' into text field 'login-username'.</msg>
<arg>${username_space}</arg>
<arg>${username}</arg>
<doc>Types the given ``text`` into the text field identified by ``locator``.</doc>
<status status="PASS" start="2025-02-14T14:11:32.815652" elapsed="0.059972"/>
</kw>
<kw name="Input Text" owner="SeleniumLibrary">
<msg time="2025-02-14T14:11:32.876225" level="INFO">Typing text 'testPassword2' into text field 'login-password'.</msg>
<arg>${password_space}</arg>
<arg>${password}</arg>
<doc>Types the given ``text`` into the text field identified by ``locator``.</doc>
<status status="PASS" start="2025-02-14T14:11:32.875849" elapsed="0.044971"/>
</kw>
<arg>${valid_username}</arg>
<arg>${login_username_text_box}</arg>
<arg>${valid_password}</arg>
<arg>${login_password_text_box}</arg>
<status status="PASS" start="2025-02-14T14:11:32.815168" elapsed="0.105824"/>
</kw>
<kw name="Click Element" owner="SeleniumLibrary">
<msg time="2025-02-14T14:11:32.921785" level="INFO">Clicking element 'xpath=/html/body/main/article[3]/section/form/button'.</msg>
<arg>xpath=/html/body/main/article[3]/section/form/button</arg>
<doc>Click the element identified by ``locator``.</doc>
<status status="PASS" start="2025-02-14T14:11:32.921479" elapsed="0.035326"/>
</kw>
<kw name="Sleep" owner="BuiltIn">
<msg time="2025-02-14T14:11:35.958437" level="INFO">Slept 3 seconds.</msg>
<arg>3</arg>
<doc>Pauses the test executed for the given time.</doc>
<status status="PASS" start="2025-02-14T14:11:32.957335" elapsed="3.001344"/>
</kw>
<kw name="Teardown Suite" owner="keywords" type="TEARDOWN">
<kw name="Click Specific Button" owner="keywords">
<kw name="Click Element" owner="SeleniumLibrary">
<msg time="2025-02-14T14:11:35.960033" level="INFO">Clicking element 'logout-link'.</msg>
<arg>${button}</arg>
<doc>Click the element identified by ``locator``.</doc>
<status status="PASS" start="2025-02-14T14:11:35.959845" elapsed="0.038086"/>
</kw>
<arg>${logout_button}</arg>
<status status="PASS" start="2025-02-14T14:11:35.959564" elapsed="0.038546"/>
</kw>
<kw name="Sleep" owner="BuiltIn">
<msg time="2025-02-14T14:11:38.999433" level="INFO">Slept 3 seconds.</msg>
<arg>3</arg>
<doc>Pauses the test executed for the given time.</doc>
<status status="PASS" start="2025-02-14T14:11:35.998265" elapsed="3.001433"/>
</kw>
<kw name="Handle Alert" owner="SeleniumLibrary">
<msg time="2025-02-14T14:11:39.000163" level="INFO">HANDLE::&lt;class 'NoneType'&gt;::None</msg>
<arg>action=DISMISS</arg>
<doc>Handles the current alert and returns its message.</doc>
<status status="PASS" start="2025-02-14T14:11:38.999938" elapsed="0.003589"/>
</kw>
<kw name="Sleep" owner="BuiltIn">
<msg time="2025-02-14T14:11:42.003996" level="INFO">Slept 3 seconds.</msg>
<arg>3</arg>
<doc>Pauses the test executed for the given time.</doc>
<status status="PASS" start="2025-02-14T14:11:39.003735" elapsed="3.000476"/>
</kw>
<kw name="Close Browser" owner="SeleniumLibrary">
<doc>Closes the current browser.</doc>
<status status="PASS" start="2025-02-14T14:11:42.004391" elapsed="2.103144"/>
</kw>
<status status="PASS" start="2025-02-14T14:11:35.959253" elapsed="8.148482"/>
</kw>
<status status="PASS" start="2025-02-14T14:11:31.297222" elapsed="12.810813"/>
</test>
<status status="PASS" start="2025-02-14T14:11:31.091586" elapsed="13.017426"/>
</suite>
<statistics>
<total>
<stat pass="1" fail="0" skip="0">All Tests</stat>
</total>
<tag>
</tag>
<suite>
<stat name="Generic Test Step" id="s1" pass="1" fail="0" skip="0">Generic Test Step</stat>
</suite>
</statistics>
<errors>
</errors>
</robot>
