<?xml version="1.0" encoding="UTF-8"?>
<robot generator="Robot 7.2.2 (Python 3.13.1 on win32)" generated="2025-02-18T14:47:22.371702" rpa="false" schemaversion="5">
<suite id="s1" name="Kim M Familj" source="c:\Users\johan\GitHub\Lab1-Continuous-Integration\kim_m_familj.robot">
<test id="s1-t1" name="User books weekend safaris for their family" line="38">
<kw name="Setup Suite" owner="keywords" type="SETUP">
<kw name="Open Browser To Page" owner="keywords">
<kw name="Open Browser" owner="SeleniumLibrary">
<msg time="2025-02-18T14:47:22.804613" level="INFO">Opening browser 'chrome' to base url 'file:///C:/Users/johan/GitHub/Lab1-Continuous-Integration/Homepage\jurap.html'.</msg>
<msg time="2025-02-18T14:47:23.184293" level="WARN">The chromedriver version (132.0.6834.110) detected in PATH at C:\Users\johan\Desktop\DevTools\chromedriver-win64\chromedriver.exe might not be compatible with the detected chrome version (133.0.6943.98); currently, chromedriver 133.0.6943.98 is recommended for chrome 133.*, so it is advised to delete the driver in PATH and retry</msg>
<arg>${url}</arg>
<arg>${browser}</arg>
<doc>Opens a new browser instance to the optional ``url``.</doc>
<status status="PASS" start="2025-02-18T14:47:22.804305" elapsed="1.940411"/>
</kw>
<kw name="Title Should Be" owner="SeleniumLibrary">
<msg time="2025-02-18T14:47:24.754633" level="INFO">Page title is 'Jura-Stina-Kalle Park'.</msg>
<arg>${title}</arg>
<doc>Verifies that the current page title equals ``title``.</doc>
<status status="PASS" start="2025-02-18T14:47:24.745785" elapsed="0.009371"/>
</kw>
<arg>${url}</arg>
<arg>${browser}</arg>
<arg>${title}</arg>
<status status="PASS" start="2025-02-18T14:47:22.803426" elapsed="1.951991"/>
</kw>
<kw name="Registration" owner="keywords">
<kw name="Click Specific Button" owner="keywords">
<kw name="Click Element" owner="SeleniumLibrary">
<msg time="2025-02-18T14:47:24.757558" level="INFO">Clicking element 'xpath=/html/body/header/div/nav/ul/li[2]/a'.</msg>
<arg>${button}</arg>
<doc>Click the element identified by ``locator``.</doc>
<status status="PASS" start="2025-02-18T14:47:24.756789" elapsed="0.107241"/>
</kw>
<arg>${regin_button}</arg>
<status status="PASS" start="2025-02-18T14:47:24.756398" elapsed="0.107959"/>
</kw>
<kw name="Input Credentials" owner="keywords">
<kw name="Input Text" owner="SeleniumLibrary">
<msg time="2025-02-18T14:47:24.866476" level="INFO">Typing text 'kimSvensson' into text field 'reg-username'.</msg>
<arg>${username_space}</arg>
<arg>${username}</arg>
<doc>Types the given ``text`` into the text field identified by ``locator``.</doc>
<status status="PASS" start="2025-02-18T14:47:24.865725" elapsed="0.109275"/>
</kw>
<kw name="Input Text" owner="SeleniumLibrary">
<msg time="2025-02-18T14:47:24.975616" level="INFO">Typing text 'gatanDarJagVaxteUpp' into text field 'reg-password'.</msg>
<arg>${password_space}</arg>
<arg>${password}</arg>
<doc>Types the given ``text`` into the text field identified by ``locator``.</doc>
<status status="PASS" start="2025-02-18T14:47:24.975300" elapsed="0.103197"/>
</kw>
<arg>${username}</arg>
<arg>${username_text_box}</arg>
<arg>${password}</arg>
<arg>${password_text_box}</arg>
<status status="PASS" start="2025-02-18T14:47:24.864791" elapsed="0.213961"/>
</kw>
<kw name="Click Element" owner="SeleniumLibrary">
<msg time="2025-02-18T14:47:25.079982" level="INFO">Clicking element 'xpath=/html/body/main/article[2]/section/form/button'.</msg>
<arg>${reg_sub_button}</arg>
<doc>Click the element identified by ``locator``.</doc>
<status status="PASS" start="2025-02-18T14:47:25.078982" elapsed="0.071397"/>
</kw>
<arg>${username}</arg>
<arg>${username_text_box}</arg>
<arg>${password}</arg>
<arg>${password_text_box}</arg>
<arg>${regin_button}</arg>
<arg>${reg_sub_button}</arg>
<status status="PASS" start="2025-02-18T14:47:24.755686" elapsed="0.394951"/>
</kw>
<arg>${url_demo}</arg>
<arg>${browser}</arg>
<arg>${title_demo}</arg>
<arg>${kim_username}</arg>
<arg>${reg_username_text_box}</arg>
<arg>${kim_password}</arg>
<arg>${reg_password_text_box}</arg>
<arg>${reg_button}</arg>
<arg>${reg_submit_button}</arg>
<status status="PASS" start="2025-02-18T14:47:22.802688" elapsed="2.348103"/>
</kw>
<kw name="Given The User Is Logged In To Their Account" owner="keywords">
<kw name="Click Specific Button" owner="keywords">
<kw name="Click Element" owner="SeleniumLibrary">
<msg time="2025-02-18T14:47:25.154344" level="INFO">Clicking element 'login-nav'.</msg>
<arg>${button}</arg>
<doc>Click the element identified by ``locator``.</doc>
<status status="PASS" start="2025-02-18T14:47:25.153674" elapsed="0.081998"/>
</kw>
<arg>${login_tab}</arg>
<status status="PASS" start="2025-02-18T14:47:25.152463" elapsed="0.083422"/>
</kw>
<kw name="Input Credentials" owner="keywords">
<kw name="Input Text" owner="SeleniumLibrary">
<msg time="2025-02-18T14:47:25.236937" level="INFO">Typing text 'kimSvensson' into text field 'login-username'.</msg>
<arg>${username_space}</arg>
<arg>${username}</arg>
<doc>Types the given ``text`` into the text field identified by ``locator``.</doc>
<status status="PASS" start="2025-02-18T14:47:25.236670" elapsed="0.095147"/>
</kw>
<kw name="Input Text" owner="SeleniumLibrary">
<msg time="2025-02-18T14:47:25.332392" level="INFO">Typing text 'gatanDarJagVaxteUpp' into text field 'login-password'.</msg>
<arg>${password_space}</arg>
<arg>${password}</arg>
<doc>Types the given ``text`` into the text field identified by ``locator``.</doc>
<status status="PASS" start="2025-02-18T14:47:25.332087" elapsed="0.091369"/>
</kw>
<arg>${username}</arg>
<arg>${username_field}</arg>
<arg>${password}</arg>
<arg>${password_field}</arg>
<status status="PASS" start="2025-02-18T14:47:25.236117" elapsed="0.187702"/>
</kw>
<kw name="Click Specific Button" owner="keywords">
<kw name="Click Element" owner="SeleniumLibrary">
<msg time="2025-02-18T14:47:25.425487" level="INFO">Clicking element 'xpath=/html/body/main/article[3]/section/form/button'.</msg>
<arg>${button}</arg>
<doc>Click the element identified by ``locator``.</doc>
<status status="PASS" start="2025-02-18T14:47:25.424992" elapsed="0.053067"/>
</kw>
<arg>${submit_login_button}</arg>
<status status="PASS" start="2025-02-18T14:47:25.424136" elapsed="0.054125"/>
</kw>
<kw name="Sleep" owner="BuiltIn">
<msg time="2025-02-18T14:47:28.478862" level="INFO">Slept 3 seconds.</msg>
<arg>3</arg>
<doc>Pauses the test executed for the given time.</doc>
<status status="PASS" start="2025-02-18T14:47:25.478452" elapsed="3.000638"/>
</kw>
<arg>${login_button}</arg>
<arg>${kim_username}</arg>
<arg>${kim_password}</arg>
<arg>${login_username_text_box}</arg>
<arg>${login_password_text_box}</arg>
<arg>${login_submit_button}</arg>
<status status="PASS" start="2025-02-18T14:47:25.151397" elapsed="3.327843"/>
</kw>
<kw name="And The User Buys Tickets For Their Family" owner="keywords">
<kw name="Buy A Ticket" owner="keywords">
<kw name="Click Specific Button" owner="keywords">
<kw name="Click Element" owner="SeleniumLibrary">
<msg time="2025-02-18T14:47:28.481885" level="INFO">Clicking element 'xpath=/html/body/header/div/nav/ul/li[4]/a'.</msg>
<arg>${button}</arg>
<doc>Click the element identified by ``locator``.</doc>
<status status="PASS" start="2025-02-18T14:47:28.481644" elapsed="0.097700"/>
</kw>
<arg>${buy_ticket_button}</arg>
<status status="PASS" start="2025-02-18T14:47:28.481316" elapsed="0.098410"/>
</kw>
<kw name="Sleep" owner="BuiltIn">
<msg time="2025-02-18T14:47:33.580726" level="INFO">Slept 5 seconds.</msg>
<arg>5</arg>
<doc>Pauses the test executed for the given time.</doc>
<status status="PASS" start="2025-02-18T14:47:28.579922" elapsed="5.001040"/>
</kw>
<kw name="Select From List By Value" owner="SeleniumLibrary">
<msg time="2025-02-18T14:47:33.581486" level="INFO">Selecting options from selection list 'xpath=/html/body/main/article[4]/section/form/select[1]' by value Adult.</msg>
<arg>${type_field}</arg>
<arg>${type}</arg>
<doc>Selects options from selection list ``locator`` by ``values``.</doc>
<status status="PASS" start="2025-02-18T14:47:33.581176" elapsed="0.040006"/>
</kw>
<kw name="Select From List By Value" owner="SeleniumLibrary">
<msg time="2025-02-18T14:47:33.621990" level="INFO">Selecting options from selection list 'xpath=/html/body/main/article[4]/section/form/select[2]' by value Regular.</msg>
<arg>${cat_field}</arg>
<arg>${cat}</arg>
<doc>Selects options from selection list ``locator`` by ``values``.</doc>
<status status="PASS" start="2025-02-18T14:47:33.621665" elapsed="0.034103"/>
</kw>
<kw name="Sleep" owner="BuiltIn">
<msg time="2025-02-18T14:47:38.656660" level="INFO">Slept 5 seconds.</msg>
<arg>5</arg>
<doc>Pauses the test executed for the given time.</doc>
<status status="PASS" start="2025-02-18T14:47:33.656022" elapsed="5.000868"/>
</kw>
<kw name="Click Button" owner="SeleniumLibrary">
<msg time="2025-02-18T14:47:38.657372" level="INFO">Clicking button 'xpath=/html/body/main/article[4]/section/form/button'.</msg>
<arg>${add_to_cart_button}</arg>
<doc>Clicks the button identified by ``locator``.</doc>
<status status="PASS" start="2025-02-18T14:47:38.657091" elapsed="0.067138"/>
</kw>
<kw name="Handle Alert" owner="SeleniumLibrary">
<msg time="2025-02-18T14:47:38.724737" level="INFO">HANDLE::&lt;class 'NoneType'&gt;::None</msg>
<arg>action=DISMISS</arg>
<doc>Handles the current alert and returns its message.</doc>
<status status="PASS" start="2025-02-18T14:47:38.724509" elapsed="0.005493"/>
</kw>
<arg>${regular_ticket}</arg>
<arg>${adult_ticket_type}</arg>
<arg>${ticket_type_field}</arg>
<arg>${ticket_cat_field}</arg>
<arg>${input_of_ticket_counter}</arg>
<arg>${buy_ticket_button}</arg>
<arg>${add_to_cart_button}</arg>
<status status="PASS" start="2025-02-18T14:47:28.480810" elapsed="10.249620"/>
</kw>
<kw name="Buy A Ticket" owner="keywords">
<kw name="Click Specific Button" owner="keywords">
<kw name="Click Element" owner="SeleniumLibrary">
<msg time="2025-02-18T14:47:38.732379" level="INFO">Clicking element 'xpath=/html/body/header/div/nav/ul/li[4]/a'.</msg>
<arg>${button}</arg>
<doc>Click the element identified by ``locator``.</doc>
<status status="PASS" start="2025-02-18T14:47:38.732033" elapsed="0.061849"/>
</kw>
<arg>${buy_ticket_button}</arg>
<status status="PASS" start="2025-02-18T14:47:38.731539" elapsed="0.062555"/>
</kw>
<kw name="Sleep" owner="BuiltIn">
<msg time="2025-02-18T14:47:43.794903" level="INFO">Slept 5 seconds.</msg>
<arg>5</arg>
<doc>Pauses the test executed for the given time.</doc>
<status status="PASS" start="2025-02-18T14:47:38.794292" elapsed="5.000837"/>
</kw>
<kw name="Select From List By Value" owner="SeleniumLibrary">
<msg time="2025-02-18T14:47:43.795617" level="INFO">Selecting options from selection list 'xpath=/html/body/main/article[4]/section/form/select[1]' by value Adult.</msg>
<arg>${type_field}</arg>
<arg>${type}</arg>
<doc>Selects options from selection list ``locator`` by ``values``.</doc>
<status status="PASS" start="2025-02-18T14:47:43.795334" elapsed="0.029061"/>
</kw>
<kw name="Select From List By Value" owner="SeleniumLibrary">
<msg time="2025-02-18T14:47:43.825035" level="INFO">Selecting options from selection list 'xpath=/html/body/main/article[4]/section/form/select[2]' by value VIP.</msg>
<arg>${cat_field}</arg>
<arg>${cat}</arg>
<doc>Selects options from selection list ``locator`` by ``values``.</doc>
<status status="PASS" start="2025-02-18T14:47:43.824703" elapsed="0.050870"/>
</kw>
<kw name="Sleep" owner="BuiltIn">
<msg time="2025-02-18T14:47:48.876513" level="INFO">Slept 5 seconds.</msg>
<arg>5</arg>
<doc>Pauses the test executed for the given time.</doc>
<status status="PASS" start="2025-02-18T14:47:43.875833" elapsed="5.000979"/>
</kw>
<kw name="Click Button" owner="SeleniumLibrary">
<msg time="2025-02-18T14:47:48.877275" level="INFO">Clicking button 'xpath=/html/body/main/article[4]/section/form/button'.</msg>
<arg>${add_to_cart_button}</arg>
<doc>Clicks the button identified by ``locator``.</doc>
<status status="PASS" start="2025-02-18T14:47:48.877014" elapsed="0.061624"/>
</kw>
<kw name="Handle Alert" owner="SeleniumLibrary">
<msg time="2025-02-18T14:47:48.939105" level="INFO">HANDLE::&lt;class 'NoneType'&gt;::None</msg>
<arg>action=DISMISS</arg>
<doc>Handles the current alert and returns its message.</doc>
<status status="PASS" start="2025-02-18T14:47:48.938889" elapsed="0.004382"/>
</kw>
<arg>${vip_ticket}</arg>
<arg>${adult_ticket_type}</arg>
<arg>${ticket_type_field}</arg>
<arg>${ticket_cat_field}</arg>
<arg>${input_of_ticket_counter}</arg>
<arg>${buy_ticket_button}</arg>
<arg>${add_to_cart_button}</arg>
<status status="PASS" start="2025-02-18T14:47:38.730849" elapsed="10.212671"/>
</kw>
<kw name="Buy More Than One Ticket" owner="keywords">
<kw name="Click Specific Button" owner="keywords">
<kw name="Click Element" owner="SeleniumLibrary">
<msg time="2025-02-18T14:47:48.945018" level="INFO">Clicking element 'xpath=/html/body/header/div/nav/ul/li[4]/a'.</msg>
<arg>${button}</arg>
<doc>Click the element identified by ``locator``.</doc>
<status status="PASS" start="2025-02-18T14:47:48.944753" elapsed="0.067316"/>
</kw>
<arg>${button_one}</arg>
<status status="PASS" start="2025-02-18T14:47:48.944397" elapsed="0.068108"/>
</kw>
<kw name="Sleep" owner="BuiltIn">
<msg time="2025-02-18T14:47:54.013303" level="INFO">Slept 5 seconds.</msg>
<arg>5</arg>
<doc>Pauses the test executed for the given time.</doc>
<status status="PASS" start="2025-02-18T14:47:49.012747" elapsed="5.000782"/>
</kw>
<kw name="Select From List By Value" owner="SeleniumLibrary">
<msg time="2025-02-18T14:47:54.014034" level="INFO">Selecting options from selection list 'xpath=/html/body/main/article[4]/section/form/select[1]' by value Child.</msg>
<arg>${type_field}</arg>
<arg>${type}</arg>
<doc>Selects options from selection list ``locator`` by ``values``.</doc>
<status status="PASS" start="2025-02-18T14:47:54.013739" elapsed="0.056124"/>
</kw>
<kw name="Select From List By Value" owner="SeleniumLibrary">
<msg time="2025-02-18T14:47:54.070647" level="INFO">Selecting options from selection list 'xpath=/html/body/main/article[4]/section/form/select[2]' by value VIP.</msg>
<arg>${cat_field}</arg>
<arg>${cat}</arg>
<doc>Selects options from selection list ``locator`` by ``values``.</doc>
<status status="PASS" start="2025-02-18T14:47:54.070175" elapsed="0.056289"/>
</kw>
<while condition="True" limit="${amount}" on_limit="pass">
<iter>
<kw name="Increase value" owner="keywords">
<kw name="Press Keys" owner="SeleniumLibrary">
<msg time="2025-02-18T14:47:54.128009" level="INFO">Sending key(s) ('ARROW_UP',) to id=ticket-quantity element.</msg>
<msg time="2025-02-18T14:47:54.421988" level="INFO">Pressing special key ARROW_UP to element.</msg>
<msg time="2025-02-18T14:47:54.422216" level="INFO">Releasing special key ARROW_UP.</msg>
<arg>${input_id}</arg>
<arg>${direction}</arg>
<doc>Simulates the user pressing key(s) to an element or on the active browser.</doc>
<status status="PASS" start="2025-02-18T14:47:54.127596" elapsed="0.300231"/>
</kw>
<arg>${input_counter}</arg>
<arg>ARROW_UP</arg>
<status status="PASS" start="2025-02-18T14:47:54.127238" elapsed="0.300800"/>
</kw>
<status status="PASS" start="2025-02-18T14:47:54.126742" elapsed="0.301459"/>
</iter>
<msg time="2025-02-18T14:47:54.428428" level="INFO">WHILE loop was aborted because it did not finish within the limit of 1 iterations. Use the 'limit' argument to increase or remove the limit if needed.</msg>
<status status="PASS" start="2025-02-18T14:47:54.126740" elapsed="0.301813"/>
</while>
<kw name="Sleep" owner="BuiltIn">
<msg time="2025-02-18T14:47:59.429373" level="INFO">Slept 5 seconds.</msg>
<arg>5</arg>
<doc>Pauses the test executed for the given time.</doc>
<status status="PASS" start="2025-02-18T14:47:54.428747" elapsed="5.000850"/>
</kw>
<kw name="Click Button" owner="SeleniumLibrary">
<msg time="2025-02-18T14:47:59.430067" level="INFO">Clicking button 'xpath=/html/body/main/article[4]/section/form/button'.</msg>
<arg>${button_two}</arg>
<doc>Clicks the button identified by ``locator``.</doc>
<status status="PASS" start="2025-02-18T14:47:59.429794" elapsed="0.058485"/>
</kw>
<kw name="Handle Alert" owner="SeleniumLibrary">
<msg time="2025-02-18T14:47:59.488903" level="INFO">HANDLE::&lt;class 'NoneType'&gt;::None</msg>
<arg>action=DISMISS</arg>
<doc>Handles the current alert and returns its message.</doc>
<status status="PASS" start="2025-02-18T14:47:59.488666" elapsed="0.004530"/>
</kw>
<arg>${vip_ticket}</arg>
<arg>${child_ticket_type}</arg>
<arg>1</arg>
<arg>${ticket_type_field}</arg>
<arg>${ticket_cat_field}</arg>
<arg>${input_of_ticket_counter}</arg>
<arg>${buy_ticket_button}</arg>
<arg>${add_to_cart_button}</arg>
<status status="PASS" start="2025-02-18T14:47:48.943816" elapsed="10.549594"/>
</kw>
<arg>${buy_ticket_button}</arg>
<arg>${regular_ticket}</arg>
<arg>${vip_ticket}</arg>
<arg>${adult_ticket_type}</arg>
<arg>${child_ticket_type}</arg>
<arg>${ticket_type_field}</arg>
<arg>${ticket_cat_field}</arg>
<arg>${input_of_ticket_counter}</arg>
<arg>${add_to_cart_button}</arg>
<status status="PASS" start="2025-02-18T14:47:28.480034" elapsed="31.013518"/>
</kw>
<kw name="When The User Books Weekend Safaris For Their Family" owner="keywords">
<kw name="Book Safari" owner="keywords">
<kw name="Click Element" owner="SeleniumLibrary">
<msg time="2025-02-18T14:47:59.498262" level="INFO">Clicking element 'xpath=/html/body/header/div/nav/ul/li[5]/a'.</msg>
<arg>${saf_button}</arg>
<doc>Click the element identified by ``locator``.</doc>
<status status="PASS" start="2025-02-18T14:47:59.496634" elapsed="0.097292"/>
</kw>
<kw name="Sleep" owner="BuiltIn">
<msg time="2025-02-18T14:48:04.597226" level="INFO">Slept 5 seconds.</msg>
<arg>5</arg>
<doc>Pauses the test executed for the given time.</doc>
<status status="PASS" start="2025-02-18T14:47:59.594379" elapsed="5.003077"/>
</kw>
<kw name="Input Text" owner="SeleniumLibrary">
<msg time="2025-02-18T14:48:04.597972" level="INFO">Typing text '002025-03-14' into text field 'id=safari-date'.</msg>
<arg>${saf_date_field}</arg>
<arg>${date}</arg>
<doc>Types the given ``text`` into the text field identified by ``locator``.</doc>
<status status="PASS" start="2025-02-18T14:48:04.597661" elapsed="0.055930"/>
</kw>
<kw name="Sleep" owner="BuiltIn">
<msg time="2025-02-18T14:48:09.654750" level="INFO">Slept 5 seconds.</msg>
<arg>5</arg>
<doc>Pauses the test executed for the given time.</doc>
<status status="PASS" start="2025-02-18T14:48:04.653839" elapsed="5.001147"/>
</kw>
<kw name="Select From List By Value" owner="SeleniumLibrary">
<msg time="2025-02-18T14:48:09.655478" level="INFO">Selecting options from selection list 'xpath=/html/body/main/article[5]/section/form/select' by value Herbivore Tour with Feeding.</msg>
<arg>${saf_type_field}</arg>
<arg>${saf_type}</arg>
<doc>Selects options from selection list ``locator`` by ``values``.</doc>
<status status="PASS" start="2025-02-18T14:48:09.655184" elapsed="0.051366"/>
</kw>
<kw name="Sleep" owner="BuiltIn">
<msg time="2025-02-18T14:48:14.707982" level="INFO">Slept 5 seconds.</msg>
<arg>5</arg>
<doc>Pauses the test executed for the given time.</doc>
<status status="PASS" start="2025-02-18T14:48:09.706846" elapsed="5.001379"/>
</kw>
<kw name="Click Element" owner="SeleniumLibrary">
<msg time="2025-02-18T14:48:14.708782" level="INFO">Clicking element 'xpath=/html/body/main/article[5]/section/form/button'.</msg>
<arg>${saf_sub_button}</arg>
<doc>Click the element identified by ``locator``.</doc>
<status status="PASS" start="2025-02-18T14:48:14.708460" elapsed="0.047299"/>
</kw>
<kw name="Sleep" owner="BuiltIn">
<msg time="2025-02-18T14:48:19.756620" level="INFO">Slept 5 seconds.</msg>
<arg>5</arg>
<doc>Pauses the test executed for the given time.</doc>
<status status="PASS" start="2025-02-18T14:48:14.756024" elapsed="5.000823"/>
</kw>
<kw name="Handle Alert" owner="SeleniumLibrary">
<msg time="2025-02-18T14:48:19.757250" level="INFO">HANDLE::&lt;class 'NoneType'&gt;::None</msg>
<arg>action=DISMISS</arg>
<doc>Handles the current alert and returns its message.</doc>
<status status="PASS" start="2025-02-18T14:48:19.757049" elapsed="0.005495"/>
</kw>
<arg>${safari_button}</arg>
<arg>${safari_date_field}</arg>
<arg>${kim_safari_date}</arg>
<arg>${safari_type_field}</arg>
<arg>${safari_type_herbivor_tour_feeding}</arg>
<arg>${safari_submit_button}</arg>
<status status="PASS" start="2025-02-18T14:47:59.495498" elapsed="20.267485"/>
</kw>
<kw name="Book Safari" owner="keywords">
<kw name="Click Element" owner="SeleniumLibrary">
<msg time="2025-02-18T14:48:19.765722" level="INFO">Clicking element 'xpath=/html/body/header/div/nav/ul/li[5]/a'.</msg>
<arg>${saf_button}</arg>
<doc>Click the element identified by ``locator``.</doc>
<status status="PASS" start="2025-02-18T14:48:19.765013" elapsed="0.091476"/>
</kw>
<kw name="Sleep" owner="BuiltIn">
<msg time="2025-02-18T14:48:24.857486" level="INFO">Slept 5 seconds.</msg>
<arg>5</arg>
<doc>Pauses the test executed for the given time.</doc>
<status status="PASS" start="2025-02-18T14:48:19.856953" elapsed="5.000752"/>
</kw>
<kw name="Input Text" owner="SeleniumLibrary">
<msg time="2025-02-18T14:48:24.858204" level="INFO">Typing text '002025-03-14' into text field 'id=safari-date'.</msg>
<arg>${saf_date_field}</arg>
<arg>${date}</arg>
<doc>Types the given ``text`` into the text field identified by ``locator``.</doc>
<status status="PASS" start="2025-02-18T14:48:24.857909" elapsed="0.053739"/>
</kw>
<kw name="Sleep" owner="BuiltIn">
<msg time="2025-02-18T14:48:29.912817" level="INFO">Slept 5 seconds.</msg>
<arg>5</arg>
<doc>Pauses the test executed for the given time.</doc>
<status status="PASS" start="2025-02-18T14:48:24.911887" elapsed="5.001158"/>
</kw>
<kw name="Select From List By Value" owner="SeleniumLibrary">
<msg time="2025-02-18T14:48:29.913532" level="INFO">Selecting options from selection list 'xpath=/html/body/main/article[5]/section/form/select' by value T-Rex Rumble eXtreme Thrill Pack.</msg>
<arg>${saf_type_field}</arg>
<arg>${saf_type}</arg>
<doc>Selects options from selection list ``locator`` by ``values``.</doc>
<status status="PASS" start="2025-02-18T14:48:29.913239" elapsed="0.048722"/>
</kw>
<kw name="Sleep" owner="BuiltIn">
<msg time="2025-02-18T14:48:34.963415" level="INFO">Slept 5 seconds.</msg>
<arg>5</arg>
<doc>Pauses the test executed for the given time.</doc>
<status status="PASS" start="2025-02-18T14:48:29.962205" elapsed="5.001446"/>
</kw>
<kw name="Click Element" owner="SeleniumLibrary">
<msg time="2025-02-18T14:48:34.964124" level="INFO">Clicking element 'xpath=/html/body/main/article[5]/section/form/button'.</msg>
<arg>${saf_sub_button}</arg>
<doc>Click the element identified by ``locator``.</doc>
<status status="PASS" start="2025-02-18T14:48:34.963860" elapsed="0.044569"/>
</kw>
<kw name="Sleep" owner="BuiltIn">
<msg time="2025-02-18T14:48:40.009218" level="INFO">Slept 5 seconds.</msg>
<arg>5</arg>
<doc>Pauses the test executed for the given time.</doc>
<status status="PASS" start="2025-02-18T14:48:35.008709" elapsed="5.000765"/>
</kw>
<kw name="Handle Alert" owner="SeleniumLibrary">
<msg time="2025-02-18T14:48:40.009888" level="INFO">HANDLE::&lt;class 'NoneType'&gt;::None</msg>
<arg>action=DISMISS</arg>
<doc>Handles the current alert and returns its message.</doc>
<status status="PASS" start="2025-02-18T14:48:40.009685" elapsed="0.004549"/>
</kw>
<arg>${safari_button}</arg>
<arg>${safari_date_field}</arg>
<arg>${kim_safari_date}</arg>
<arg>${safari_type_field}</arg>
<arg>${safari_type_t_rex_rumble_thrill}</arg>
<arg>${safari_submit_button}</arg>
<status status="PASS" start="2025-02-18T14:48:19.763615" elapsed="20.251054"/>
</kw>
<arg>${safari_button}</arg>
<arg>${safari_date_field}</arg>
<arg>${kim_safari_date}</arg>
<arg>${safari_type_field}</arg>
<arg>${safari_type_herbivor_tour_feeding}</arg>
<arg>${safari_submit_button}</arg>
<arg>${safari_type_t_rex_rumble_thrill}</arg>
<status status="PASS" start="2025-02-18T14:47:59.494233" elapsed="40.520835"/>
</kw>
<kw name="Then The Date Of The Safari Bookings Are Correct" owner="keywords">
<kw name="Click Specific Button" owner="keywords">
<kw name="Click Element" owner="SeleniumLibrary">
<msg time="2025-02-18T14:48:40.017781" level="INFO">Clicking element 'xpath=//*[@id="cart-nav"]'.</msg>
<arg>${button}</arg>
<doc>Click the element identified by ``locator``.</doc>
<status status="PASS" start="2025-02-18T14:48:40.017382" elapsed="0.100897"/>
</kw>
<arg>${cart_tab_xpath}</arg>
<status status="PASS" start="2025-02-18T14:48:40.016885" elapsed="0.101576"/>
</kw>
<kw name="Get WebElements" owner="SeleniumLibrary">
<msg time="2025-02-18T14:48:40.135409" level="INFO">${elements} = [&lt;selenium.webdriver.remote.webelement.WebElement (session="f98b9c56d5a544cfcc181c4c2b8a53ca", element="f.1222FA75A9A1F862710DD8A1E82B328D.d.F5B7B20CAE4DAF0030D6E95A662BED70.e.58")&gt;, &lt;selenium.webdriv...</msg>
<var>${elements}</var>
<arg>${cart_list_xpath}</arg>
<doc>Returns a list of WebElement objects matching the ``locator``.</doc>
<status status="PASS" start="2025-02-18T14:48:40.118635" elapsed="0.017006"/>
</kw>
<kw name="Create List" owner="BuiltIn">
<msg time="2025-02-18T14:48:40.136588" level="INFO">${filtered_items} = []</msg>
<var>${filtered_items}</var>
<doc>Returns a list containing given items.</doc>
<status status="PASS" start="2025-02-18T14:48:40.136009" elapsed="0.000963"/>
</kw>
<for flavor="IN">
<iter>
<kw name="Get Text" owner="SeleniumLibrary">
<msg time="2025-02-18T14:48:40.159772" level="INFO">${text} = 1 Regular Adult Ticket(s) - $50
Remove</msg>
<var>${text}</var>
<arg>${el}</arg>
<doc>Returns the text value of the element identified by ``locator``.</doc>
<status status="PASS" start="2025-02-18T14:48:40.138637" elapsed="0.021437"/>
</kw>
<if>
<branch type="IF" condition="$safari_keyword_1 in $text or $safari_keyword_2 in $text">
<kw name="Append To List" owner="Collections">
<arg>${filtered_items}</arg>
<arg>${text}</arg>
<doc>Adds ``values`` to the end of ``list``.</doc>
<status status="NOT RUN" start="2025-02-18T14:48:40.160991" elapsed="0.000120"/>
</kw>
<status status="NOT RUN" start="2025-02-18T14:48:40.160402" elapsed="0.000839"/>
</branch>
<status status="PASS" start="2025-02-18T14:48:40.160332" elapsed="0.001033"/>
</if>
<var name="${el}">&lt;selenium.webdriver.remote.webelement.WebElement (session="f98b9c56d5a544cfcc181c4c2b8a53ca", element="f.1222FA75A9A1F862710DD8A1E82B328D.d.F5B7B20CAE4DAF0030D6E95A662BED70.e.58")&gt;</var>
<status status="PASS" start="2025-02-18T14:48:40.138207" elapsed="0.023195"/>
</iter>
<iter>
<kw name="Get Text" owner="SeleniumLibrary">
<msg time="2025-02-18T14:48:40.171082" level="INFO">${text} = 1 VIP Adult Ticket(s) - $100
Remove</msg>
<var>${text}</var>
<arg>${el}</arg>
<doc>Returns the text value of the element identified by ``locator``.</doc>
<status status="PASS" start="2025-02-18T14:48:40.161861" elapsed="0.009675"/>
</kw>
<if>
<branch type="IF" condition="$safari_keyword_1 in $text or $safari_keyword_2 in $text">
<kw name="Append To List" owner="Collections">
<arg>${filtered_items}</arg>
<arg>${text}</arg>
<doc>Adds ``values`` to the end of ``list``.</doc>
<status status="NOT RUN" start="2025-02-18T14:48:40.172758" elapsed="0.000220"/>
</kw>
<status status="NOT RUN" start="2025-02-18T14:48:40.171969" elapsed="0.001175"/>
</branch>
<status status="PASS" start="2025-02-18T14:48:40.171886" elapsed="0.001400"/>
</if>
<var name="${el}">&lt;selenium.webdriver.remote.webelement.WebElement (session="f98b9c56d5a544cfcc181c4c2b8a53ca", element="f.1222FA75A9A1F862710DD8A1E82B328D.d.F5B7B20CAE4DAF0030D6E95A662BED70.e.59")&gt;</var>
<status status="PASS" start="2025-02-18T14:48:40.161668" elapsed="0.011729"/>
</iter>
<iter>
<kw name="Get Text" owner="SeleniumLibrary">
<msg time="2025-02-18T14:48:40.181727" level="INFO">${text} = 2 VIP Child Ticket(s) - $120
Remove</msg>
<var>${text}</var>
<arg>${el}</arg>
<doc>Returns the text value of the element identified by ``locator``.</doc>
<status status="PASS" start="2025-02-18T14:48:40.174151" elapsed="0.007757"/>
</kw>
<if>
<branch type="IF" condition="$safari_keyword_1 in $text or $safari_keyword_2 in $text">
<kw name="Append To List" owner="Collections">
<arg>${filtered_items}</arg>
<arg>${text}</arg>
<doc>Adds ``values`` to the end of ``list``.</doc>
<status status="NOT RUN" start="2025-02-18T14:48:40.182409" elapsed="0.000100"/>
</kw>
<status status="NOT RUN" start="2025-02-18T14:48:40.182084" elapsed="0.000531"/>
</branch>
<status status="PASS" start="2025-02-18T14:48:40.182058" elapsed="0.000656"/>
</if>
<var name="${el}">&lt;selenium.webdriver.remote.webelement.WebElement (session="f98b9c56d5a544cfcc181c4c2b8a53ca", element="f.1222FA75A9A1F862710DD8A1E82B328D.d.F5B7B20CAE4DAF0030D6E95A662BED70.e.60")&gt;</var>
<status status="PASS" start="2025-02-18T14:48:40.173831" elapsed="0.008919"/>
</iter>
<iter>
<kw name="Get Text" owner="SeleniumLibrary">
<msg time="2025-02-18T14:48:40.192171" level="INFO">${text} = Herbivore Tour with Feeding on 2025-03-14 - $180
Remove</msg>
<var>${text}</var>
<arg>${el}</arg>
<doc>Returns the text value of the element identified by ``locator``.</doc>
<status status="PASS" start="2025-02-18T14:48:40.183199" elapsed="0.009147"/>
</kw>
<if>
<branch type="IF" condition="$safari_keyword_1 in $text or $safari_keyword_2 in $text">
<kw name="Append To List" owner="Collections">
<arg>${filtered_items}</arg>
<arg>${text}</arg>
<doc>Adds ``values`` to the end of ``list``.</doc>
<status status="PASS" start="2025-02-18T14:48:40.192822" elapsed="0.000621"/>
</kw>
<status status="PASS" start="2025-02-18T14:48:40.192522" elapsed="0.001029"/>
</branch>
<status status="PASS" start="2025-02-18T14:48:40.192488" elapsed="0.001160"/>
</if>
<var name="${el}">&lt;selenium.webdriver.remote.webelement.WebElement (session="f98b9c56d5a544cfcc181c4c2b8a53ca", element="f.1222FA75A9A1F862710DD8A1E82B328D.d.F5B7B20CAE4DAF0030D6E95A662BED70.e.61")&gt;</var>
<status status="PASS" start="2025-02-18T14:48:40.182990" elapsed="0.010690"/>
</iter>
<iter>
<kw name="Get Text" owner="SeleniumLibrary">
<msg time="2025-02-18T14:48:40.202185" level="INFO">${text} = T-Rex Rumble eXtreme Thrill Pack on 2025-03-14 - $220
Remove</msg>
<var>${text}</var>
<arg>${el}</arg>
<doc>Returns the text value of the element identified by ``locator``.</doc>
<status status="PASS" start="2025-02-18T14:48:40.194034" elapsed="0.008565"/>
</kw>
<if>
<branch type="IF" condition="$safari_keyword_1 in $text or $safari_keyword_2 in $text">
<kw name="Append To List" owner="Collections">
<arg>${filtered_items}</arg>
<arg>${text}</arg>
<doc>Adds ``values`` to the end of ``list``.</doc>
<status status="PASS" start="2025-02-18T14:48:40.204195" elapsed="0.000538"/>
</kw>
<status status="PASS" start="2025-02-18T14:48:40.202940" elapsed="0.001964"/>
</branch>
<status status="PASS" start="2025-02-18T14:48:40.202886" elapsed="0.002140"/>
</if>
<var name="${el}">&lt;selenium.webdriver.remote.webelement.WebElement (session="f98b9c56d5a544cfcc181c4c2b8a53ca", element="f.1222FA75A9A1F862710DD8A1E82B328D.d.F5B7B20CAE4DAF0030D6E95A662BED70.e.62")&gt;</var>
<status status="PASS" start="2025-02-18T14:48:40.193881" elapsed="0.011185"/>
</iter>
<var>${el}</var>
<value>@{elements}</value>
<status status="PASS" start="2025-02-18T14:48:40.137394" elapsed="0.067805"/>
</for>
<kw name="Should Not Be Empty" owner="BuiltIn">
<msg time="2025-02-18T14:48:40.205730" level="INFO">Length is 2.</msg>
<arg>${filtered_items}</arg>
<arg>No items found with first-string!</arg>
<doc>Verifies that the given item is not empty.</doc>
<status status="PASS" start="2025-02-18T14:48:40.205416" elapsed="0.000515"/>
</kw>
<for flavor="IN">
<iter>
<kw name="Should Contain" owner="BuiltIn">
<arg>${item}</arg>
<arg>${expected_safari_date}</arg>
<doc>Fails if ``container`` does not contain ``item`` one or more times.</doc>
<status status="PASS" start="2025-02-18T14:48:40.206598" elapsed="0.000497"/>
</kw>
<var name="${item}">Herbivore Tour with Feeding on 2025-03-14 - $180
Remove</var>
<status status="PASS" start="2025-02-18T14:48:40.206350" elapsed="0.001002"/>
</iter>
<iter>
<kw name="Should Contain" owner="BuiltIn">
<arg>${item}</arg>
<arg>${expected_safari_date}</arg>
<doc>Fails if ``container`` does not contain ``item`` one or more times.</doc>
<status status="PASS" start="2025-02-18T14:48:40.208329" elapsed="0.000517"/>
</kw>
<var name="${item}">T-Rex Rumble eXtreme Thrill Pack on 2025-03-14 - $220
Remove</var>
<status status="PASS" start="2025-02-18T14:48:40.207732" elapsed="0.001498"/>
</iter>
<var>${item}</var>
<value>@{filtered_items}</value>
<status status="PASS" start="2025-02-18T14:48:40.206088" elapsed="0.003394"/>
</for>
<arg>${cart_list_xpath}</arg>
<arg>${cart_tab_xpath}</arg>
<arg>${safari_type_herbivor_tour_feeding}</arg>
<arg>${safari_type_t_rex_rumble_thrill}</arg>
<arg>${kim_expected_safari_date}</arg>
<status status="PASS" start="2025-02-18T14:48:40.016221" elapsed="0.193582"/>
</kw>
<kw name="Teardown Suite" owner="keywords" type="TEARDOWN">
<kw name="Close Browser" owner="SeleniumLibrary">
<doc>Closes the current browser.</doc>
<status status="PASS" start="2025-02-18T14:48:40.211954" elapsed="2.271242"/>
</kw>
<status status="PASS" start="2025-02-18T14:48:40.210967" elapsed="2.272442"/>
</kw>
<status status="PASS" start="2025-02-18T14:47:22.801845" elapsed="79.682188"/>
</test>
<status status="PASS" start="2025-02-18T14:47:22.376841" elapsed="80.108634"/>
</suite>
<statistics>
<total>
<stat pass="1" fail="0" skip="0">All Tests</stat>
</total>
<tag>
</tag>
<suite>
<stat name="Kim M Familj" id="s1" pass="1" fail="0" skip="0">Kim M Familj</stat>
</suite>
</statistics>
<errors>
<msg time="2025-02-18T14:47:23.184293" level="WARN">The chromedriver version (132.0.6834.110) detected in PATH at C:\Users\johan\Desktop\DevTools\chromedriver-win64\chromedriver.exe might not be compatible with the detected chrome version (133.0.6943.98); currently, chromedriver 133.0.6943.98 is recommended for chrome 133.*, so it is advised to delete the driver in PATH and retry</msg>
</errors>
</robot>
