<?xml version="1.0" encoding="UTF-8"?>
<robot generator="Robot 7.2.2 (Python 3.13.1 on win32)" generated="2025-03-07T09:36:42.141525" rpa="false" schemaversion="5">
<suite id="s1" name="Generic Tests" source="c:\Users\johan\GitHub\Lab1-Continuous-Integration\tests\generic_tests.robot">
<test id="s1-t1" name="Booking 1 regular adult ticket" line="38">
<kw name="Setup Suite Open Page And Register User" owner="keywords" type="SETUP">
<kw name="Open Browser" owner="SeleniumLibrary">
<msg time="2025-03-07T09:36:42.704918" level="INFO">Opening browser 'headlesschrome' to base url 'file:///C:\Users\johan\GitHub\Lab1-Continuous-Integration/webpage/jurap.html'.</msg>
<msg time="2025-03-07T09:36:43.120307" level="WARN">The chromedriver version (132.0.6834.110) detected in PATH at C:\Users\johan\Desktop\DevTools\chromedriver-win64\chromedriver.exe might not be compatible with the detected chrome version (133.0.6943.143); currently, chromedriver 133.0.6943.141 is recommended for chrome 133.*, so it is advised to delete the driver in PATH and retry</msg>
<arg>${html_path}</arg>
<arg>${browser}</arg>
<arg>${browser_options}</arg>
<doc>Opens a new browser instance to the optional ``url``.</doc>
<status status="PASS" start="2025-03-07T09:36:42.704552" elapsed="2.785593"/>
</kw>
<kw name="User Is Registered" owner="login_and_registration_keywords">
<kw name="User Registers Username" owner="login_and_registration_keywords">
<kw name="User Navigates To Register Section" owner="button_and_navigation_keywords">
<kw name="Press Register Button" owner="button_and_navigation_keywords">
<kw name="Wait Until Element Is Visible" owner="SeleniumLibrary">
<arg>${reg_button}</arg>
<arg>2s</arg>
<doc>Waits until the element ``locator`` is visible.</doc>
<status status="PASS" start="2025-03-07T09:36:45.497717" elapsed="0.061238"/>
</kw>
<kw name="Click Specific Button" owner="button_and_navigation_keywords">
<kw name="Click Element" owner="SeleniumLibrary">
<msg time="2025-03-07T09:36:45.559926" level="INFO">Clicking element 'xpath=/html/body/header/div/nav/ul/li[2]/a'.</msg>
<arg>${button}</arg>
<doc>Click the element identified by ``locator``.</doc>
<status status="PASS" start="2025-03-07T09:36:45.559679" elapsed="0.073667"/>
</kw>
<arg>${reg_button}</arg>
<status status="PASS" start="2025-03-07T09:36:45.559285" elapsed="0.074301"/>
</kw>
<status status="PASS" start="2025-03-07T09:36:45.496851" elapsed="0.136900"/>
</kw>
<kw name="Wait Until Page Contains Element" owner="SeleniumLibrary">
<arg>${reg_section}</arg>
<arg>5s</arg>
<doc>Waits until the element ``locator`` appears on the current page.</doc>
<status status="PASS" start="2025-03-07T09:36:45.633983" elapsed="0.014328"/>
</kw>
<status status="PASS" start="2025-03-07T09:36:45.495559" elapsed="0.153017"/>
</kw>
<kw name="Page Is Opened To Registration Section" owner="button_and_navigation_keywords">
<kw name="Press Register Button" owner="button_and_navigation_keywords">
<kw name="Wait Until Element Is Visible" owner="SeleniumLibrary">
<arg>${reg_button}</arg>
<arg>2s</arg>
<doc>Waits until the element ``locator`` is visible.</doc>
<status status="PASS" start="2025-03-07T09:36:45.649491" elapsed="0.016794"/>
</kw>
<kw name="Click Specific Button" owner="button_and_navigation_keywords">
<kw name="Click Element" owner="SeleniumLibrary">
<msg time="2025-03-07T09:36:45.668780" level="INFO">Clicking element 'xpath=/html/body/header/div/nav/ul/li[2]/a'.</msg>
<arg>${button}</arg>
<doc>Click the element identified by ``locator``.</doc>
<status status="PASS" start="2025-03-07T09:36:45.668165" elapsed="0.049242"/>
</kw>
<arg>${reg_button}</arg>
<status status="PASS" start="2025-03-07T09:36:45.666872" elapsed="0.050997"/>
</kw>
<status status="PASS" start="2025-03-07T09:36:45.649203" elapsed="0.068910"/>
</kw>
<kw name="Page Should Contain Element" owner="SeleniumLibrary">
<msg time="2025-03-07T09:36:45.729267" level="INFO">Current page contains element 'id=register-form'.</msg>
<arg>${reg_section}</arg>
<arg>5s</arg>
<doc>Verifies that element ``locator`` is found on the current page.</doc>
<status status="PASS" start="2025-03-07T09:36:45.718450" elapsed="0.011079"/>
</kw>
<doc>This keyword executes and verifies navigation to user registration section.</doc>
<status status="PASS" start="2025-03-07T09:36:45.648846" elapsed="0.080844"/>
</kw>
<kw name="User Enters Registration Credentials" owner="login_and_registration_keywords">
<kw name="Input Credentials" owner="login_and_registration_keywords">
<kw name="Input Text" owner="SeleniumLibrary">
<msg time="2025-03-07T09:36:45.731160" level="INFO">Typing text 'testUser2' into text field 'reg-username'.</msg>
<arg>${username_space}</arg>
<arg>${username}</arg>
<doc>Types the given ``text`` into the text field identified by ``locator``.</doc>
<status status="PASS" start="2025-03-07T09:36:45.730875" elapsed="0.099062"/>
</kw>
<kw name="Input Text" owner="SeleniumLibrary">
<msg time="2025-03-07T09:36:45.830685" level="INFO">Typing text 'testPassword2' into text field 'reg-password'.</msg>
<arg>${password_space}</arg>
<arg>${password}</arg>
<doc>Types the given ``text`` into the text field identified by ``locator``.</doc>
<status status="PASS" start="2025-03-07T09:36:45.830308" elapsed="0.083231"/>
</kw>
<arg>${username}</arg>
<arg>${reg_username_text_box}</arg>
<arg>${password}</arg>
<arg>${reg_password_text_box}</arg>
<status status="PASS" start="2025-03-07T09:36:45.730433" elapsed="0.183352"/>
</kw>
<arg>${username}</arg>
<arg>${password}</arg>
<doc>This keyword enters username and password into registration fields.</doc>
<status status="PASS" start="2025-03-07T09:36:45.729953" elapsed="0.183967"/>
</kw>
<kw name="Press Register Submit Button" owner="button_and_navigation_keywords">
<kw name="Wait Until Element Is Visible" owner="SeleniumLibrary">
<arg>${reg_submit_button}</arg>
<arg>2s</arg>
<doc>Waits until the element ``locator`` is visible.</doc>
<status status="PASS" start="2025-03-07T09:36:45.914449" elapsed="0.022467"/>
</kw>
<kw name="Click Specific Button" owner="button_and_navigation_keywords">
<kw name="Click Element" owner="SeleniumLibrary">
<msg time="2025-03-07T09:36:45.938408" level="INFO">Clicking element 'xpath=/html/body/main/article[2]/section/form/button'.</msg>
<arg>${button}</arg>
<doc>Click the element identified by ``locator``.</doc>
<status status="PASS" start="2025-03-07T09:36:45.938182" elapsed="0.064113"/>
</kw>
<arg>${reg_submit_button}</arg>
<status status="PASS" start="2025-03-07T09:36:45.937699" elapsed="0.064860"/>
</kw>
<status status="PASS" start="2025-03-07T09:36:45.914132" elapsed="0.088560"/>
</kw>
<arg>${username}</arg>
<arg>${password}</arg>
<doc>This keyword executes registration process of user, without verification.</doc>
<status status="PASS" start="2025-03-07T09:36:45.494141" elapsed="0.508660"/>
</kw>
<kw name="User Should Be Registered" owner="login_and_registration_keywords">
<kw name="Execute Javascript" owner="SeleniumLibrary">
<msg time="2025-03-07T09:36:46.004419" level="INFO">Executing JavaScript:
let users = getUsers();return users.some(u =&gt; u.username === 'testUser2');
Without any arguments.</msg>
<msg time="2025-03-07T09:36:46.015783" level="INFO">${userRegistered} = True</msg>
<var>${userRegistered}</var>
<arg>let users = getUsers();</arg>
<arg>return users.some(u =&gt; u.username === '${username}');</arg>
<doc>Executes the given JavaScript code with possible arguments.</doc>
<status status="PASS" start="2025-03-07T09:36:46.003621" elapsed="0.012466"/>
</kw>
<kw name="Should Be True" owner="BuiltIn">
<arg>${userRegistered}</arg>
<doc>Fails if the given condition is not true.</doc>
<status status="PASS" start="2025-03-07T09:36:46.016453" elapsed="0.000385"/>
</kw>
<arg>${username}</arg>
<doc>This keyword verifies that user is registerd as a user,
by fetching list of users with javascript and finding username in list.</doc>
<status status="PASS" start="2025-03-07T09:36:46.003050" elapsed="0.013948"/>
</kw>
<arg>${username}</arg>
<arg>${password}</arg>
<doc>This keyword executes and verifies user registration.</doc>
<status status="PASS" start="2025-03-07T09:36:45.492085" elapsed="0.525030"/>
</kw>
<arg>${valid_username}</arg>
<arg>${valid_password}</arg>
<doc>This setup opens browser to JurasStina-Kalle park home page and registers user.</doc>
<status status="PASS" start="2025-03-07T09:36:42.703618" elapsed="3.313995"/>
</kw>
<kw name="Log In User" owner="login_and_registration_keywords">
<kw name="User Navigates To Login Section" owner="button_and_navigation_keywords">
<kw name="Press Login Button" owner="button_and_navigation_keywords">
<kw name="Click Specific Button" owner="button_and_navigation_keywords">
<kw name="Click Element" owner="SeleniumLibrary">
<msg time="2025-03-07T09:36:46.021616" level="INFO">Clicking element 'login-nav'.</msg>
<arg>${button}</arg>
<doc>Click the element identified by ``locator``.</doc>
<status status="PASS" start="2025-03-07T09:36:46.021034" elapsed="0.117252"/>
</kw>
<arg>${login_button}</arg>
<status status="PASS" start="2025-03-07T09:36:46.020221" elapsed="0.118510"/>
</kw>
<kw name="Wait Until Page Contains Element" owner="SeleniumLibrary">
<arg>${login_section}</arg>
<arg>5s</arg>
<doc>Waits until the element ``locator`` appears on the current page.</doc>
<status status="PASS" start="2025-03-07T09:36:46.139151" elapsed="0.012248"/>
</kw>
<status status="PASS" start="2025-03-07T09:36:46.019549" elapsed="0.132072"/>
</kw>
<kw name="Wait Until Page Contains Element" owner="SeleniumLibrary">
<arg>${login_section}</arg>
<arg>5s</arg>
<doc>Waits until the element ``locator`` appears on the current page.</doc>
<status status="PASS" start="2025-03-07T09:36:46.151830" elapsed="0.007758"/>
</kw>
<status status="PASS" start="2025-03-07T09:36:46.019082" elapsed="0.140717"/>
</kw>
<kw name="User Enters Login Credentials" owner="login_and_registration_keywords">
<kw name="Input Credentials" owner="login_and_registration_keywords">
<kw name="Input Text" owner="SeleniumLibrary">
<msg time="2025-03-07T09:36:46.161180" level="INFO">Typing text 'testUser2' into text field 'login-username'.</msg>
<arg>${username_space}</arg>
<arg>${username}</arg>
<doc>Types the given ``text`` into the text field identified by ``locator``.</doc>
<status status="PASS" start="2025-03-07T09:36:46.160915" elapsed="0.160469"/>
</kw>
<kw name="Input Text" owner="SeleniumLibrary">
<msg time="2025-03-07T09:36:46.321991" level="INFO">Typing text 'testPassword2' into text field 'login-password'.</msg>
<arg>${password_space}</arg>
<arg>${password}</arg>
<doc>Types the given ``text`` into the text field identified by ``locator``.</doc>
<status status="PASS" start="2025-03-07T09:36:46.321655" elapsed="0.075445"/>
</kw>
<arg>${username}</arg>
<arg>${login_username_text_box}</arg>
<arg>${password}</arg>
<arg>${login_password_text_box}</arg>
<status status="PASS" start="2025-03-07T09:36:46.160442" elapsed="0.236860"/>
</kw>
<arg>${username}</arg>
<arg>${password}</arg>
<doc>This keyword enters username and password into login fields.</doc>
<status status="PASS" start="2025-03-07T09:36:46.160022" elapsed="0.237415"/>
</kw>
<kw name="User Presses Login Submit Button" owner="button_and_navigation_keywords">
<kw name="Press Login Submit Button" owner="button_and_navigation_keywords">
<kw name="Wait Until Element Is Visible" owner="SeleniumLibrary">
<arg>${login_submit_button}</arg>
<arg>2s</arg>
<doc>Waits until the element ``locator`` is visible.</doc>
<status status="PASS" start="2025-03-07T09:36:46.398263" elapsed="0.017821"/>
</kw>
<kw name="Click Specific Button" owner="button_and_navigation_keywords">
<kw name="Click Element" owner="SeleniumLibrary">
<msg time="2025-03-07T09:36:46.417111" level="INFO">Clicking element 'xpath=/html/body/main/article[3]/section/form/button'.</msg>
<arg>${button}</arg>
<doc>Click the element identified by ``locator``.</doc>
<status status="PASS" start="2025-03-07T09:36:46.416856" elapsed="0.055843"/>
</kw>
<arg>${login_submit_button}</arg>
<status status="PASS" start="2025-03-07T09:36:46.416385" elapsed="0.056510"/>
</kw>
<kw name="Sleep" owner="BuiltIn">
<msg time="2025-03-07T09:36:48.474014" level="INFO">Slept 2 seconds.</msg>
<arg>2</arg>
<doc>Pauses the test executed for the given time.</doc>
<status status="PASS" start="2025-03-07T09:36:46.473088" elapsed="2.001338"/>
</kw>
<status status="PASS" start="2025-03-07T09:36:46.397988" elapsed="2.076717"/>
</kw>
<doc>This keyword executes pressing login button.</doc>
<status status="PASS" start="2025-03-07T09:36:46.397656" elapsed="2.077307"/>
</kw>
<kw name="Wait Until Page Contains Element" owner="SeleniumLibrary">
<arg>${logout_button}</arg>
<arg>5s</arg>
<doc>Waits until the element ``locator`` appears on the current page.</doc>
<status status="PASS" start="2025-03-07T09:36:48.475385" elapsed="0.020776"/>
</kw>
<kw name="User Should Be Logged In" owner="login_and_registration_keywords">
<kw name="Execute Javascript" owner="SeleniumLibrary">
<msg time="2025-03-07T09:36:48.497870" level="INFO">Executing JavaScript:
return currentUser.username;
Without any arguments.</msg>
<msg time="2025-03-07T09:36:48.505717" level="INFO">${UserLoggedIn} = testUser2</msg>
<var>${UserLoggedIn}</var>
<arg>return currentUser.username;</arg>
<doc>Executes the given JavaScript code with possible arguments.</doc>
<status status="PASS" start="2025-03-07T09:36:48.497302" elapsed="0.008711"/>
</kw>
<kw name="Should Be Equal" owner="BuiltIn">
<arg>${UserLoggedIn}</arg>
<arg>${username}</arg>
<doc>Fails if the given objects are unequal.</doc>
<status status="PASS" start="2025-03-07T09:36:48.506266" elapsed="0.000340"/>
</kw>
<arg>${username}</arg>
<doc>This keyword verifies that user is logged in,
by using javascript to fetch the username of the current logged in user.</doc>
<status status="PASS" start="2025-03-07T09:36:48.496609" elapsed="0.010142"/>
</kw>
<arg>${valid_username}</arg>
<arg>${valid_password}</arg>
<doc>This keyword executes and verifies user login.</doc>
<status status="PASS" start="2025-03-07T09:36:46.018601" elapsed="2.488295"/>
</kw>
<kw name="Buy Entrance Tickets" owner="ticket_and_safari_keywords">
<kw name="User Navigates To Buy Ticket Section" owner="button_and_navigation_keywords">
<kw name="Press Ticket Button" owner="button_and_navigation_keywords">
<kw name="Click Specific Button" owner="button_and_navigation_keywords">
<kw name="Click Element" owner="SeleniumLibrary">
<msg time="2025-03-07T09:36:48.511647" level="INFO">Clicking element 'xpath=/html/body/header/div/nav/ul/li[4]/a'.</msg>
<arg>${button}</arg>
<doc>Click the element identified by ``locator``.</doc>
<status status="PASS" start="2025-03-07T09:36:48.511084" elapsed="0.095039"/>
</kw>
<arg>${buy_ticket_button}</arg>
<status status="PASS" start="2025-03-07T09:36:48.510378" elapsed="0.096522"/>
</kw>
<kw name="Wait Until Page Contains Element" owner="SeleniumLibrary">
<arg>${tickets_section}</arg>
<arg>5s</arg>
<doc>Waits until the element ``locator`` appears on the current page.</doc>
<status status="PASS" start="2025-03-07T09:36:48.607692" elapsed="0.015835"/>
</kw>
<status status="PASS" start="2025-03-07T09:36:48.509829" elapsed="0.114119"/>
</kw>
<kw name="Wait Until Page Contains Element" owner="SeleniumLibrary">
<arg>${tickets_section}</arg>
<arg>5s</arg>
<doc>Waits until the element ``locator`` appears on the current page.</doc>
<status status="PASS" start="2025-03-07T09:36:48.624356" elapsed="0.008058"/>
</kw>
<status status="PASS" start="2025-03-07T09:36:48.508935" elapsed="0.123677"/>
</kw>
<kw name="Select From List By Value" owner="SeleniumLibrary">
<msg time="2025-03-07T09:36:48.633114" level="INFO">Selecting options from selection list 'id=ticket-type' by value Adult.</msg>
<arg>${ticket_type_field}</arg>
<arg>${selected_type}</arg>
<doc>Selects options from selection list ``locator`` by ``values``.</doc>
<status status="PASS" start="2025-03-07T09:36:48.632804" elapsed="0.039575"/>
</kw>
<kw name="Select From List By Value" owner="SeleniumLibrary">
<msg time="2025-03-07T09:36:48.673622" level="INFO">Selecting options from selection list 'id=ticket-category' by value Regular.</msg>
<arg>${ticket_cat_field}</arg>
<arg>${selected_category}</arg>
<doc>Selects options from selection list ``locator`` by ``values``.</doc>
<status status="PASS" start="2025-03-07T09:36:48.672954" elapsed="0.049571"/>
</kw>
<kw name="Input Text" owner="SeleniumLibrary">
<msg time="2025-03-07T09:36:48.723132" level="INFO">Typing text '1' into text field 'id=ticket-quantity'.</msg>
<arg>${input_of_ticket_counter}</arg>
<arg>${selected_quantity}</arg>
<doc>Types the given ``text`` into the text field identified by ``locator``.</doc>
<status status="PASS" start="2025-03-07T09:36:48.722803" elapsed="0.059402"/>
</kw>
<kw name="Press Add Ticket To Cart Button" owner="button_and_navigation_keywords">
<kw name="Wait Until Element Is Visible" owner="SeleniumLibrary">
<arg>${add_to_cart_button}</arg>
<arg>2s</arg>
<doc>Waits until the element ``locator`` is visible.</doc>
<status status="PASS" start="2025-03-07T09:36:48.782867" elapsed="0.016063"/>
</kw>
<kw name="Click Specific Button" owner="button_and_navigation_keywords">
<kw name="Click Element" owner="SeleniumLibrary">
<msg time="2025-03-07T09:36:48.799933" level="INFO">Clicking element 'xpath=/html/body/main/article[4]/section/form/button'.</msg>
<arg>${button}</arg>
<doc>Click the element identified by ``locator``.</doc>
<status status="PASS" start="2025-03-07T09:36:48.799682" elapsed="0.059075"/>
</kw>
<arg>${add_to_cart_button}</arg>
<status status="PASS" start="2025-03-07T09:36:48.799244" elapsed="0.059713"/>
</kw>
<status status="PASS" start="2025-03-07T09:36:48.782504" elapsed="0.076576"/>
</kw>
<kw name="Handle Alert" owner="SeleniumLibrary">
<msg time="2025-03-07T09:36:48.859588" level="INFO">HANDLE::&lt;class 'NoneType'&gt;::None</msg>
<msg time="2025-03-07T09:36:48.864411" level="INFO">${alert_text} = Item added to cart!</msg>
<var>${alert_text}</var>
<arg>action=DISMISS</arg>
<doc>Handles the current alert and returns its message.</doc>
<status status="PASS" start="2025-03-07T09:36:48.859267" elapsed="0.005593"/>
</kw>
<kw name="Should Contain" owner="BuiltIn">
<arg>${alert_text}</arg>
<arg>${add_to_cart_message_successful}</arg>
<doc>Fails if ``container`` does not contain ``item`` one or more times.</doc>
<status status="PASS" start="2025-03-07T09:36:48.865545" elapsed="0.000614"/>
</kw>
<arg>${adult_ticket_type}</arg>
<arg>${regular_ticket}</arg>
<arg>1</arg>
<doc>This keyword executes and verifies adding entrance ticket(s) to cart.</doc>
<status status="PASS" start="2025-03-07T09:36:48.507783" elapsed="0.358646"/>
</kw>
<kw name="Teardown Suite" owner="keywords" type="TEARDOWN">
<kw name="Close Browser" owner="SeleniumLibrary">
<doc>Closes the current browser.</doc>
<status status="PASS" start="2025-03-07T09:36:48.869148" elapsed="2.236561"/>
</kw>
<status status="PASS" start="2025-03-07T09:36:48.867989" elapsed="2.237986"/>
</kw>
<tag>Johan-Ahlsten</tag>
<tag>Wille-Virtanen</tag>
<status status="PASS" start="2025-03-07T09:36:42.702552" elapsed="8.404072"/>
</test>
<doc>Grupp 2 Wille, Johan och Kristin. Generic test suite for general test functions as a base library.</doc>
<status status="PASS" start="2025-03-07T09:36:42.147129" elapsed="8.962676"/>
</suite>
<statistics>
<total>
<stat pass="1" fail="0" skip="0">All Tests</stat>
</total>
<tag>
<stat pass="1" fail="0" skip="0">Johan-Ahlsten</stat>
<stat pass="1" fail="0" skip="0">Wille-Virtanen</stat>
</tag>
<suite>
<stat name="Generic Tests" id="s1" pass="1" fail="0" skip="0">Generic Tests</stat>
</suite>
</statistics>
<errors>
<msg time="2025-03-07T09:36:43.120307" level="WARN">The chromedriver version (132.0.6834.110) detected in PATH at C:\Users\johan\Desktop\DevTools\chromedriver-win64\chromedriver.exe might not be compatible with the detected chrome version (133.0.6943.143); currently, chromedriver 133.0.6943.141 is recommended for chrome 133.*, so it is advised to delete the driver in PATH and retry</msg>
</errors>
</robot>
