<?xml version="1.0" encoding="UTF-8"?>
<robot generator="Robot 7.2.2 (Python 3.13.1 on win32)" generated="2025-03-03T15:01:06.396728" rpa="false" schemaversion="5">
<suite id="s1" name="Pal Tests" source="c:\Users\johan\GitHub\Lab1-Continuous-Integration\tests\pal_tests.robot">
<test id="s1-t1" name="Register User Pal" line="19">
<kw name="Pal Setup" owner="pal_keywords" type="SETUP">
<kw name="Open Browser To Page" owner="keywords">
<kw name="Open Browser" owner="SeleniumLibrary">
<msg time="2025-03-03T15:01:06.996004" level="INFO">Opening browser 'chrome' to base url 'file:///C:/Users/johan/GitHub/Lab1-Continuous-Integration/webpage\jurap.html'.</msg>
<msg time="2025-03-03T15:01:07.415562" level="WARN">The chromedriver version (132.0.6834.110) detected in PATH at C:\Users\johan\Desktop\DevTools\chromedriver-win64\chromedriver.exe might not be compatible with the detected chrome version (133.0.6943.142); currently, chromedriver 133.0.6943.141 is recommended for chrome 133.*, so it is advised to delete the driver in PATH and retry</msg>
<arg>${url}</arg>
<arg>${browser}</arg>
<doc>Opens a new browser instance to the optional ``url``.</doc>
<status status="PASS" start="2025-03-03T15:01:06.995381" elapsed="3.115912"/>
</kw>
<kw name="Title Should Be" owner="SeleniumLibrary">
<msg time="2025-03-03T15:01:10.140664" level="INFO">Page title is 'Jura-Stina-Kalle Park'.</msg>
<arg>${title}</arg>
<doc>Verifies that the current page title equals ``title``.</doc>
<status status="PASS" start="2025-03-03T15:01:10.112535" elapsed="0.029342"/>
</kw>
<arg>${url_demo}</arg>
<arg>${browser}</arg>
<arg>${title_demo}</arg>
<status status="PASS" start="2025-03-03T15:01:06.994203" elapsed="3.150086"/>
</kw>
<doc>This setup opens browser to JurasStina-Kalle park home page.</doc>
<status status="PASS" start="2025-03-03T15:01:06.993357" elapsed="3.151703"/>
</kw>
<kw name="Given Page Is Opened To Registration Section" owner="VG_Kristin_user_generic_keywords">
<kw name="Press Register Button" owner="VG_Kristin_user_generic_keywords">
<kw name="Click Specific Button" owner="keywords">
<kw name="Click Element" owner="SeleniumLibrary">
<msg time="2025-03-03T15:01:10.151592" level="INFO">Clicking element 'xpath=/html/body/header/div/nav/ul/li[2]/a'.</msg>
<arg>${button}</arg>
<doc>Click the element identified by ``locator``.</doc>
<status status="PASS" start="2025-03-03T15:01:10.150281" elapsed="0.231905"/>
</kw>
<arg>${reg_button}</arg>
<status status="PASS" start="2025-03-03T15:01:10.148673" elapsed="0.234118"/>
</kw>
<kw name="Sleep" owner="BuiltIn">
<msg time="2025-03-03T15:01:12.385070" level="INFO">Slept 2 seconds.</msg>
<arg>2</arg>
<doc>Pauses the test executed for the given time.</doc>
<status status="PASS" start="2025-03-03T15:01:10.383688" elapsed="2.001979"/>
</kw>
<status status="PASS" start="2025-03-03T15:01:10.148018" elapsed="2.237818"/>
</kw>
<kw name="Page Should Contain Element" owner="SeleniumLibrary">
<msg time="2025-03-03T15:01:12.397424" level="INFO">Current page contains element 'id=register-form'.</msg>
<arg>${reg_section}</arg>
<doc>Verifies that element ``locator`` is found on the current page.</doc>
<status status="PASS" start="2025-03-03T15:01:12.386035" elapsed="0.011643"/>
</kw>
<doc>This keyword executes and verifies navigation to user registration section.</doc>
<status status="PASS" start="2025-03-03T15:01:10.146974" elapsed="2.250858"/>
</kw>
<kw name="When User Pal Enters Registration Credentials" owner="pal_keywords">
<kw name="User Enters Registration Credentials" owner="VG_Kristin_user_generic_keywords">
<kw name="Input Credentials" owner="keywords">
<kw name="Input Text" owner="SeleniumLibrary">
<msg time="2025-03-03T15:01:12.400124" level="INFO">Typing text 'StinaPalle' into text field 'reg-username'.</msg>
<arg>${username_space}</arg>
<arg>${username}</arg>
<doc>Types the given ``text`` into the text field identified by ``locator``.</doc>
<status status="PASS" start="2025-03-03T15:01:12.399850" elapsed="0.111615"/>
</kw>
<kw name="Input Text" owner="SeleniumLibrary">
<msg time="2025-03-03T15:01:12.512202" level="INFO">Typing text 'thePaleontoligist' into text field 'reg-password'.</msg>
<arg>${password_space}</arg>
<arg>${password}</arg>
<doc>Types the given ``text`` into the text field identified by ``locator``.</doc>
<status status="PASS" start="2025-03-03T15:01:12.511766" elapsed="0.088008"/>
</kw>
<arg>${username}</arg>
<arg>${reg_username_text_box}</arg>
<arg>${password}</arg>
<arg>${reg_password_text_box}</arg>
<status status="PASS" start="2025-03-03T15:01:12.399432" elapsed="0.200708"/>
</kw>
<arg>${pal_username}</arg>
<arg>${pal_password}</arg>
<doc>This keyword enters username and password into registration fields.</doc>
<status status="PASS" start="2025-03-03T15:01:12.399046" elapsed="0.201254"/>
</kw>
<doc>This keyword enters pal's registration credentials into registration fields.</doc>
<status status="PASS" start="2025-03-03T15:01:12.398653" elapsed="0.201775"/>
</kw>
<kw name="And User Presses Register Button" owner="VG_Kristin_user_generic_keywords">
<kw name="Press Register Submit Button" owner="VG_Kristin_user_generic_keywords">
<kw name="Click Specific Button" owner="keywords">
<kw name="Click Element" owner="SeleniumLibrary">
<msg time="2025-03-03T15:01:12.602683" level="INFO">Clicking element 'xpath=/html/body/main/article[2]/section/form/button'.</msg>
<arg>${button}</arg>
<doc>Click the element identified by ``locator``.</doc>
<status status="PASS" start="2025-03-03T15:01:12.602403" elapsed="0.089871"/>
</kw>
<arg>${reg_submit_button}</arg>
<status status="PASS" start="2025-03-03T15:01:12.602023" elapsed="0.090721"/>
</kw>
<kw name="Sleep" owner="BuiltIn">
<msg time="2025-03-03T15:01:14.694396" level="INFO">Slept 2 seconds.</msg>
<arg>2</arg>
<doc>Pauses the test executed for the given time.</doc>
<status status="PASS" start="2025-03-03T15:01:12.693304" elapsed="2.001547"/>
</kw>
<status status="PASS" start="2025-03-03T15:01:12.601696" elapsed="2.093343"/>
</kw>
<doc>This keyword executes pressing registration button.</doc>
<status status="PASS" start="2025-03-03T15:01:12.601226" elapsed="2.093960"/>
</kw>
<kw name="Then User Pal Should be Registered" owner="pal_keywords">
<kw name="Execute Javascript" owner="SeleniumLibrary">
<msg time="2025-03-03T15:01:14.697923" level="INFO">Executing JavaScript:
let users = getUsers();return users.some(u =&gt; u.username === 'StinaPalle');
Without any arguments.</msg>
<msg time="2025-03-03T15:01:14.705148" level="INFO">${userRegistered} = True</msg>
<var>${userRegistered}</var>
<arg>let users = getUsers();</arg>
<arg>return users.some(u =&gt; u.username === 'StinaPalle');</arg>
<doc>Executes the given JavaScript code with possible arguments.</doc>
<status status="PASS" start="2025-03-03T15:01:14.697123" elapsed="0.008210"/>
</kw>
<kw name="Should Be True" owner="BuiltIn">
<arg>${userRegistered}</arg>
<doc>Fails if the given condition is not true.</doc>
<status status="PASS" start="2025-03-03T15:01:14.705562" elapsed="0.000256"/>
</kw>
<doc>This keyword verifies that user pal is registerd as a user,
by fetching list of users with javascript and finding pal's username in list.</doc>
<status status="PASS" start="2025-03-03T15:01:14.696465" elapsed="0.009485"/>
</kw>
<kw name="Pal Teardown" owner="pal_keywords" type="TEARDOWN">
<kw name="Close Browser" owner="SeleniumLibrary">
<doc>Closes the current browser.</doc>
<status status="PASS" start="2025-03-03T15:01:14.706907" elapsed="2.500310"/>
</kw>
<doc>This teardown closes browser.</doc>
<status status="PASS" start="2025-03-03T15:01:14.706543" elapsed="2.500885"/>
</kw>
<doc>This test verifies the registration process for user pal.</doc>
<tag>Credentials</tag>
<tag>Kristin</tag>
<tag>Registration</tag>
<status status="PASS" start="2025-03-03T15:01:06.990909" elapsed="10.217161"/>
</test>
<test id="s1-t2" name="Log In User Pal" line="27">
<kw name="Pal Setup" owner="pal_keywords" type="SETUP">
<kw name="Open Browser To Page" owner="keywords">
<kw name="Open Browser" owner="SeleniumLibrary">
<msg time="2025-03-03T15:01:17.212028" level="INFO">Opening browser 'chrome' to base url 'file:///C:/Users/johan/GitHub/Lab1-Continuous-Integration/webpage\jurap.html'.</msg>
<msg time="2025-03-03T15:01:17.614727" level="WARN">The chromedriver version (132.0.6834.110) detected in PATH at C:\Users\johan\Desktop\DevTools\chromedriver-win64\chromedriver.exe might not be compatible with the detected chrome version (133.0.6943.142); currently, chromedriver 133.0.6943.141 is recommended for chrome 133.*, so it is advised to delete the driver in PATH and retry</msg>
<arg>${url}</arg>
<arg>${browser}</arg>
<doc>Opens a new browser instance to the optional ``url``.</doc>
<status status="PASS" start="2025-03-03T15:01:17.211586" elapsed="3.218632"/>
</kw>
<kw name="Title Should Be" owner="SeleniumLibrary">
<msg time="2025-03-03T15:01:20.448996" level="INFO">Page title is 'Jura-Stina-Kalle Park'.</msg>
<arg>${title}</arg>
<doc>Verifies that the current page title equals ``title``.</doc>
<status status="PASS" start="2025-03-03T15:01:20.431629" elapsed="0.018155"/>
</kw>
<arg>${url_demo}</arg>
<arg>${browser}</arg>
<arg>${title_demo}</arg>
<status status="PASS" start="2025-03-03T15:01:17.211158" elapsed="3.239447"/>
</kw>
<doc>This setup opens browser to JurasStina-Kalle park home page.</doc>
<status status="PASS" start="2025-03-03T15:01:17.210809" elapsed="3.240490"/>
</kw>
<kw name="Given User Pal Is Registered" owner="pal_keywords">
<kw name="User Navigates To Register Section" owner="VG_Kristin_user_generic_keywords">
<kw name="Press Register Button" owner="VG_Kristin_user_generic_keywords">
<kw name="Click Specific Button" owner="keywords">
<kw name="Click Element" owner="SeleniumLibrary">
<msg time="2025-03-03T15:01:20.462480" level="INFO">Clicking element 'xpath=/html/body/header/div/nav/ul/li[2]/a'.</msg>
<arg>${button}</arg>
<doc>Click the element identified by ``locator``.</doc>
<status status="PASS" start="2025-03-03T15:01:20.461437" elapsed="0.158424"/>
</kw>
<arg>${reg_button}</arg>
<status status="PASS" start="2025-03-03T15:01:20.458849" elapsed="0.161378"/>
</kw>
<kw name="Sleep" owner="BuiltIn">
<msg time="2025-03-03T15:01:22.621725" level="INFO">Slept 2 seconds.</msg>
<arg>2</arg>
<doc>Pauses the test executed for the given time.</doc>
<status status="PASS" start="2025-03-03T15:01:20.620588" elapsed="2.001433"/>
</kw>
<status status="PASS" start="2025-03-03T15:01:20.457053" elapsed="2.165117"/>
</kw>
<kw name="Page Should Contain Element" owner="SeleniumLibrary">
<msg time="2025-03-03T15:01:22.635803" level="INFO">Current page contains element 'id=register-form'.</msg>
<arg>${reg_section}</arg>
<doc>Verifies that element ``locator`` is found on the current page.</doc>
<status status="PASS" start="2025-03-03T15:01:22.622382" elapsed="0.013685"/>
</kw>
<status status="PASS" start="2025-03-03T15:01:20.454469" elapsed="2.181761"/>
</kw>
<kw name="User Pal Enters Registration Credentials" owner="pal_keywords">
<kw name="User Enters Registration Credentials" owner="VG_Kristin_user_generic_keywords">
<kw name="Input Credentials" owner="keywords">
<kw name="Input Text" owner="SeleniumLibrary">
<msg time="2025-03-03T15:01:22.637880" level="INFO">Typing text 'StinaPalle' into text field 'reg-username'.</msg>
<arg>${username_space}</arg>
<arg>${username}</arg>
<doc>Types the given ``text`` into the text field identified by ``locator``.</doc>
<status status="PASS" start="2025-03-03T15:01:22.637620" elapsed="0.090746"/>
</kw>
<kw name="Input Text" owner="SeleniumLibrary">
<msg time="2025-03-03T15:01:22.729727" level="INFO">Typing text 'thePaleontoligist' into text field 'reg-password'.</msg>
<arg>${password_space}</arg>
<arg>${password}</arg>
<doc>Types the given ``text`` into the text field identified by ``locator``.</doc>
<status status="PASS" start="2025-03-03T15:01:22.729157" elapsed="0.098187"/>
</kw>
<arg>${username}</arg>
<arg>${reg_username_text_box}</arg>
<arg>${password}</arg>
<arg>${reg_password_text_box}</arg>
<status status="PASS" start="2025-03-03T15:01:22.637235" elapsed="0.190553"/>
</kw>
<arg>${pal_username}</arg>
<arg>${pal_password}</arg>
<doc>This keyword enters username and password into registration fields.</doc>
<status status="PASS" start="2025-03-03T15:01:22.636878" elapsed="0.191123"/>
</kw>
<doc>This keyword enters pal's registration credentials into registration fields.</doc>
<status status="PASS" start="2025-03-03T15:01:22.636514" elapsed="0.191721"/>
</kw>
<kw name="Press Register Submit Button" owner="VG_Kristin_user_generic_keywords">
<kw name="Click Specific Button" owner="keywords">
<kw name="Click Element" owner="SeleniumLibrary">
<msg time="2025-03-03T15:01:22.829934" level="INFO">Clicking element 'xpath=/html/body/main/article[2]/section/form/button'.</msg>
<arg>${button}</arg>
<doc>Click the element identified by ``locator``.</doc>
<status status="PASS" start="2025-03-03T15:01:22.829669" elapsed="0.066035"/>
</kw>
<arg>${reg_submit_button}</arg>
<status status="PASS" start="2025-03-03T15:01:22.829220" elapsed="0.066864"/>
</kw>
<kw name="Sleep" owner="BuiltIn">
<msg time="2025-03-03T15:01:24.896994" level="INFO">Slept 2 seconds.</msg>
<arg>2</arg>
<doc>Pauses the test executed for the given time.</doc>
<status status="PASS" start="2025-03-03T15:01:22.896390" elapsed="2.001254"/>
</kw>
<status status="PASS" start="2025-03-03T15:01:22.828643" elapsed="2.069427"/>
</kw>
<kw name="User Pal Should be Registered" owner="pal_keywords">
<kw name="Execute Javascript" owner="SeleniumLibrary">
<msg time="2025-03-03T15:01:24.900820" level="INFO">Executing JavaScript:
let users = getUsers();return users.some(u =&gt; u.username === 'StinaPalle');
Without any arguments.</msg>
<msg time="2025-03-03T15:01:24.909521" level="INFO">${userRegistered} = True</msg>
<var>${userRegistered}</var>
<arg>let users = getUsers();</arg>
<arg>return users.some(u =&gt; u.username === 'StinaPalle');</arg>
<doc>Executes the given JavaScript code with possible arguments.</doc>
<status status="PASS" start="2025-03-03T15:01:24.899737" elapsed="0.009935"/>
</kw>
<kw name="Should Be True" owner="BuiltIn">
<arg>${userRegistered}</arg>
<doc>Fails if the given condition is not true.</doc>
<status status="PASS" start="2025-03-03T15:01:24.909910" elapsed="0.000234"/>
</kw>
<doc>This keyword verifies that user pal is registerd as a user,
by fetching list of users with javascript and finding pal's username in list.</doc>
<status status="PASS" start="2025-03-03T15:01:24.898606" elapsed="0.011667"/>
</kw>
<doc>This keyword executes and verifies user pal registration.</doc>
<status status="PASS" start="2025-03-03T15:01:20.452953" elapsed="4.457434"/>
</kw>
<kw name="And Page Is Opened To Login Page" owner="VG_Kristin_user_generic_keywords">
<kw name="User Navigates To Login Section" owner="VG_Kristin_user_generic_keywords">
<kw name="Press Login Button" owner="VG_Kristin_user_generic_keywords">
<kw name="Click Specific Button" owner="keywords">
<kw name="Click Element" owner="SeleniumLibrary">
<msg time="2025-03-03T15:01:24.912569" level="INFO">Clicking element 'login-nav'.</msg>
<arg>${button}</arg>
<doc>Click the element identified by ``locator``.</doc>
<status status="PASS" start="2025-03-03T15:01:24.912334" elapsed="0.064734"/>
</kw>
<arg>${login_button}</arg>
<status status="PASS" start="2025-03-03T15:01:24.912036" elapsed="0.065254"/>
</kw>
<kw name="Wait Until Page Contains Element" owner="SeleniumLibrary">
<arg>${login_section}</arg>
<doc>Waits until the element ``locator`` appears on the current page.</doc>
<status status="PASS" start="2025-03-03T15:01:24.977490" elapsed="0.012480"/>
</kw>
<status status="PASS" start="2025-03-03T15:01:24.911762" elapsed="0.078432"/>
</kw>
<kw name="Page Should Contain Element" owner="SeleniumLibrary">
<msg time="2025-03-03T15:01:24.998217" level="INFO">Current page contains element 'id=login-section'.</msg>
<arg>${login_section}</arg>
<doc>Verifies that element ``locator`` is found on the current page.</doc>
<status status="PASS" start="2025-03-03T15:01:24.990385" elapsed="0.008255"/>
</kw>
<status status="PASS" start="2025-03-03T15:01:24.911431" elapsed="0.087745"/>
</kw>
<kw name="Page Should Contain Element" owner="SeleniumLibrary">
<msg time="2025-03-03T15:01:25.007052" level="INFO">Current page contains element 'id=login-section'.</msg>
<arg>${login_section}</arg>
<doc>Verifies that element ``locator`` is found on the current page.</doc>
<status status="PASS" start="2025-03-03T15:01:24.999508" elapsed="0.007772"/>
</kw>
<doc>This keyword executes and verifies navigation to login section.</doc>
<status status="PASS" start="2025-03-03T15:01:24.911021" elapsed="0.096407"/>
</kw>
<kw name="And No One Is Logged In" owner="VG_Kristin_user_generic_keywords">
<kw name="Execute Javascript" owner="SeleniumLibrary">
<msg time="2025-03-03T15:01:25.009144" level="INFO">Executing JavaScript:
if (currentUser) { return true; } else { return false; }
Without any arguments.</msg>
<msg time="2025-03-03T15:01:25.017517" level="INFO">${userLoggedIn} = False</msg>
<var>${userLoggedIn}</var>
<arg>if (currentUser) { return true; } else { return false; }</arg>
<doc>Executes the given JavaScript code with possible arguments.</doc>
<status status="PASS" start="2025-03-03T15:01:25.008615" elapsed="0.009142"/>
</kw>
<kw name="Run Keyword If" owner="BuiltIn">
<arg>${userLoggedIn}</arg>
<arg>Log Out User</arg>
<doc>Runs the given keyword with the given arguments, if ``condition`` is true.</doc>
<status status="PASS" start="2025-03-03T15:01:25.017992" elapsed="0.000226"/>
</kw>
<kw name="Login Button Should Be Visible" owner="VG_Kristin_user_generic_keywords">
<kw name="Element Should Be Visible" owner="SeleniumLibrary">
<msg time="2025-03-03T15:01:25.049598" level="INFO">Element 'login-nav' is displayed.</msg>
<arg>${login_button}</arg>
<doc>Verifies that the element identified by ``locator`` is visible.</doc>
<status status="PASS" start="2025-03-03T15:01:25.018765" elapsed="0.031253"/>
</kw>
<status status="PASS" start="2025-03-03T15:01:25.018432" elapsed="0.031848"/>
</kw>
<doc>This keyword verifies that no user is currently logged in. If any user is logged in, user is logged out.</doc>
<status status="PASS" start="2025-03-03T15:01:25.008164" elapsed="0.042333"/>
</kw>
<kw name="When User Pal Enters Login Credentials" owner="pal_keywords">
<kw name="User Enters Login Credentials" owner="VG_Kristin_user_generic_keywords">
<kw name="Input Credentials" owner="keywords">
<kw name="Input Text" owner="SeleniumLibrary">
<msg time="2025-03-03T15:01:25.058146" level="INFO">Typing text 'StinaPalle' into text field 'login-username'.</msg>
<arg>${username_space}</arg>
<arg>${username}</arg>
<doc>Types the given ``text`` into the text field identified by ``locator``.</doc>
<status status="PASS" start="2025-03-03T15:01:25.056292" elapsed="0.097594"/>
</kw>
<kw name="Input Text" owner="SeleniumLibrary">
<msg time="2025-03-03T15:01:25.154974" level="INFO">Typing text 'thePaleontoligist' into text field 'login-password'.</msg>
<arg>${password_space}</arg>
<arg>${password}</arg>
<doc>Types the given ``text`` into the text field identified by ``locator``.</doc>
<status status="PASS" start="2025-03-03T15:01:25.154498" elapsed="0.068018"/>
</kw>
<arg>${username}</arg>
<arg>${login_username_text_box}</arg>
<arg>${password}</arg>
<arg>${login_password_text_box}</arg>
<status status="PASS" start="2025-03-03T15:01:25.054923" elapsed="0.167799"/>
</kw>
<arg>${pal_username}</arg>
<arg>${pal_password}</arg>
<doc>This keyword enters username and password into login fields.</doc>
<status status="PASS" start="2025-03-03T15:01:25.053902" elapsed="0.168954"/>
</kw>
<doc>This keyword enters pal's login credentials into login fields.</doc>
<status status="PASS" start="2025-03-03T15:01:25.051391" elapsed="0.171584"/>
</kw>
<kw name="And User Presses Login Button" owner="VG_Kristin_user_generic_keywords">
<kw name="Press Login Submit Button" owner="VG_Kristin_user_generic_keywords">
<kw name="Click Specific Button" owner="keywords">
<kw name="Click Element" owner="SeleniumLibrary">
<msg time="2025-03-03T15:01:25.225223" level="INFO">Clicking element 'xpath=/html/body/main/article[3]/section/form/button'.</msg>
<arg>${button}</arg>
<doc>Click the element identified by ``locator``.</doc>
<status status="PASS" start="2025-03-03T15:01:25.224965" elapsed="0.061316"/>
</kw>
<arg>${login_submit_button}</arg>
<status status="PASS" start="2025-03-03T15:01:25.224600" elapsed="0.061882"/>
</kw>
<kw name="Sleep" owner="BuiltIn">
<msg time="2025-03-03T15:01:27.287194" level="INFO">Slept 2 seconds.</msg>
<arg>2</arg>
<doc>Pauses the test executed for the given time.</doc>
<status status="PASS" start="2025-03-03T15:01:25.286683" elapsed="2.001029"/>
</kw>
<status status="PASS" start="2025-03-03T15:01:25.224048" elapsed="2.064058"/>
</kw>
<doc>This keyword executes pressing login button.</doc>
<status status="PASS" start="2025-03-03T15:01:25.223504" elapsed="2.064903"/>
</kw>
<kw name="Then User Pal Should Be Logged In" owner="pal_keywords">
<kw name="User Should Be Logged In" owner="VG_Kristin_user_generic_keywords">
<kw name="Execute Javascript" owner="SeleniumLibrary">
<msg time="2025-03-03T15:01:27.290854" level="INFO">Executing JavaScript:
return currentUser.username;
Without any arguments.</msg>
<msg time="2025-03-03T15:01:27.300229" level="INFO">${UserLoggedIn} = StinaPalle</msg>
<var>${UserLoggedIn}</var>
<arg>return currentUser.username;</arg>
<doc>Executes the given JavaScript code with possible arguments.</doc>
<status status="PASS" start="2025-03-03T15:01:27.290244" elapsed="0.010272"/>
</kw>
<kw name="Should Be Equal" owner="BuiltIn">
<arg>${UserLoggedIn}</arg>
<arg>${username}</arg>
<doc>Fails if the given objects are unequal.</doc>
<status status="PASS" start="2025-03-03T15:01:27.300838" elapsed="0.000798"/>
</kw>
<arg>${pal_username}</arg>
<doc>This keyword verifies that user is logged in,
by using javascript to fetch the username of the current logged in user.</doc>
<status status="PASS" start="2025-03-03T15:01:27.289822" elapsed="0.012227"/>
</kw>
<doc>This keyword verifies that user pal is logged in.</doc>
<status status="PASS" start="2025-03-03T15:01:27.289340" elapsed="0.013056"/>
</kw>
<kw name="Pal Teardown" owner="pal_keywords" type="TEARDOWN">
<kw name="Close Browser" owner="SeleniumLibrary">
<doc>Closes the current browser.</doc>
<status status="PASS" start="2025-03-03T15:01:27.304702" elapsed="2.238030"/>
</kw>
<doc>This teardown closes browser.</doc>
<status status="PASS" start="2025-03-03T15:01:27.303651" elapsed="2.239344"/>
</kw>
<doc>This test verifies the login process for user pal.</doc>
<tag>Credentials</tag>
<tag>Kristin</tag>
<tag>Login</tag>
<status status="PASS" start="2025-03-03T15:01:17.209795" elapsed="12.333731"/>
</test>
<test id="s1-t3" name="Pal Buys Entrance Ticket" line="37">
<kw name="Pal Setup" owner="pal_keywords" type="SETUP">
<kw name="Open Browser To Page" owner="keywords">
<kw name="Open Browser" owner="SeleniumLibrary">
<msg time="2025-03-03T15:01:29.547502" level="INFO">Opening browser 'chrome' to base url 'file:///C:/Users/johan/GitHub/Lab1-Continuous-Integration/webpage\jurap.html'.</msg>
<msg time="2025-03-03T15:01:30.235516" level="WARN">The chromedriver version (132.0.6834.110) detected in PATH at C:\Users\johan\Desktop\DevTools\chromedriver-win64\chromedriver.exe might not be compatible with the detected chrome version (133.0.6943.142); currently, chromedriver 133.0.6943.141 is recommended for chrome 133.*, so it is advised to delete the driver in PATH and retry</msg>
<arg>${url}</arg>
<arg>${browser}</arg>
<doc>Opens a new browser instance to the optional ``url``.</doc>
<status status="PASS" start="2025-03-03T15:01:29.547175" elapsed="3.388535"/>
</kw>
<kw name="Title Should Be" owner="SeleniumLibrary">
<msg time="2025-03-03T15:01:32.950115" level="INFO">Page title is 'Jura-Stina-Kalle Park'.</msg>
<arg>${title}</arg>
<doc>Verifies that the current page title equals ``title``.</doc>
<status status="PASS" start="2025-03-03T15:01:32.936709" elapsed="0.014567"/>
</kw>
<arg>${url_demo}</arg>
<arg>${browser}</arg>
<arg>${title_demo}</arg>
<status status="PASS" start="2025-03-03T15:01:29.546354" elapsed="3.405732"/>
</kw>
<doc>This setup opens browser to JurasStina-Kalle park home page.</doc>
<status status="PASS" start="2025-03-03T15:01:29.545846" elapsed="3.407644"/>
</kw>
<kw name="Given User Pal Is Logged In" owner="pal_keywords">
<kw name="User Pal Is Registered" owner="pal_keywords">
<kw name="User Navigates To Register Section" owner="VG_Kristin_user_generic_keywords">
<kw name="Press Register Button" owner="VG_Kristin_user_generic_keywords">
<kw name="Click Specific Button" owner="keywords">
<kw name="Click Element" owner="SeleniumLibrary">
<msg time="2025-03-03T15:01:32.959780" level="INFO">Clicking element 'xpath=/html/body/header/div/nav/ul/li[2]/a'.</msg>
<arg>${button}</arg>
<doc>Click the element identified by ``locator``.</doc>
<status status="PASS" start="2025-03-03T15:01:32.959393" elapsed="0.105333"/>
</kw>
<arg>${reg_button}</arg>
<status status="PASS" start="2025-03-03T15:01:32.958820" elapsed="0.106580"/>
</kw>
<kw name="Sleep" owner="BuiltIn">
<msg time="2025-03-03T15:01:35.066363" level="INFO">Slept 2 seconds.</msg>
<arg>2</arg>
<doc>Pauses the test executed for the given time.</doc>
<status status="PASS" start="2025-03-03T15:01:33.065774" elapsed="2.000996"/>
</kw>
<status status="PASS" start="2025-03-03T15:01:32.958159" elapsed="2.108772"/>
</kw>
<kw name="Page Should Contain Element" owner="SeleniumLibrary">
<msg time="2025-03-03T15:01:35.077619" level="INFO">Current page contains element 'id=register-form'.</msg>
<arg>${reg_section}</arg>
<doc>Verifies that element ``locator`` is found on the current page.</doc>
<status status="PASS" start="2025-03-03T15:01:35.067148" elapsed="0.010679"/>
</kw>
<status status="PASS" start="2025-03-03T15:01:32.957302" elapsed="2.120682"/>
</kw>
<kw name="User Pal Enters Registration Credentials" owner="pal_keywords">
<kw name="User Enters Registration Credentials" owner="VG_Kristin_user_generic_keywords">
<kw name="Input Credentials" owner="keywords">
<kw name="Input Text" owner="SeleniumLibrary">
<msg time="2025-03-03T15:01:35.079485" level="INFO">Typing text 'StinaPalle' into text field 'reg-username'.</msg>
<arg>${username_space}</arg>
<arg>${username}</arg>
<doc>Types the given ``text`` into the text field identified by ``locator``.</doc>
<status status="PASS" start="2025-03-03T15:01:35.079238" elapsed="0.101321"/>
</kw>
<kw name="Input Text" owner="SeleniumLibrary">
<msg time="2025-03-03T15:01:35.181241" level="INFO">Typing text 'thePaleontoligist' into text field 'reg-password'.</msg>
<arg>${password_space}</arg>
<arg>${password}</arg>
<doc>Types the given ``text`` into the text field identified by ``locator``.</doc>
<status status="PASS" start="2025-03-03T15:01:35.180842" elapsed="0.095323"/>
</kw>
<arg>${username}</arg>
<arg>${reg_username_text_box}</arg>
<arg>${password}</arg>
<arg>${reg_password_text_box}</arg>
<status status="PASS" start="2025-03-03T15:01:35.078822" elapsed="0.197555"/>
</kw>
<arg>${pal_username}</arg>
<arg>${pal_password}</arg>
<doc>This keyword enters username and password into registration fields.</doc>
<status status="PASS" start="2025-03-03T15:01:35.078489" elapsed="0.198022"/>
</kw>
<doc>This keyword enters pal's registration credentials into registration fields.</doc>
<status status="PASS" start="2025-03-03T15:01:35.078181" elapsed="0.198460"/>
</kw>
<kw name="Press Register Submit Button" owner="VG_Kristin_user_generic_keywords">
<kw name="Click Specific Button" owner="keywords">
<kw name="Click Element" owner="SeleniumLibrary">
<msg time="2025-03-03T15:01:35.278414" level="INFO">Clicking element 'xpath=/html/body/main/article[2]/section/form/button'.</msg>
<arg>${button}</arg>
<doc>Click the element identified by ``locator``.</doc>
<status status="PASS" start="2025-03-03T15:01:35.277991" elapsed="0.060993"/>
</kw>
<arg>${reg_submit_button}</arg>
<status status="PASS" start="2025-03-03T15:01:35.277471" elapsed="0.061756"/>
</kw>
<kw name="Sleep" owner="BuiltIn">
<msg time="2025-03-03T15:01:37.339781" level="INFO">Slept 2 seconds.</msg>
<arg>2</arg>
<doc>Pauses the test executed for the given time.</doc>
<status status="PASS" start="2025-03-03T15:01:35.339409" elapsed="2.000815"/>
</kw>
<status status="PASS" start="2025-03-03T15:01:35.277005" elapsed="2.063401"/>
</kw>
<kw name="User Pal Should be Registered" owner="pal_keywords">
<kw name="Execute Javascript" owner="SeleniumLibrary">
<msg time="2025-03-03T15:01:37.341552" level="INFO">Executing JavaScript:
let users = getUsers();return users.some(u =&gt; u.username === 'StinaPalle');
Without any arguments.</msg>
<msg time="2025-03-03T15:01:37.346566" level="INFO">${userRegistered} = True</msg>
<var>${userRegistered}</var>
<arg>let users = getUsers();</arg>
<arg>return users.some(u =&gt; u.username === 'StinaPalle');</arg>
<doc>Executes the given JavaScript code with possible arguments.</doc>
<status status="PASS" start="2025-03-03T15:01:37.341081" elapsed="0.005657"/>
</kw>
<kw name="Should Be True" owner="BuiltIn">
<arg>${userRegistered}</arg>
<doc>Fails if the given condition is not true.</doc>
<status status="PASS" start="2025-03-03T15:01:37.346970" elapsed="0.000228"/>
</kw>
<doc>This keyword verifies that user pal is registerd as a user,
by fetching list of users with javascript and finding pal's username in list.</doc>
<status status="PASS" start="2025-03-03T15:01:37.340646" elapsed="0.006686"/>
</kw>
<doc>This keyword executes and verifies user pal registration.</doc>
<status status="PASS" start="2025-03-03T15:01:32.956430" elapsed="4.391010"/>
</kw>
<kw name="Log In User Pal" owner="pal_keywords">
<kw name="User Navigates To Login Section" owner="VG_Kristin_user_generic_keywords">
<kw name="Press Login Button" owner="VG_Kristin_user_generic_keywords">
<kw name="Click Specific Button" owner="keywords">
<kw name="Click Element" owner="SeleniumLibrary">
<msg time="2025-03-03T15:01:37.349403" level="INFO">Clicking element 'login-nav'.</msg>
<arg>${button}</arg>
<doc>Click the element identified by ``locator``.</doc>
<status status="PASS" start="2025-03-03T15:01:37.349183" elapsed="0.059924"/>
</kw>
<arg>${login_button}</arg>
<status status="PASS" start="2025-03-03T15:01:37.348889" elapsed="0.060409"/>
</kw>
<kw name="Wait Until Page Contains Element" owner="SeleniumLibrary">
<arg>${login_section}</arg>
<doc>Waits until the element ``locator`` appears on the current page.</doc>
<status status="PASS" start="2025-03-03T15:01:37.409491" elapsed="0.011842"/>
</kw>
<status status="PASS" start="2025-03-03T15:01:37.348173" elapsed="0.073366"/>
</kw>
<kw name="Page Should Contain Element" owner="SeleniumLibrary">
<msg time="2025-03-03T15:01:37.429130" level="INFO">Current page contains element 'id=login-section'.</msg>
<arg>${login_section}</arg>
<doc>Verifies that element ``locator`` is found on the current page.</doc>
<status status="PASS" start="2025-03-03T15:01:37.421740" elapsed="0.007724"/>
</kw>
<status status="PASS" start="2025-03-03T15:01:37.347911" elapsed="0.081739"/>
</kw>
<kw name="User Pal Enters Login Credentials" owner="pal_keywords">
<kw name="User Enters Login Credentials" owner="VG_Kristin_user_generic_keywords">
<kw name="Input Credentials" owner="keywords">
<kw name="Input Text" owner="SeleniumLibrary">
<msg time="2025-03-03T15:01:37.431718" level="INFO">Typing text 'StinaPalle' into text field 'login-username'.</msg>
<arg>${username_space}</arg>
<arg>${username}</arg>
<doc>Types the given ``text`` into the text field identified by ``locator``.</doc>
<status status="PASS" start="2025-03-03T15:01:37.431404" elapsed="0.084571"/>
</kw>
<kw name="Input Text" owner="SeleniumLibrary">
<msg time="2025-03-03T15:01:37.516807" level="INFO">Typing text 'thePaleontoligist' into text field 'login-password'.</msg>
<arg>${password_space}</arg>
<arg>${password}</arg>
<doc>Types the given ``text`` into the text field identified by ``locator``.</doc>
<status status="PASS" start="2025-03-03T15:01:37.516342" elapsed="0.115339"/>
</kw>
<arg>${username}</arg>
<arg>${login_username_text_box}</arg>
<arg>${password}</arg>
<arg>${login_password_text_box}</arg>
<status status="PASS" start="2025-03-03T15:01:37.430964" elapsed="0.201087"/>
</kw>
<arg>${pal_username}</arg>
<arg>${pal_password}</arg>
<doc>This keyword enters username and password into login fields.</doc>
<status status="PASS" start="2025-03-03T15:01:37.430497" elapsed="0.201741"/>
</kw>
<doc>This keyword enters pal's login credentials into login fields.</doc>
<status status="PASS" start="2025-03-03T15:01:37.429988" elapsed="0.202393"/>
</kw>
<kw name="Press Login Submit Button" owner="VG_Kristin_user_generic_keywords">
<kw name="Click Specific Button" owner="keywords">
<kw name="Click Element" owner="SeleniumLibrary">
<msg time="2025-03-03T15:01:37.633547" level="INFO">Clicking element 'xpath=/html/body/main/article[3]/section/form/button'.</msg>
<arg>${button}</arg>
<doc>Click the element identified by ``locator``.</doc>
<status status="PASS" start="2025-03-03T15:01:37.633312" elapsed="0.059963"/>
</kw>
<arg>${login_submit_button}</arg>
<status status="PASS" start="2025-03-03T15:01:37.632968" elapsed="0.060522"/>
</kw>
<kw name="Sleep" owner="BuiltIn">
<msg time="2025-03-03T15:01:39.694214" level="INFO">Slept 2 seconds.</msg>
<arg>2</arg>
<doc>Pauses the test executed for the given time.</doc>
<status status="PASS" start="2025-03-03T15:01:37.693683" elapsed="2.000976"/>
</kw>
<status status="PASS" start="2025-03-03T15:01:37.632612" elapsed="2.062310"/>
</kw>
<status status="PASS" start="2025-03-03T15:01:37.347623" elapsed="2.347467"/>
</kw>
<kw name="User Pal Should Be Logged In" owner="pal_keywords">
<kw name="User Should Be Logged In" owner="VG_Kristin_user_generic_keywords">
<kw name="Execute Javascript" owner="SeleniumLibrary">
<msg time="2025-03-03T15:01:39.697155" level="INFO">Executing JavaScript:
return currentUser.username;
Without any arguments.</msg>
<msg time="2025-03-03T15:01:39.707236" level="INFO">${UserLoggedIn} = StinaPalle</msg>
<var>${UserLoggedIn}</var>
<arg>return currentUser.username;</arg>
<doc>Executes the given JavaScript code with possible arguments.</doc>
<status status="PASS" start="2025-03-03T15:01:39.696513" elapsed="0.011186"/>
</kw>
<kw name="Should Be Equal" owner="BuiltIn">
<arg>${UserLoggedIn}</arg>
<arg>${username}</arg>
<doc>Fails if the given objects are unequal.</doc>
<status status="PASS" start="2025-03-03T15:01:39.708253" elapsed="0.000697"/>
</kw>
<arg>${pal_username}</arg>
<doc>This keyword verifies that user is logged in,
by using javascript to fetch the username of the current logged in user.</doc>
<status status="PASS" start="2025-03-03T15:01:39.696031" elapsed="0.013305"/>
</kw>
<doc>This keyword verifies that user pal is logged in.</doc>
<status status="PASS" start="2025-03-03T15:01:39.695466" elapsed="0.014168"/>
</kw>
<doc>This keyword executes and verifies user pal login.</doc>
<status status="PASS" start="2025-03-03T15:01:32.955352" elapsed="6.754503"/>
</kw>
<kw name="When Pal Buys Entrance Ticket" owner="pal_keywords">
<kw name="Buy Entrance Tickets" owner="VG_Kristin_user_generic_keywords">
<kw name="User Navigates To Buy Ticket Section" owner="VG_Kristin_user_generic_keywords">
<kw name="Press Ticket Button" owner="VG_Kristin_user_generic_keywords">
<kw name="Click Specific Button" owner="keywords">
<kw name="Click Element" owner="SeleniumLibrary">
<msg time="2025-03-03T15:01:39.719815" level="INFO">Clicking element 'xpath=/html/body/header/div/nav/ul/li[4]/a'.</msg>
<arg>${button}</arg>
<doc>Click the element identified by ``locator``.</doc>
<status status="PASS" start="2025-03-03T15:01:39.719221" elapsed="0.102236"/>
</kw>
<arg>${buy_ticket_button}</arg>
<status status="PASS" start="2025-03-03T15:01:39.718462" elapsed="0.103194"/>
</kw>
<kw name="Wait Until Page Contains Element" owner="SeleniumLibrary">
<arg>${tickets_section}</arg>
<doc>Waits until the element ``locator`` appears on the current page.</doc>
<status status="PASS" start="2025-03-03T15:01:39.821859" elapsed="0.009768"/>
</kw>
<status status="PASS" start="2025-03-03T15:01:39.717857" elapsed="0.113978"/>
</kw>
<kw name="Page Should Contain Element" owner="SeleniumLibrary">
<msg time="2025-03-03T15:01:39.843337" level="INFO">Current page contains element 'id=tickets-section'.</msg>
<arg>${tickets_section}</arg>
<doc>Verifies that element ``locator`` is found on the current page.</doc>
<status status="PASS" start="2025-03-03T15:01:39.832050" elapsed="0.011826"/>
</kw>
<status status="PASS" start="2025-03-03T15:01:39.717002" elapsed="0.127228"/>
</kw>
<kw name="Select From List By Value" owner="SeleniumLibrary">
<msg time="2025-03-03T15:01:39.845190" level="INFO">Selecting options from selection list 'id=ticket-type' by value Adult.</msg>
<arg>${ticket_type_field}</arg>
<arg>${selected_type}</arg>
<doc>Selects options from selection list ``locator`` by ``values``.</doc>
<status status="PASS" start="2025-03-03T15:01:39.844506" elapsed="0.044817"/>
</kw>
<kw name="Select From List By Value" owner="SeleniumLibrary">
<msg time="2025-03-03T15:01:39.889923" level="INFO">Selecting options from selection list 'id=ticket-category' by value Regular.</msg>
<arg>${ticket_cat_field}</arg>
<arg>${selected_category}</arg>
<doc>Selects options from selection list ``locator`` by ``values``.</doc>
<status status="PASS" start="2025-03-03T15:01:39.889609" elapsed="0.034657"/>
</kw>
<kw name="Input Text" owner="SeleniumLibrary">
<msg time="2025-03-03T15:01:39.924847" level="INFO">Typing text '1' into text field 'id=ticket-quantity'.</msg>
<arg>${input_of_ticket_counter}</arg>
<arg>${selected_quantity}</arg>
<doc>Types the given ``text`` into the text field identified by ``locator``.</doc>
<status status="PASS" start="2025-03-03T15:01:39.924523" elapsed="0.066522"/>
</kw>
<kw name="Press Add Ticket To Cart Button" owner="VG_Kristin_user_generic_keywords">
<kw name="Click Specific Button" owner="keywords">
<kw name="Click Element" owner="SeleniumLibrary">
<msg time="2025-03-03T15:01:39.992306" level="INFO">Clicking element 'xpath=/html/body/main/article[4]/section/form/button'.</msg>
<arg>${button}</arg>
<doc>Click the element identified by ``locator``.</doc>
<status status="PASS" start="2025-03-03T15:01:39.992030" elapsed="0.081159"/>
</kw>
<arg>${add_to_cart_button}</arg>
<status status="PASS" start="2025-03-03T15:01:39.991669" elapsed="0.081742"/>
</kw>
<kw name="Sleep" owner="BuiltIn">
<msg time="2025-03-03T15:01:42.075203" level="INFO">Slept 2 seconds.</msg>
<arg>2</arg>
<doc>Pauses the test executed for the given time.</doc>
<status status="PASS" start="2025-03-03T15:01:40.073644" elapsed="2.001822"/>
</kw>
<status status="PASS" start="2025-03-03T15:01:39.991334" elapsed="2.084280"/>
</kw>
<kw name="Handle Alert" owner="SeleniumLibrary">
<msg time="2025-03-03T15:01:42.076028" level="INFO">HANDLE::&lt;class 'NoneType'&gt;::None</msg>
<msg time="2025-03-03T15:01:42.083271" level="INFO">${alert_text} = Item added to cart!</msg>
<var>${alert_text}</var>
<arg>action=DISMISS</arg>
<doc>Handles the current alert and returns its message.</doc>
<status status="PASS" start="2025-03-03T15:01:42.075795" elapsed="0.007654"/>
</kw>
<kw name="Should Contain" owner="BuiltIn">
<arg>${alert_text}</arg>
<arg>${add_to_cart_message_successful}</arg>
<doc>Fails if ``container`` does not contain ``item`` one or more times.</doc>
<status status="PASS" start="2025-03-03T15:01:42.083672" elapsed="0.000291"/>
</kw>
<arg>${pal_ticket_type}</arg>
<arg>${pal_ticket_category}</arg>
<arg>${1}</arg>
<doc>This keyword executes and verifies adding entrance ticket(s) to cart.</doc>
<status status="PASS" start="2025-03-03T15:01:39.714467" elapsed="2.369629"/>
</kw>
<doc>This keyword executes and verifies adding entrance ticket of pal's choice to cart.</doc>
<status status="PASS" start="2025-03-03T15:01:39.713541" elapsed="2.370673"/>
</kw>
<kw name="Then Pal Entrance Ticket Should be Added To Cart" owner="pal_keywords">
<kw name="Get Cart Item Descriptions" owner="VG_Kristin_user_generic_keywords">
<kw name="Execute Javascript" owner="SeleniumLibrary">
<msg time="2025-03-03T15:01:42.086387" level="INFO">Executing JavaScript:
return getCart();
Without any arguments.</msg>
<msg time="2025-03-03T15:01:42.094132" level="INFO">${cart} = [{'category': 'Regular', 'description': '1 Regular Adult Ticket(s)', 'itemType': 'ticket', 'price': 50, 'quantity': 1}]</msg>
<var>${cart}</var>
<arg>return getCart();</arg>
<doc>Executes the given JavaScript code with possible arguments.</doc>
<status status="PASS" start="2025-03-03T15:01:42.085897" elapsed="0.008571"/>
</kw>
<kw name="Get Length" owner="BuiltIn">
<msg time="2025-03-03T15:01:42.095525" level="INFO">Length is 1.</msg>
<msg time="2025-03-03T15:01:42.095849" level="INFO">${cartLength} = 1</msg>
<var>${cartLength}</var>
<arg>${cart}</arg>
<doc>Returns and logs the length of the given item as an integer.</doc>
<status status="PASS" start="2025-03-03T15:01:42.094957" elapsed="0.001167"/>
</kw>
<kw name="Create List" owner="BuiltIn">
<msg time="2025-03-03T15:01:42.097009" level="INFO">${cartItemDescriptions} = []</msg>
<var>${cartItemDescriptions}</var>
<doc>Returns a list containing given items.</doc>
<status status="PASS" start="2025-03-03T15:01:42.096545" elapsed="0.000667"/>
</kw>
<for flavor="IN RANGE">
<iter>
<kw name="Execute Javascript" owner="SeleniumLibrary">
<msg time="2025-03-03T15:01:42.100277" level="INFO">Executing JavaScript:
let item = {'category': 'Regular', 'description': '1 Regular Adult Ticket(s)', 'itemType': 'ticket', 'price': 50, 'quantity': 1};return item.description;
Without any arguments.</msg>
<msg time="2025-03-03T15:01:42.106992" level="INFO">${temp} = 1 Regular Adult Ticket(s)</msg>
<var>${temp}</var>
<arg>let item = ${cart}[${i}];</arg>
<arg>return item.description;</arg>
<doc>Executes the given JavaScript code with possible arguments.</doc>
<status status="PASS" start="2025-03-03T15:01:42.098443" elapsed="0.008858"/>
</kw>
<kw name="Append To List" owner="Collections">
<arg>${cartItemDescriptions}</arg>
<arg>${temp}</arg>
<doc>Adds ``values`` to the end of ``list``.</doc>
<status status="PASS" start="2025-03-03T15:01:42.107629" elapsed="0.000393"/>
</kw>
<var name="${i}">0</var>
<status status="PASS" start="2025-03-03T15:01:42.097952" elapsed="0.010233"/>
</iter>
<var>${i}</var>
<value>0</value>
<value>${cartLength}</value>
<status status="PASS" start="2025-03-03T15:01:42.097410" elapsed="0.010918"/>
</for>
<return>
<value>${cartItemDescriptions}</value>
<status status="PASS" start="2025-03-03T15:01:42.108537" elapsed="0.000183"/>
</return>
<msg time="2025-03-03T15:01:42.109378" level="INFO">${listOfCartItemDescriptioins} = ['1 Regular Adult Ticket(s)']</msg>
<var>${listOfCartItemDescriptioins}</var>
<doc>This keyword fetches a list of descriptions of all items in cart,
using javascript to fetch items in cart and their respective descriptions.
(With more time, I would have liked a general "Get list by property" keyword)</doc>
<status status="PASS" start="2025-03-03T15:01:42.085351" elapsed="0.024347"/>
</kw>
<kw name="Should Contain X Times" owner="BuiltIn">
<msg time="2025-03-03T15:01:42.111319" level="INFO">Item found from container 1 time.</msg>
<arg>${listOfCartItemDescriptioins}</arg>
<arg>1 Regular Adult Ticket(s)</arg>
<arg>1</arg>
<doc>Fails if ``container`` does not contain ``item`` ``count`` times.</doc>
<status status="PASS" start="2025-03-03T15:01:42.110067" elapsed="0.001669"/>
</kw>
<doc>This keyword verifies that pal's entrance ticket is in cart.</doc>
<status status="PASS" start="2025-03-03T15:01:42.084754" elapsed="0.027236"/>
</kw>
<kw name="And Total Cart Cost Should Be Correct" owner="VG_Kristin_user_generic_keywords">
<kw name="Execute Javascript" owner="SeleniumLibrary">
<msg time="2025-03-03T15:01:42.117200" level="INFO">Executing JavaScript:
return getCart();
Without any arguments.</msg>
<msg time="2025-03-03T15:01:42.123254" level="INFO">${cart} = [{'category': 'Regular', 'description': '1 Regular Adult Ticket(s)', 'itemType': 'ticket', 'price': 50, 'quantity': 1}]</msg>
<var>${cart}</var>
<arg>return getCart();</arg>
<doc>Executes the given JavaScript code with possible arguments.</doc>
<status status="PASS" start="2025-03-03T15:01:42.116664" elapsed="0.006918"/>
</kw>
<kw name="Set Variable" owner="BuiltIn">
<msg time="2025-03-03T15:01:42.124378" level="INFO">${totalPriceInCart} = 0</msg>
<var>${totalPriceInCart}</var>
<arg>0</arg>
<doc>Returns the given values which can then be assigned to a variables.</doc>
<status status="PASS" start="2025-03-03T15:01:42.123968" elapsed="0.000540"/>
</kw>
<kw name="Get Length" owner="BuiltIn">
<msg time="2025-03-03T15:01:42.125125" level="INFO">Length is 1.</msg>
<msg time="2025-03-03T15:01:42.125592" level="INFO">${cartLength} = 1</msg>
<var>${cartLength}</var>
<arg>${cart}</arg>
<doc>Returns and logs the length of the given item as an integer.</doc>
<status status="PASS" start="2025-03-03T15:01:42.124725" elapsed="0.001050"/>
</kw>
<for flavor="IN RANGE">
<iter>
<kw name="Execute Javascript" owner="SeleniumLibrary">
<msg time="2025-03-03T15:01:42.129591" level="INFO">Executing JavaScript:
let item = {'category': 'Regular', 'description': '1 Regular Adult Ticket(s)', 'itemType': 'ticket', 'price': 50, 'quantity': 1};return item.price;
Without any arguments.</msg>
<msg time="2025-03-03T15:01:42.153853" level="INFO">${tempItemPrice} = 50</msg>
<var>${tempItemPrice}</var>
<arg>let item = ${cart}[${i}];</arg>
<arg>return item.price;</arg>
<doc>Executes the given JavaScript code with possible arguments.</doc>
<status status="PASS" start="2025-03-03T15:01:42.127216" elapsed="0.027319"/>
</kw>
<kw name="Evaluate" owner="BuiltIn">
<msg time="2025-03-03T15:01:42.158797" level="INFO">${totalPriceInCart} = 50</msg>
<var>${totalPriceInCart}</var>
<arg>${totalPriceInCart} + ${tempItemPrice}</arg>
<doc>Evaluates the given expression in Python and returns the result.</doc>
<status status="PASS" start="2025-03-03T15:01:42.155450" elapsed="0.004032"/>
</kw>
<var name="${i}">0</var>
<status status="PASS" start="2025-03-03T15:01:42.126692" elapsed="0.033185"/>
</iter>
<var>${i}</var>
<value>0</value>
<value>${cartLength}</value>
<status status="PASS" start="2025-03-03T15:01:42.126091" elapsed="0.034490"/>
</for>
<kw name="Should Be Equal As Numbers" owner="BuiltIn">
<arg>${totalPriceInCart}</arg>
<arg>${expectedCost}</arg>
<doc>Fails if objects are unequal after converting them to real numbers.</doc>
<status status="PASS" start="2025-03-03T15:01:42.161501" elapsed="0.001175"/>
</kw>
<arg>${50}</arg>
<doc>This keyword verifies that total cart cost is same as expected, by looping through cart,
add all prices up, using javascript to fetch items in cart and their prices.</doc>
<status status="PASS" start="2025-03-03T15:01:42.113186" elapsed="0.050038"/>
</kw>
<kw name="Pal Teardown" owner="pal_keywords" type="TEARDOWN">
<kw name="Close Browser" owner="SeleniumLibrary">
<doc>Closes the current browser.</doc>
<status status="PASS" start="2025-03-03T15:01:42.168069" elapsed="2.382680"/>
</kw>
<doc>This teardown closes browser.</doc>
<status status="PASS" start="2025-03-03T15:01:42.166728" elapsed="2.384233"/>
</kw>
<doc>This test verifies that pal can buy entrance ticket when logged in,
that item is added to cart, and cart total is correct.</doc>
<tag>BookingProcess</tag>
<tag>Cart</tag>
<tag>CostTotal</tag>
<tag>Demo</tag>
<tag>Kristin</tag>
<tag>Ticket</tag>
<status status="PASS" start="2025-03-03T15:01:29.544754" elapsed="15.006814"/>
</test>
<test id="s1-t4" name="Pal Books Safaris" line="46">
<kw name="Pal Setup" owner="pal_keywords" type="SETUP">
<kw name="Open Browser To Page" owner="keywords">
<kw name="Open Browser" owner="SeleniumLibrary">
<msg time="2025-03-03T15:01:44.556694" level="INFO">Opening browser 'chrome' to base url 'file:///C:/Users/johan/GitHub/Lab1-Continuous-Integration/webpage\jurap.html'.</msg>
<msg time="2025-03-03T15:01:44.940046" level="WARN">The chromedriver version (132.0.6834.110) detected in PATH at C:\Users\johan\Desktop\DevTools\chromedriver-win64\chromedriver.exe might not be compatible with the detected chrome version (133.0.6943.142); currently, chromedriver 133.0.6943.141 is recommended for chrome 133.*, so it is advised to delete the driver in PATH and retry</msg>
<arg>${url}</arg>
<arg>${browser}</arg>
<doc>Opens a new browser instance to the optional ``url``.</doc>
<status status="PASS" start="2025-03-03T15:01:44.556422" elapsed="2.905659"/>
</kw>
<kw name="Title Should Be" owner="SeleniumLibrary">
<msg time="2025-03-03T15:01:47.474229" level="INFO">Page title is 'Jura-Stina-Kalle Park'.</msg>
<arg>${title}</arg>
<doc>Verifies that the current page title equals ``title``.</doc>
<status status="PASS" start="2025-03-03T15:01:47.462866" elapsed="0.012080"/>
</kw>
<arg>${url_demo}</arg>
<arg>${browser}</arg>
<arg>${title_demo}</arg>
<status status="PASS" start="2025-03-03T15:01:44.555990" elapsed="2.919299"/>
</kw>
<doc>This setup opens browser to JurasStina-Kalle park home page.</doc>
<status status="PASS" start="2025-03-03T15:01:44.555022" elapsed="2.920520"/>
</kw>
<kw name="Given User Pal Is Logged In" owner="pal_keywords">
<kw name="User Pal Is Registered" owner="pal_keywords">
<kw name="User Navigates To Register Section" owner="VG_Kristin_user_generic_keywords">
<kw name="Press Register Button" owner="VG_Kristin_user_generic_keywords">
<kw name="Click Specific Button" owner="keywords">
<kw name="Click Element" owner="SeleniumLibrary">
<msg time="2025-03-03T15:01:47.480089" level="INFO">Clicking element 'xpath=/html/body/header/div/nav/ul/li[2]/a'.</msg>
<arg>${button}</arg>
<doc>Click the element identified by ``locator``.</doc>
<status status="PASS" start="2025-03-03T15:01:47.479218" elapsed="0.072923"/>
</kw>
<arg>${reg_button}</arg>
<status status="PASS" start="2025-03-03T15:01:47.478799" elapsed="0.073555"/>
</kw>
<kw name="Sleep" owner="BuiltIn">
<msg time="2025-03-03T15:01:49.552997" level="INFO">Slept 2 seconds.</msg>
<arg>2</arg>
<doc>Pauses the test executed for the given time.</doc>
<status status="PASS" start="2025-03-03T15:01:47.552553" elapsed="2.001044"/>
</kw>
<status status="PASS" start="2025-03-03T15:01:47.478366" elapsed="2.075582"/>
</kw>
<kw name="Page Should Contain Element" owner="SeleniumLibrary">
<msg time="2025-03-03T15:01:49.566466" level="INFO">Current page contains element 'id=register-form'.</msg>
<arg>${reg_section}</arg>
<doc>Verifies that element ``locator`` is found on the current page.</doc>
<status status="PASS" start="2025-03-03T15:01:49.554258" elapsed="0.012426"/>
</kw>
<status status="PASS" start="2025-03-03T15:01:47.477773" elapsed="2.089065"/>
</kw>
<kw name="User Pal Enters Registration Credentials" owner="pal_keywords">
<kw name="User Enters Registration Credentials" owner="VG_Kristin_user_generic_keywords">
<kw name="Input Credentials" owner="keywords">
<kw name="Input Text" owner="SeleniumLibrary">
<msg time="2025-03-03T15:01:49.568409" level="INFO">Typing text 'StinaPalle' into text field 'reg-username'.</msg>
<arg>${username_space}</arg>
<arg>${username}</arg>
<doc>Types the given ``text`` into the text field identified by ``locator``.</doc>
<status status="PASS" start="2025-03-03T15:01:49.568143" elapsed="0.089164"/>
</kw>
<kw name="Input Text" owner="SeleniumLibrary">
<msg time="2025-03-03T15:01:49.658205" level="INFO">Typing text 'thePaleontoligist' into text field 'reg-password'.</msg>
<arg>${password_space}</arg>
<arg>${password}</arg>
<doc>Types the given ``text`` into the text field identified by ``locator``.</doc>
<status status="PASS" start="2025-03-03T15:01:49.657679" elapsed="0.085976"/>
</kw>
<arg>${username}</arg>
<arg>${reg_username_text_box}</arg>
<arg>${password}</arg>
<arg>${reg_password_text_box}</arg>
<status status="PASS" start="2025-03-03T15:01:49.567730" elapsed="0.176117"/>
</kw>
<arg>${pal_username}</arg>
<arg>${pal_password}</arg>
<doc>This keyword enters username and password into registration fields.</doc>
<status status="PASS" start="2025-03-03T15:01:49.567367" elapsed="0.176615"/>
</kw>
<doc>This keyword enters pal's registration credentials into registration fields.</doc>
<status status="PASS" start="2025-03-03T15:01:49.567050" elapsed="0.177059"/>
</kw>
<kw name="Press Register Submit Button" owner="VG_Kristin_user_generic_keywords">
<kw name="Click Specific Button" owner="keywords">
<kw name="Click Element" owner="SeleniumLibrary">
<msg time="2025-03-03T15:01:49.745166" level="INFO">Clicking element 'xpath=/html/body/main/article[2]/section/form/button'.</msg>
<arg>${button}</arg>
<doc>Click the element identified by ``locator``.</doc>
<status status="PASS" start="2025-03-03T15:01:49.744947" elapsed="0.064909"/>
</kw>
<arg>${reg_submit_button}</arg>
<status status="PASS" start="2025-03-03T15:01:49.744640" elapsed="0.065457"/>
</kw>
<kw name="Sleep" owner="BuiltIn">
<msg time="2025-03-03T15:01:51.810785" level="INFO">Slept 2 seconds.</msg>
<arg>2</arg>
<doc>Pauses the test executed for the given time.</doc>
<status status="PASS" start="2025-03-03T15:01:49.810299" elapsed="2.000774"/>
</kw>
<status status="PASS" start="2025-03-03T15:01:49.744325" elapsed="2.066907"/>
</kw>
<kw name="User Pal Should be Registered" owner="pal_keywords">
<kw name="Execute Javascript" owner="SeleniumLibrary">
<msg time="2025-03-03T15:01:51.812255" level="INFO">Executing JavaScript:
let users = getUsers();return users.some(u =&gt; u.username === 'StinaPalle');
Without any arguments.</msg>
<msg time="2025-03-03T15:01:51.817412" level="INFO">${userRegistered} = True</msg>
<var>${userRegistered}</var>
<arg>let users = getUsers();</arg>
<arg>return users.some(u =&gt; u.username === 'StinaPalle');</arg>
<doc>Executes the given JavaScript code with possible arguments.</doc>
<status status="PASS" start="2025-03-03T15:01:51.811792" elapsed="0.005779"/>
</kw>
<kw name="Should Be True" owner="BuiltIn">
<arg>${userRegistered}</arg>
<doc>Fails if the given condition is not true.</doc>
<status status="PASS" start="2025-03-03T15:01:51.817777" elapsed="0.000231"/>
</kw>
<doc>This keyword verifies that user pal is registerd as a user,
by fetching list of users with javascript and finding pal's username in list.</doc>
<status status="PASS" start="2025-03-03T15:01:51.811466" elapsed="0.006664"/>
</kw>
<doc>This keyword executes and verifies user pal registration.</doc>
<status status="PASS" start="2025-03-03T15:01:47.477293" elapsed="4.340958"/>
</kw>
<kw name="Log In User Pal" owner="pal_keywords">
<kw name="User Navigates To Login Section" owner="VG_Kristin_user_generic_keywords">
<kw name="Press Login Button" owner="VG_Kristin_user_generic_keywords">
<kw name="Click Specific Button" owner="keywords">
<kw name="Click Element" owner="SeleniumLibrary">
<msg time="2025-03-03T15:01:51.819899" level="INFO">Clicking element 'login-nav'.</msg>
<arg>${button}</arg>
<doc>Click the element identified by ``locator``.</doc>
<status status="PASS" start="2025-03-03T15:01:51.819571" elapsed="0.061007"/>
</kw>
<arg>${login_button}</arg>
<status status="PASS" start="2025-03-03T15:01:51.819251" elapsed="0.061531"/>
</kw>
<kw name="Wait Until Page Contains Element" owner="SeleniumLibrary">
<arg>${login_section}</arg>
<doc>Waits until the element ``locator`` appears on the current page.</doc>
<status status="PASS" start="2025-03-03T15:01:51.880982" elapsed="0.010399"/>
</kw>
<status status="PASS" start="2025-03-03T15:01:51.818981" elapsed="0.072623"/>
</kw>
<kw name="Page Should Contain Element" owner="SeleniumLibrary">
<msg time="2025-03-03T15:01:51.901766" level="INFO">Current page contains element 'id=login-section'.</msg>
<arg>${login_section}</arg>
<doc>Verifies that element ``locator`` is found on the current page.</doc>
<status status="PASS" start="2025-03-03T15:01:51.891810" elapsed="0.010184"/>
</kw>
<status status="PASS" start="2025-03-03T15:01:51.818702" elapsed="0.083446"/>
</kw>
<kw name="User Pal Enters Login Credentials" owner="pal_keywords">
<kw name="User Enters Login Credentials" owner="VG_Kristin_user_generic_keywords">
<kw name="Input Credentials" owner="keywords">
<kw name="Input Text" owner="SeleniumLibrary">
<msg time="2025-03-03T15:01:51.903679" level="INFO">Typing text 'StinaPalle' into text field 'login-username'.</msg>
<arg>${username_space}</arg>
<arg>${username}</arg>
<doc>Types the given ``text`` into the text field identified by ``locator``.</doc>
<status status="PASS" start="2025-03-03T15:01:51.903396" elapsed="0.119631"/>
</kw>
<kw name="Input Text" owner="SeleniumLibrary">
<msg time="2025-03-03T15:01:52.024908" level="INFO">Typing text 'thePaleontoligist' into text field 'login-password'.</msg>
<arg>${password_space}</arg>
<arg>${password}</arg>
<doc>Types the given ``text`` into the text field identified by ``locator``.</doc>
<status status="PASS" start="2025-03-03T15:01:52.024367" elapsed="0.097462"/>
</kw>
<arg>${username}</arg>
<arg>${login_username_text_box}</arg>
<arg>${password}</arg>
<arg>${login_password_text_box}</arg>
<status status="PASS" start="2025-03-03T15:01:51.903004" elapsed="0.219241"/>
</kw>
<arg>${pal_username}</arg>
<arg>${pal_password}</arg>
<doc>This keyword enters username and password into login fields.</doc>
<status status="PASS" start="2025-03-03T15:01:51.902655" elapsed="0.219800"/>
</kw>
<doc>This keyword enters pal's login credentials into login fields.</doc>
<status status="PASS" start="2025-03-03T15:01:51.902355" elapsed="0.220261"/>
</kw>
<kw name="Press Login Submit Button" owner="VG_Kristin_user_generic_keywords">
<kw name="Click Specific Button" owner="keywords">
<kw name="Click Element" owner="SeleniumLibrary">
<msg time="2025-03-03T15:01:52.125013" level="INFO">Clicking element 'xpath=/html/body/main/article[3]/section/form/button'.</msg>
<arg>${button}</arg>
<doc>Click the element identified by ``locator``.</doc>
<status status="PASS" start="2025-03-03T15:01:52.124307" elapsed="0.067888"/>
</kw>
<arg>${login_submit_button}</arg>
<status status="PASS" start="2025-03-03T15:01:52.123569" elapsed="0.068981"/>
</kw>
<kw name="Sleep" owner="BuiltIn">
<msg time="2025-03-03T15:01:54.193755" level="INFO">Slept 2 seconds.</msg>
<arg>2</arg>
<doc>Pauses the test executed for the given time.</doc>
<status status="PASS" start="2025-03-03T15:01:52.192844" elapsed="2.001178"/>
</kw>
<status status="PASS" start="2025-03-03T15:01:52.123019" elapsed="2.071173"/>
</kw>
<status status="PASS" start="2025-03-03T15:01:51.818422" elapsed="2.375891"/>
</kw>
<kw name="User Pal Should Be Logged In" owner="pal_keywords">
<kw name="User Should Be Logged In" owner="VG_Kristin_user_generic_keywords">
<kw name="Execute Javascript" owner="SeleniumLibrary">
<msg time="2025-03-03T15:01:54.195586" level="INFO">Executing JavaScript:
return currentUser.username;
Without any arguments.</msg>
<msg time="2025-03-03T15:01:54.202065" level="INFO">${UserLoggedIn} = StinaPalle</msg>
<var>${UserLoggedIn}</var>
<arg>return currentUser.username;</arg>
<doc>Executes the given JavaScript code with possible arguments.</doc>
<status status="PASS" start="2025-03-03T15:01:54.195190" elapsed="0.007044"/>
</kw>
<kw name="Should Be Equal" owner="BuiltIn">
<arg>${UserLoggedIn}</arg>
<arg>${username}</arg>
<doc>Fails if the given objects are unequal.</doc>
<status status="PASS" start="2025-03-03T15:01:54.202452" elapsed="0.000310"/>
</kw>
<arg>${pal_username}</arg>
<doc>This keyword verifies that user is logged in,
by using javascript to fetch the username of the current logged in user.</doc>
<status status="PASS" start="2025-03-03T15:01:54.194865" elapsed="0.008039"/>
</kw>
<doc>This keyword verifies that user pal is logged in.</doc>
<status status="PASS" start="2025-03-03T15:01:54.194521" elapsed="0.008507"/>
</kw>
<doc>This keyword executes and verifies user pal login.</doc>
<status status="PASS" start="2025-03-03T15:01:47.476645" elapsed="6.726500"/>
</kw>
<kw name="And Pal Entrance Ticket Is Added To Cart" owner="pal_keywords">
<kw name="Press Ticket Button" owner="VG_Kristin_user_generic_keywords">
<kw name="Click Specific Button" owner="keywords">
<kw name="Click Element" owner="SeleniumLibrary">
<msg time="2025-03-03T15:01:54.205329" level="INFO">Clicking element 'xpath=/html/body/header/div/nav/ul/li[4]/a'.</msg>
<arg>${button}</arg>
<doc>Click the element identified by ``locator``.</doc>
<status status="PASS" start="2025-03-03T15:01:54.205081" elapsed="0.069212"/>
</kw>
<arg>${buy_ticket_button}</arg>
<status status="PASS" start="2025-03-03T15:01:54.204663" elapsed="0.069824"/>
</kw>
<kw name="Wait Until Page Contains Element" owner="SeleniumLibrary">
<arg>${tickets_section}</arg>
<doc>Waits until the element ``locator`` appears on the current page.</doc>
<status status="PASS" start="2025-03-03T15:01:54.274683" elapsed="0.014165"/>
</kw>
<status status="PASS" start="2025-03-03T15:01:54.204268" elapsed="0.084810"/>
</kw>
<kw name="Pal Buys Entrance Ticket" owner="pal_keywords">
<kw name="Buy Entrance Tickets" owner="VG_Kristin_user_generic_keywords">
<kw name="User Navigates To Buy Ticket Section" owner="VG_Kristin_user_generic_keywords">
<kw name="Press Ticket Button" owner="VG_Kristin_user_generic_keywords">
<kw name="Click Specific Button" owner="keywords">
<kw name="Click Element" owner="SeleniumLibrary">
<msg time="2025-03-03T15:01:54.291757" level="INFO">Clicking element 'xpath=/html/body/header/div/nav/ul/li[4]/a'.</msg>
<arg>${button}</arg>
<doc>Click the element identified by ``locator``.</doc>
<status status="PASS" start="2025-03-03T15:01:54.291524" elapsed="0.054957"/>
</kw>
<arg>${buy_ticket_button}</arg>
<status status="PASS" start="2025-03-03T15:01:54.291214" elapsed="0.055476"/>
</kw>
<kw name="Wait Until Page Contains Element" owner="SeleniumLibrary">
<arg>${tickets_section}</arg>
<doc>Waits until the element ``locator`` appears on the current page.</doc>
<status status="PASS" start="2025-03-03T15:01:54.346909" elapsed="0.005363"/>
</kw>
<status status="PASS" start="2025-03-03T15:01:54.290927" elapsed="0.061674"/>
</kw>
<kw name="Page Should Contain Element" owner="SeleniumLibrary">
<msg time="2025-03-03T15:01:54.360954" level="INFO">Current page contains element 'id=tickets-section'.</msg>
<arg>${tickets_section}</arg>
<doc>Verifies that element ``locator`` is found on the current page.</doc>
<status status="PASS" start="2025-03-03T15:01:54.352846" elapsed="0.008584"/>
</kw>
<status status="PASS" start="2025-03-03T15:01:54.290645" elapsed="0.071072"/>
</kw>
<kw name="Select From List By Value" owner="SeleniumLibrary">
<msg time="2025-03-03T15:01:54.362571" level="INFO">Selecting options from selection list 'id=ticket-type' by value Adult.</msg>
<arg>${ticket_type_field}</arg>
<arg>${selected_type}</arg>
<doc>Selects options from selection list ``locator`` by ``values``.</doc>
<status status="PASS" start="2025-03-03T15:01:54.362056" elapsed="0.044302"/>
</kw>
<kw name="Select From List By Value" owner="SeleniumLibrary">
<msg time="2025-03-03T15:01:54.406922" level="INFO">Selecting options from selection list 'id=ticket-category' by value Regular.</msg>
<arg>${ticket_cat_field}</arg>
<arg>${selected_category}</arg>
<doc>Selects options from selection list ``locator`` by ``values``.</doc>
<status status="PASS" start="2025-03-03T15:01:54.406611" elapsed="0.040502"/>
</kw>
<kw name="Input Text" owner="SeleniumLibrary">
<msg time="2025-03-03T15:01:54.447664" level="INFO">Typing text '1' into text field 'id=ticket-quantity'.</msg>
<arg>${input_of_ticket_counter}</arg>
<arg>${selected_quantity}</arg>
<doc>Types the given ``text`` into the text field identified by ``locator``.</doc>
<status status="PASS" start="2025-03-03T15:01:54.447367" elapsed="0.069941"/>
</kw>
<kw name="Press Add Ticket To Cart Button" owner="VG_Kristin_user_generic_keywords">
<kw name="Click Specific Button" owner="keywords">
<kw name="Click Element" owner="SeleniumLibrary">
<msg time="2025-03-03T15:01:54.518458" level="INFO">Clicking element 'xpath=/html/body/main/article[4]/section/form/button'.</msg>
<arg>${button}</arg>
<doc>Click the element identified by ``locator``.</doc>
<status status="PASS" start="2025-03-03T15:01:54.518235" elapsed="0.074008"/>
</kw>
<arg>${add_to_cart_button}</arg>
<status status="PASS" start="2025-03-03T15:01:54.517911" elapsed="0.074762"/>
</kw>
<kw name="Sleep" owner="BuiltIn">
<msg time="2025-03-03T15:01:56.594391" level="INFO">Slept 2 seconds.</msg>
<arg>2</arg>
<doc>Pauses the test executed for the given time.</doc>
<status status="PASS" start="2025-03-03T15:01:54.593041" elapsed="2.001588"/>
</kw>
<status status="PASS" start="2025-03-03T15:01:54.517588" elapsed="2.077316"/>
</kw>
<kw name="Handle Alert" owner="SeleniumLibrary">
<msg time="2025-03-03T15:01:56.595338" level="INFO">HANDLE::&lt;class 'NoneType'&gt;::None</msg>
<msg time="2025-03-03T15:01:56.602032" level="INFO">${alert_text} = Item added to cart!</msg>
<var>${alert_text}</var>
<arg>action=DISMISS</arg>
<doc>Handles the current alert and returns its message.</doc>
<status status="PASS" start="2025-03-03T15:01:56.595101" elapsed="0.007171"/>
</kw>
<kw name="Should Contain" owner="BuiltIn">
<arg>${alert_text}</arg>
<arg>${add_to_cart_message_successful}</arg>
<doc>Fails if ``container`` does not contain ``item`` one or more times.</doc>
<status status="PASS" start="2025-03-03T15:01:56.602511" elapsed="0.000318"/>
</kw>
<arg>${pal_ticket_type}</arg>
<arg>${pal_ticket_category}</arg>
<arg>${1}</arg>
<doc>This keyword executes and verifies adding entrance ticket(s) to cart.</doc>
<status status="PASS" start="2025-03-03T15:01:54.289655" elapsed="2.313336"/>
</kw>
<doc>This keyword executes and verifies adding entrance ticket of pal's choice to cart.</doc>
<status status="PASS" start="2025-03-03T15:01:54.289301" elapsed="2.313842"/>
</kw>
<kw name="Pal Entrance Ticket Should be Added To Cart" owner="pal_keywords">
<kw name="Get Cart Item Descriptions" owner="VG_Kristin_user_generic_keywords">
<kw name="Execute Javascript" owner="SeleniumLibrary">
<msg time="2025-03-03T15:01:56.604426" level="INFO">Executing JavaScript:
return getCart();
Without any arguments.</msg>
<msg time="2025-03-03T15:01:56.612069" level="INFO">${cart} = [{'category': 'Regular', 'description': '1 Regular Adult Ticket(s)', 'itemType': 'ticket', 'price': 50, 'quantity': 1}]</msg>
<var>${cart}</var>
<arg>return getCart();</arg>
<doc>Executes the given JavaScript code with possible arguments.</doc>
<status status="PASS" start="2025-03-03T15:01:56.604026" elapsed="0.008236"/>
</kw>
<kw name="Get Length" owner="BuiltIn">
<msg time="2025-03-03T15:01:56.612702" level="INFO">Length is 1.</msg>
<msg time="2025-03-03T15:01:56.612847" level="INFO">${cartLength} = 1</msg>
<var>${cartLength}</var>
<arg>${cart}</arg>
<doc>Returns and logs the length of the given item as an integer.</doc>
<status status="PASS" start="2025-03-03T15:01:56.612487" elapsed="0.000450"/>
</kw>
<kw name="Create List" owner="BuiltIn">
<msg time="2025-03-03T15:01:56.613279" level="INFO">${cartItemDescriptions} = []</msg>
<var>${cartItemDescriptions}</var>
<doc>Returns a list containing given items.</doc>
<status status="PASS" start="2025-03-03T15:01:56.613095" elapsed="0.000273"/>
</kw>
<for flavor="IN RANGE">
<iter>
<kw name="Execute Javascript" owner="SeleniumLibrary">
<msg time="2025-03-03T15:01:56.614310" level="INFO">Executing JavaScript:
let item = {'category': 'Regular', 'description': '1 Regular Adult Ticket(s)', 'itemType': 'ticket', 'price': 50, 'quantity': 1};return item.description;
Without any arguments.</msg>
<msg time="2025-03-03T15:01:56.619164" level="INFO">${temp} = 1 Regular Adult Ticket(s)</msg>
<var>${temp}</var>
<arg>let item = ${cart}[${i}];</arg>
<arg>return item.description;</arg>
<doc>Executes the given JavaScript code with possible arguments.</doc>
<status status="PASS" start="2025-03-03T15:01:56.613875" elapsed="0.005624"/>
</kw>
<kw name="Append To List" owner="Collections">
<arg>${cartItemDescriptions}</arg>
<arg>${temp}</arg>
<doc>Adds ``values`` to the end of ``list``.</doc>
<status status="PASS" start="2025-03-03T15:01:56.619968" elapsed="0.000578"/>
</kw>
<var name="${i}">0</var>
<status status="PASS" start="2025-03-03T15:01:56.613723" elapsed="0.007070"/>
</iter>
<var>${i}</var>
<value>0</value>
<value>${cartLength}</value>
<status status="PASS" start="2025-03-03T15:01:56.613480" elapsed="0.007558"/>
</for>
<return>
<value>${cartItemDescriptions}</value>
<status status="PASS" start="2025-03-03T15:01:56.621298" elapsed="0.000237"/>
</return>
<msg time="2025-03-03T15:01:56.622003" level="INFO">${listOfCartItemDescriptioins} = ['1 Regular Adult Ticket(s)']</msg>
<var>${listOfCartItemDescriptioins}</var>
<doc>This keyword fetches a list of descriptions of all items in cart,
using javascript to fetch items in cart and their respective descriptions.
(With more time, I would have liked a general "Get list by property" keyword)</doc>
<status status="PASS" start="2025-03-03T15:01:56.603724" elapsed="0.018537"/>
</kw>
<kw name="Should Contain X Times" owner="BuiltIn">
<msg time="2025-03-03T15:01:56.623366" level="INFO">Item found from container 1 time.</msg>
<arg>${listOfCartItemDescriptioins}</arg>
<arg>1 Regular Adult Ticket(s)</arg>
<arg>1</arg>
<doc>Fails if ``container`` does not contain ``item`` ``count`` times.</doc>
<status status="PASS" start="2025-03-03T15:01:56.622728" elapsed="0.001087"/>
</kw>
<doc>This keyword verifies that pal's entrance ticket is in cart.</doc>
<status status="PASS" start="2025-03-03T15:01:56.603347" elapsed="0.020846"/>
</kw>
<doc>This keyword executes and verifies adding pal's entrance ticket to cart.</doc>
<status status="PASS" start="2025-03-03T15:01:54.203851" elapsed="2.420610"/>
</kw>
<kw name="When Pal Books Safaris" owner="pal_keywords">
<kw name="Book Safari" owner="VG_Kristin_user_generic_keywords">
<kw name="Press Safari Button" owner="VG_Kristin_user_generic_keywords">
<kw name="Click Specific Button" owner="keywords">
<kw name="Click Element" owner="SeleniumLibrary">
<msg time="2025-03-03T15:01:56.641666" level="INFO">Clicking element 'xpath=/html/body/header/div/nav/ul/li[5]/a'.</msg>
<arg>${button}</arg>
<doc>Click the element identified by ``locator``.</doc>
<status status="PASS" start="2025-03-03T15:01:56.640896" elapsed="0.159428"/>
</kw>
<arg>${safari_button}</arg>
<status status="PASS" start="2025-03-03T15:01:56.639791" elapsed="0.160807"/>
</kw>
<kw name="Wait Until Page Contains Element" owner="SeleniumLibrary">
<arg>${safari_section}</arg>
<doc>Waits until the element ``locator`` appears on the current page.</doc>
<status status="PASS" start="2025-03-03T15:01:56.800950" elapsed="0.010966"/>
</kw>
<status status="PASS" start="2025-03-03T15:01:56.633138" elapsed="0.179563"/>
</kw>
<kw name="Input Text" owner="SeleniumLibrary">
<msg time="2025-03-03T15:01:56.813438" level="INFO">Typing text '002025-03-19' into text field 'id=safari-date'.</msg>
<arg>${safari_date_field}</arg>
<arg>${safari_date}</arg>
<doc>Types the given ``text`` into the text field identified by ``locator``.</doc>
<status status="PASS" start="2025-03-03T15:01:56.813025" elapsed="0.067965"/>
</kw>
<kw name="Select From List By Value" owner="SeleniumLibrary">
<msg time="2025-03-03T15:01:56.881628" level="INFO">Selecting options from selection list 'xpath=/html/body/main/article[5]/section/form/select' by value T-Rex Rumble.</msg>
<arg>${safari_type_field}</arg>
<arg>${safari_type}</arg>
<doc>Selects options from selection list ``locator`` by ``values``.</doc>
<status status="PASS" start="2025-03-03T15:01:56.881273" elapsed="0.066179"/>
</kw>
<kw name="Press Add Safari To Cart Button" owner="VG_Kristin_user_generic_keywords">
<kw name="Click Specific Button" owner="keywords">
<kw name="Click Element" owner="SeleniumLibrary">
<msg time="2025-03-03T15:01:56.948671" level="INFO">Clicking element 'xpath=/html/body/main/article[5]/section/form/button'.</msg>
<arg>${button}</arg>
<doc>Click the element identified by ``locator``.</doc>
<status status="PASS" start="2025-03-03T15:01:56.948401" elapsed="0.064337"/>
</kw>
<arg>${safari_submit_button}</arg>
<status status="PASS" start="2025-03-03T15:01:56.948071" elapsed="0.064874"/>
</kw>
<kw name="Sleep" owner="BuiltIn">
<msg time="2025-03-03T15:01:59.013817" level="INFO">Slept 2 seconds.</msg>
<arg>2</arg>
<doc>Pauses the test executed for the given time.</doc>
<status status="PASS" start="2025-03-03T15:01:57.013144" elapsed="2.000905"/>
</kw>
<status status="PASS" start="2025-03-03T15:01:56.947747" elapsed="2.066462"/>
</kw>
<kw name="Handle Alert" owner="SeleniumLibrary">
<msg time="2025-03-03T15:01:59.014750" level="INFO">HANDLE::&lt;class 'NoneType'&gt;::None</msg>
<msg time="2025-03-03T15:01:59.018674" level="INFO">${alert_text} = Item added to cart!</msg>
<var>${alert_text}</var>
<arg>action=DISMISS</arg>
<doc>Handles the current alert and returns its message.</doc>
<status status="PASS" start="2025-03-03T15:01:59.014524" elapsed="0.004383"/>
</kw>
<kw name="Should Contain" owner="BuiltIn">
<arg>${alert_text}</arg>
<arg>${add_to_cart_message_successful}</arg>
<doc>Fails if ``container`` does not contain ``item`` one or more times.</doc>
<status status="PASS" start="2025-03-03T15:01:59.019343" elapsed="0.000841"/>
</kw>
<arg>${safari_type_t_rex_rumble}</arg>
<arg>${pal_safari_date}</arg>
<doc>This keyword executes and verifies the "book safari" process</doc>
<status status="PASS" start="2025-03-03T15:01:56.632022" elapsed="2.388528"/>
</kw>
<kw name="Book Safari" owner="VG_Kristin_user_generic_keywords">
<kw name="Press Safari Button" owner="VG_Kristin_user_generic_keywords">
<kw name="Click Specific Button" owner="keywords">
<kw name="Click Element" owner="SeleniumLibrary">
<msg time="2025-03-03T15:01:59.025192" level="INFO">Clicking element 'xpath=/html/body/header/div/nav/ul/li[5]/a'.</msg>
<arg>${button}</arg>
<doc>Click the element identified by ``locator``.</doc>
<status status="PASS" start="2025-03-03T15:01:59.024485" elapsed="0.069275"/>
</kw>
<arg>${safari_button}</arg>
<status status="PASS" start="2025-03-03T15:01:59.023355" elapsed="0.071260"/>
</kw>
<kw name="Wait Until Page Contains Element" owner="SeleniumLibrary">
<arg>${safari_section}</arg>
<doc>Waits until the element ``locator`` appears on the current page.</doc>
<status status="PASS" start="2025-03-03T15:01:59.095216" elapsed="0.017569"/>
</kw>
<status status="PASS" start="2025-03-03T15:01:59.022626" elapsed="0.090359"/>
</kw>
<kw name="Input Text" owner="SeleniumLibrary">
<msg time="2025-03-03T15:01:59.113506" level="INFO">Typing text '002025-03-19' into text field 'id=safari-date'.</msg>
<arg>${safari_date_field}</arg>
<arg>${safari_date}</arg>
<doc>Types the given ``text`` into the text field identified by ``locator``.</doc>
<status status="PASS" start="2025-03-03T15:01:59.113168" elapsed="0.124715"/>
</kw>
<kw name="Select From List By Value" owner="SeleniumLibrary">
<msg time="2025-03-03T15:01:59.238999" level="INFO">Selecting options from selection list 'xpath=/html/body/main/article[5]/section/form/select' by value Herbivore Tour.</msg>
<arg>${safari_type_field}</arg>
<arg>${safari_type}</arg>
<doc>Selects options from selection list ``locator`` by ``values``.</doc>
<status status="PASS" start="2025-03-03T15:01:59.238442" elapsed="0.050046"/>
</kw>
<kw name="Press Add Safari To Cart Button" owner="VG_Kristin_user_generic_keywords">
<kw name="Click Specific Button" owner="keywords">
<kw name="Click Element" owner="SeleniumLibrary">
<msg time="2025-03-03T15:01:59.289950" level="INFO">Clicking element 'xpath=/html/body/main/article[5]/section/form/button'.</msg>
<arg>${button}</arg>
<doc>Click the element identified by ``locator``.</doc>
<status status="PASS" start="2025-03-03T15:01:59.289703" elapsed="0.051423"/>
</kw>
<arg>${safari_submit_button}</arg>
<status status="PASS" start="2025-03-03T15:01:59.289306" elapsed="0.052041"/>
</kw>
<kw name="Sleep" owner="BuiltIn">
<msg time="2025-03-03T15:02:01.341930" level="INFO">Slept 2 seconds.</msg>
<arg>2</arg>
<doc>Pauses the test executed for the given time.</doc>
<status status="PASS" start="2025-03-03T15:01:59.341548" elapsed="2.000638"/>
</kw>
<status status="PASS" start="2025-03-03T15:01:59.288826" elapsed="2.053532"/>
</kw>
<kw name="Handle Alert" owner="SeleniumLibrary">
<msg time="2025-03-03T15:02:01.342768" level="INFO">HANDLE::&lt;class 'NoneType'&gt;::None</msg>
<msg time="2025-03-03T15:02:01.347109" level="INFO">${alert_text} = Item added to cart!</msg>
<var>${alert_text}</var>
<arg>action=DISMISS</arg>
<doc>Handles the current alert and returns its message.</doc>
<status status="PASS" start="2025-03-03T15:02:01.342551" elapsed="0.004965"/>
</kw>
<kw name="Should Contain" owner="BuiltIn">
<arg>${alert_text}</arg>
<arg>${add_to_cart_message_successful}</arg>
<doc>Fails if ``container`` does not contain ``item`` one or more times.</doc>
<status status="PASS" start="2025-03-03T15:02:01.348046" elapsed="0.000628"/>
</kw>
<arg>${safari_type_herbivor_tour}</arg>
<arg>${pal_safari_date}</arg>
<doc>This keyword executes and verifies the "book safari" process</doc>
<status status="PASS" start="2025-03-03T15:01:59.021584" elapsed="2.327373"/>
</kw>
<doc>This keyword executes and verifies the booking process
of pal's selected safari types and date.</doc>
<status status="PASS" start="2025-03-03T15:01:56.631127" elapsed="4.718009"/>
</kw>
<kw name="Then Pal Safaris Should Be Added To Cart" owner="pal_keywords">
<kw name="Get Cart Item Descriptions" owner="VG_Kristin_user_generic_keywords">
<kw name="Execute Javascript" owner="SeleniumLibrary">
<msg time="2025-03-03T15:02:01.351853" level="INFO">Executing JavaScript:
return getCart();
Without any arguments.</msg>
<msg time="2025-03-03T15:02:01.360791" level="INFO">${cart} = [{'category': 'Regular', 'description': '1 Regular Adult Ticket(s)', 'itemType': 'ticket', 'price': 50, 'quantity': 1}, {'date': '2025-03-19', 'description': 'T-Rex Rumble on 2025-03-19', 'itemType': ...</msg>
<var>${cart}</var>
<arg>return getCart();</arg>
<doc>Executes the given JavaScript code with possible arguments.</doc>
<status status="PASS" start="2025-03-03T15:02:01.351328" elapsed="0.010215"/>
</kw>
<kw name="Get Length" owner="BuiltIn">
<msg time="2025-03-03T15:02:01.362549" level="INFO">Length is 3.</msg>
<msg time="2025-03-03T15:02:01.362801" level="INFO">${cartLength} = 3</msg>
<var>${cartLength}</var>
<arg>${cart}</arg>
<doc>Returns and logs the length of the given item as an integer.</doc>
<status status="PASS" start="2025-03-03T15:02:01.362153" elapsed="0.000773"/>
</kw>
<kw name="Create List" owner="BuiltIn">
<msg time="2025-03-03T15:02:01.363337" level="INFO">${cartItemDescriptions} = []</msg>
<var>${cartItemDescriptions}</var>
<doc>Returns a list containing given items.</doc>
<status status="PASS" start="2025-03-03T15:02:01.363140" elapsed="0.000292"/>
</kw>
<for flavor="IN RANGE">
<iter>
<kw name="Execute Javascript" owner="SeleniumLibrary">
<msg time="2025-03-03T15:02:01.364879" level="INFO">Executing JavaScript:
let item = {'category': 'Regular', 'description': '1 Regular Adult Ticket(s)', 'itemType': 'ticket', 'price': 50, 'quantity': 1};return item.description;
Without any arguments.</msg>
<msg time="2025-03-03T15:02:01.369906" level="INFO">${temp} = 1 Regular Adult Ticket(s)</msg>
<var>${temp}</var>
<arg>let item = ${cart}[${i}];</arg>
<arg>return item.description;</arg>
<doc>Executes the given JavaScript code with possible arguments.</doc>
<status status="PASS" start="2025-03-03T15:02:01.364166" elapsed="0.006039"/>
</kw>
<kw name="Append To List" owner="Collections">
<arg>${cartItemDescriptions}</arg>
<arg>${temp}</arg>
<doc>Adds ``values`` to the end of ``list``.</doc>
<status status="PASS" start="2025-03-03T15:02:01.370594" elapsed="0.000419"/>
</kw>
<var name="${i}">0</var>
[...]
<msg time="2025-03-03T15:02:20.679159" level="INFO">Executing JavaScript:
let item = {'date': '2025-03-19', 'description': 'T-Rex Rumble on 2025-03-19', 'itemType': 'safari', 'price': 150, 'type': 'T-Rex Rumble'};return item.description;
Without any arguments.</msg>
<msg time="2025-03-03T15:02:20.687062" level="INFO">${temp} = T-Rex Rumble on 2025-03-19</msg>
<var>${temp}</var>
<arg>let item = ${cart}[${i}];</arg>
<arg>return item.description;</arg>
<doc>Executes the given JavaScript code with possible arguments.</doc>
<status status="PASS" start="2025-03-03T15:02:20.678628" elapsed="0.008784"/>
</kw>
<kw name="Append To List" owner="Collections">
<arg>${cartItemDescriptions}</arg>
<arg>${temp}</arg>
<doc>Adds ``values`` to the end of ``list``.</doc>
<status status="PASS" start="2025-03-03T15:02:20.687758" elapsed="0.000329"/>
</kw>
<var name="${i}">1</var>
<status status="PASS" start="2025-03-03T15:02:20.678415" elapsed="0.009783"/>
</iter>
<iter>
<kw name="Execute Javascript" owner="SeleniumLibrary">
<msg time="2025-03-03T15:02:20.689597" level="INFO">Executing JavaScript:
let item = {'date': '2025-03-19', 'description': 'Herbivore Tour on 2025-03-19', 'itemType': 'safari', 'price': 120, 'type': 'Herbivore Tour'};return item.description;
Without any arguments.</msg>
<msg time="2025-03-03T15:02:20.701545" level="INFO">${temp} = Herbivore Tour on 2025-03-19</msg>
<var>${temp}</var>
<arg>let item = ${cart}[${i}];</arg>
<arg>return item.description;</arg>
<doc>Executes the given JavaScript code with possible arguments.</doc>
<status status="PASS" start="2025-03-03T15:02:20.688667" elapsed="0.013785"/>
</kw>
<kw name="Append To List" owner="Collections">
<arg>${cartItemDescriptions}</arg>
<arg>${temp}</arg>
<doc>Adds ``values`` to the end of ``list``.</doc>
<status status="PASS" start="2025-03-03T15:02:20.703314" elapsed="0.000847"/>
</kw>
<var name="${i}">2</var>
<status status="PASS" start="2025-03-03T15:02:20.688419" elapsed="0.016116"/>
</iter>
<var>${i}</var>
<value>0</value>
<value>${cartLength}</value>
<status status="PASS" start="2025-03-03T15:02:20.670047" elapsed="0.034741"/>
</for>
<return>
<value>${cartItemDescriptions}</value>
<status status="PASS" start="2025-03-03T15:02:20.705078" elapsed="0.000410"/>
</return>
<msg time="2025-03-03T15:02:20.706016" level="INFO">${cartItemDescriptioins} = ['1 Regular Adult Ticket(s)', 'T-Rex Rumble on 2025-03-19', 'Herbivore Tour on 2025-03-19']</msg>
<var>${cartItemDescriptioins}</var>
<doc>This keyword fetches a list of descriptions of all items in cart,
using javascript to fetch items in cart and their respective descriptions.
(With more time, I would have liked a general "Get list by property" keyword)</doc>
<status status="PASS" start="2025-03-03T15:02:20.656602" elapsed="0.049667"/>
</kw>
<kw name="Should Contain X Times" owner="BuiltIn">
<msg time="2025-03-03T15:02:20.707496" level="INFO">Item found from container 1 time.</msg>
<arg>${cartItemDescriptioins}</arg>
<arg>Herbivore Tour on 2025-03-19</arg>
<arg>1</arg>
<doc>Fails if ``container`` does not contain ``item`` ``count`` times.</doc>
<status status="PASS" start="2025-03-03T15:02:20.706930" elapsed="0.000940"/>
</kw>
<kw name="Should Contain X Times" owner="BuiltIn">
<msg time="2025-03-03T15:02:20.708964" level="INFO">Item found from container 1 time.</msg>
<arg>${cartItemDescriptioins}</arg>
<arg>T-Rex Rumble on 2025-03-19</arg>
<arg>1</arg>
<doc>Fails if ``container`` does not contain ``item`` ``count`` times.</doc>
<status status="PASS" start="2025-03-03T15:02:20.708378" elapsed="0.000918"/>
</kw>
<doc>This keyword verifies that the safaris of pal's choice is in cart.</doc>
<status status="PASS" start="2025-03-03T15:02:20.655962" elapsed="0.054429"/>
</kw>
<kw name="Pal Entrance Ticket Should be Added To Cart" owner="pal_keywords">
<kw name="Get Cart Item Descriptions" owner="VG_Kristin_user_generic_keywords">
<kw name="Execute Javascript" owner="SeleniumLibrary">
<msg time="2025-03-03T15:02:20.718778" level="INFO">Executing JavaScript:
return getCart();
Without any arguments.</msg>
<msg time="2025-03-03T15:02:20.752253" level="INFO">${cart} = [{'category': 'Regular', 'description': '1 Regular Adult Ticket(s)', 'itemType': 'ticket', 'price': 50, 'quantity': 1}, {'date': '2025-03-19', 'description': 'T-Rex Rumble on 2025-03-19', 'itemType': ...</msg>
<var>${cart}</var>
<arg>return getCart();</arg>
<doc>Executes the given JavaScript code with possible arguments.</doc>
<status status="PASS" start="2025-03-03T15:02:20.714560" elapsed="0.037963"/>
</kw>
<kw name="Get Length" owner="BuiltIn">
<msg time="2025-03-03T15:02:20.753783" level="INFO">Length is 3.</msg>
<msg time="2025-03-03T15:02:20.754165" level="INFO">${cartLength} = 3</msg>
<var>${cartLength}</var>
<arg>${cart}</arg>
<doc>Returns and logs the length of the given item as an integer.</doc>
<status status="PASS" start="2025-03-03T15:02:20.753079" elapsed="0.001283"/>
</kw>
<kw name="Create List" owner="BuiltIn">
<msg time="2025-03-03T15:02:20.755206" level="INFO">${cartItemDescriptions} = []</msg>
<var>${cartItemDescriptions}</var>
<doc>Returns a list containing given items.</doc>
<status status="PASS" start="2025-03-03T15:02:20.754756" elapsed="0.000660"/>
</kw>
<for flavor="IN RANGE">
<iter>
<kw name="Execute Javascript" owner="SeleniumLibrary">
<msg time="2025-03-03T15:02:20.759360" level="INFO">Executing JavaScript:
let item = {'category': 'Regular', 'description': '1 Regular Adult Ticket(s)', 'itemType': 'ticket', 'price': 50, 'quantity': 1};return item.description;
Without any arguments.</msg>
<msg time="2025-03-03T15:02:20.773073" level="INFO">${temp} = 1 Regular Adult Ticket(s)</msg>
<var>${temp}</var>
<arg>let item = ${cart}[${i}];</arg>
<arg>return item.description;</arg>
<doc>Executes the given JavaScript code with possible arguments.</doc>
<status status="PASS" start="2025-03-03T15:02:20.756753" elapsed="0.017219"/>
</kw>
<kw name="Append To List" owner="Collections">
<arg>${cartItemDescriptions}</arg>
<arg>${temp}</arg>
<doc>Adds ``values`` to the end of ``list``.</doc>
<status status="PASS" start="2025-03-03T15:02:20.774865" elapsed="0.000764"/>
</kw>
<var name="${i}">0</var>
<status status="PASS" start="2025-03-03T15:02:20.756287" elapsed="0.019602"/>
</iter>
<iter>
<kw name="Execute Javascript" owner="SeleniumLibrary">
<msg time="2025-03-03T15:02:20.779679" level="INFO">Executing JavaScript:
let item = {'date': '2025-03-19', 'description': 'T-Rex Rumble on 2025-03-19', 'itemType': 'safari', 'price': 150, 'type': 'T-Rex Rumble'};return item.description;
Without any arguments.</msg>
<msg time="2025-03-03T15:02:20.793827" level="INFO">${temp} = T-Rex Rumble on 2025-03-19</msg>
<var>${temp}</var>
<arg>let item = ${cart}[${i}];</arg>
<arg>return item.description;</arg>
<doc>Executes the given JavaScript code with possible arguments.</doc>
<status status="PASS" start="2025-03-03T15:02:20.777678" elapsed="0.016824"/>
</kw>
<kw name="Append To List" owner="Collections">
<arg>${cartItemDescriptions}</arg>
<arg>${temp}</arg>
<doc>Adds ``values`` to the end of ``list``.</doc>
<status status="PASS" start="2025-03-03T15:02:20.797592" elapsed="0.001367"/>
</kw>
<var name="${i}">1</var>
<status status="PASS" start="2025-03-03T15:02:20.776795" elapsed="0.022668"/>
</iter>
<iter>
<kw name="Execute Javascript" owner="SeleniumLibrary">
<msg time="2025-03-03T15:02:20.805613" level="INFO">Executing JavaScript:
let item = {'date': '2025-03-19', 'description': 'Herbivore Tour on 2025-03-19', 'itemType': 'safari', 'price': 120, 'type': 'Herbivore Tour'};return item.description;
Without any arguments.</msg>
<msg time="2025-03-03T15:02:20.821781" level="INFO">${temp} = Herbivore Tour on 2025-03-19</msg>
<var>${temp}</var>
<arg>let item = ${cart}[${i}];</arg>
<arg>return item.description;</arg>
<doc>Executes the given JavaScript code with possible arguments.</doc>
<status status="PASS" start="2025-03-03T15:02:20.801234" elapsed="0.021575"/>
</kw>
<kw name="Append To List" owner="Collections">
<arg>${cartItemDescriptions}</arg>
<arg>${temp}</arg>
<doc>Adds ``values`` to the end of ``list``.</doc>
<status status="PASS" start="2025-03-03T15:02:20.823427" elapsed="0.000601"/>
</kw>
<var name="${i}">2</var>
<status status="PASS" start="2025-03-03T15:02:20.800381" elapsed="0.023798"/>
</iter>
<var>${i}</var>
<value>0</value>
<value>${cartLength}</value>
<status status="PASS" start="2025-03-03T15:02:20.755601" elapsed="0.068734"/>
</for>
<return>
<value>${cartItemDescriptions}</value>
<status status="PASS" start="2025-03-03T15:02:20.824534" elapsed="0.000271"/>
</return>
<msg time="2025-03-03T15:02:20.825387" level="INFO">${listOfCartItemDescriptioins} = ['1 Regular Adult Ticket(s)', 'T-Rex Rumble on 2025-03-19', 'Herbivore Tour on 2025-03-19']</msg>
<var>${listOfCartItemDescriptioins}</var>
<doc>This keyword fetches a list of descriptions of all items in cart,
using javascript to fetch items in cart and their respective descriptions.
(With more time, I would have liked a general "Get list by property" keyword)</doc>
<status status="PASS" start="2025-03-03T15:02:20.712061" elapsed="0.113682"/>
</kw>
<kw name="Should Contain X Times" owner="BuiltIn">
<msg time="2025-03-03T15:02:20.828716" level="INFO">Item found from container 1 time.</msg>
<arg>${listOfCartItemDescriptioins}</arg>
<arg>1 Regular Adult Ticket(s)</arg>
<arg>1</arg>
<doc>Fails if ``container`` does not contain ``item`` ``count`` times.</doc>
<status status="PASS" start="2025-03-03T15:02:20.826311" elapsed="0.003140"/>
</kw>
<doc>This keyword verifies that pal's entrance ticket is in cart.</doc>
<status status="PASS" start="2025-03-03T15:02:20.711055" elapsed="0.118925"/>
</kw>
<doc>This keyword executes and verifies adding pal's entrance ticket and
the safaris of pal's choice to cart.</doc>
<status status="PASS" start="2025-03-03T15:02:13.599659" elapsed="7.230612"/>
</kw>
<kw name="When User Presses Proceed To Checkout" owner="VG_Kristin_user_generic_keywords">
<kw name="User Navigates To Cart Section" owner="VG_Kristin_user_generic_keywords">
<kw name="Press Cart Button" owner="VG_Kristin_user_generic_keywords">
<kw name="Click Specific Button" owner="keywords">
<kw name="Click Element" owner="SeleniumLibrary">
<msg time="2025-03-03T15:02:20.838686" level="INFO">Clicking element 'xpath=/html/body/header/div/nav/ul/li[6]'.</msg>
<arg>${button}</arg>
<doc>Click the element identified by ``locator``.</doc>
<status status="PASS" start="2025-03-03T15:02:20.837635" elapsed="0.077652"/>
</kw>
<arg>${cart_nav_button}</arg>
<status status="PASS" start="2025-03-03T15:02:20.835663" elapsed="0.079821"/>
</kw>
<kw name="Wait Until Page Contains Element" owner="SeleniumLibrary">
<arg>${cart_section}</arg>
<doc>Waits until the element ``locator`` appears on the current page.</doc>
<status status="PASS" start="2025-03-03T15:02:20.915680" elapsed="0.009444"/>
</kw>
<status status="PASS" start="2025-03-03T15:02:20.834811" elapsed="0.090767"/>
</kw>
<kw name="Page Should Contain Element" owner="SeleniumLibrary">
<msg time="2025-03-03T15:02:20.932594" level="INFO">Current page contains element 'id=safari-section'.</msg>
<arg>${cart_section}</arg>
<doc>Verifies that element ``locator`` is found on the current page.</doc>
<status status="PASS" start="2025-03-03T15:02:20.925932" elapsed="0.007038"/>
</kw>
<status status="PASS" start="2025-03-03T15:02:20.834007" elapsed="0.099196"/>
</kw>
<kw name="Press Proceed To Checkout Button" owner="VG_Kristin_user_generic_keywords">
<kw name="Click Specific Button" owner="keywords">
<kw name="Click Element" owner="SeleniumLibrary">
<msg time="2025-03-03T15:02:20.937662" level="INFO">Clicking element 'xpath=/html/body/main/article[6]/section/button'.</msg>
<arg>${button}</arg>
<doc>Click the element identified by ``locator``.</doc>
<status status="PASS" start="2025-03-03T15:02:20.936839" elapsed="0.062938"/>
</kw>
<arg>${pro_to_checkout_button}</arg>
<status status="PASS" start="2025-03-03T15:02:20.934840" elapsed="0.065138"/>
</kw>
<kw name="Sleep" owner="BuiltIn">
<msg time="2025-03-03T15:02:23.000850" level="INFO">Slept 2 seconds.</msg>
<arg>2</arg>
<doc>Pauses the test executed for the given time.</doc>
<status status="PASS" start="2025-03-03T15:02:21.000164" elapsed="2.000933"/>
</kw>
<status status="PASS" start="2025-03-03T15:02:20.933876" elapsed="2.067366"/>
</kw>
<doc>This keyword navigates to cart and presses "Proceed to checkout" button.</doc>
<status status="PASS" start="2025-03-03T15:02:20.833032" elapsed="2.168327"/>
</kw>
<kw name="Then Checkout Summary Alert Should Show Correct Pal Info" owner="pal_keywords">
<kw name="Handle Alert" owner="SeleniumLibrary">
<msg time="2025-03-03T15:02:23.002760" level="INFO">HANDLE::&lt;class 'datetime.timedelta'&gt;::0:00:04</msg>
<msg time="2025-03-03T15:02:23.007685" level="INFO">${alert_text} = Checkout Summary: 1 Regular Adult Ticket(s) - $50 T-Rex Rumble on 2025-03-19 - $150 Herbivore Tour on 2025-03-19 - $120 Total: $320</msg>
<var>${alert_text}</var>
<arg>timeout=4 s</arg>
<doc>Handles the current alert and returns its message.</doc>
<status status="PASS" start="2025-03-03T15:02:23.002477" elapsed="0.005484"/>
</kw>
<kw name="Log" owner="BuiltIn">
<msg time="2025-03-03T15:02:23.008711" level="INFO">Checkout Summary: 1 Regular Adult Ticket(s) - $50 T-Rex Rumble on 2025-03-19 - $150 Herbivore Tour on 2025-03-19 - $120 Total: $320</msg>
<arg>${alert_text}</arg>
<doc>Logs the given message with the given level.</doc>
<status status="PASS" start="2025-03-03T15:02:23.008312" elapsed="0.000633"/>
</kw>
<kw name="Should Contain X Times" owner="BuiltIn">
<msg time="2025-03-03T15:02:23.009594" level="INFO">Item found from container 1 time.</msg>
<arg>${alert_text}</arg>
<arg>${pal_ticket_description}</arg>
<arg>${pal_number_of_tickets}</arg>
<doc>Fails if ``container`` does not contain ``item`` ``count`` times.</doc>
<status status="PASS" start="2025-03-03T15:02:23.009192" elapsed="0.000748"/>
</kw>
<kw name="Should Contain X Times" owner="BuiltIn">
<msg time="2025-03-03T15:02:23.011002" level="INFO">Item found from container 1 time.</msg>
<arg>${alert_text}</arg>
<arg>${pal_safari1_description}</arg>
<arg>1</arg>
<doc>Fails if ``container`` does not contain ``item`` ``count`` times.</doc>
<status status="PASS" start="2025-03-03T15:02:23.010397" elapsed="0.000995"/>
</kw>
<kw name="Should Contain X Times" owner="BuiltIn">
<msg time="2025-03-03T15:02:23.012111" level="INFO">Item found from container 1 time.</msg>
<arg>${alert_text}</arg>
<arg>${pal_safari2_description}</arg>
<arg>1</arg>
<doc>Fails if ``container`` does not contain ``item`` ``count`` times.</doc>
<status status="PASS" start="2025-03-03T15:02:23.011677" elapsed="0.000671"/>
</kw>
<kw name="Should Contain X Times" owner="BuiltIn">
<msg time="2025-03-03T15:02:23.012985" level="INFO">Item found from container 1 time.</msg>
<arg>${alert_text}</arg>
<arg>${pal_total_desctiption}</arg>
<arg>1</arg>
<doc>Fails if ``container`` does not contain ``item`` ``count`` times.</doc>
<status status="PASS" start="2025-03-03T15:02:23.012585" elapsed="0.000625"/>
</kw>
<doc>This keyword verifies that the checkout summary alert
contains pal's order info.</doc>
<status status="PASS" start="2025-03-03T15:02:23.002120" elapsed="0.011272"/>
</kw>
<kw name="And Cart Should be Empty" owner="VG_Kristin_user_generic_keywords">
<kw name="Execute Javascript" owner="SeleniumLibrary">
<msg time="2025-03-03T15:02:23.015410" level="INFO">Executing JavaScript:
return getCart();
Without any arguments.</msg>
<msg time="2025-03-03T15:02:23.021875" level="INFO">${cart} = []</msg>
<var>${cart}</var>
<arg>return getCart();</arg>
<doc>Executes the given JavaScript code with possible arguments.</doc>
<status status="PASS" start="2025-03-03T15:02:23.014867" elapsed="0.007327"/>
</kw>
<kw name="Should Be Empty" owner="BuiltIn">
<msg time="2025-03-03T15:02:23.023427" level="INFO">Length is 0.</msg>
<arg>${cart}</arg>
<doc>Verifies that the given item is empty.</doc>
<status status="PASS" start="2025-03-03T15:02:23.022767" elapsed="0.001538"/>
</kw>
<doc>This keyword verifies that cart is empty.</doc>
<status status="PASS" start="2025-03-03T15:02:23.014357" elapsed="0.010433"/>
</kw>
<kw name="Pal Teardown" owner="pal_keywords" type="TEARDOWN">
<kw name="Close Browser" owner="SeleniumLibrary">
<doc>Closes the current browser.</doc>
<status status="PASS" start="2025-03-03T15:02:23.026459" elapsed="2.420947"/>
</kw>
<doc>This teardown closes browser.</doc>
<status status="PASS" start="2025-03-03T15:02:23.025899" elapsed="2.421715"/>
</kw>
<doc>This test verifies the checkout process for user pal, and that summary is correct.</doc>
<tag>Cart</tag>
<tag>Checkout</tag>
<tag>CostTotal</tag>
<tag>Dates</tag>
<tag>Demo</tag>
<tag>Kristin</tag>
<tag>Summary</tag>
<status status="PASS" start="2025-03-03T15:02:04.029649" elapsed="21.418491"/>
</test>
<status status="PASS" start="2025-03-03T15:01:06.407528" elapsed="79.042029"/>
</suite>
<statistics>
<total>
<stat pass="5" fail="0" skip="0">All Tests</stat>
</total>
<tag>
<stat pass="2" fail="0" skip="0">BookingProcess</stat>
<stat pass="3" fail="0" skip="0">Cart</stat>
<stat pass="1" fail="0" skip="0">Checkout</stat>
<stat pass="3" fail="0" skip="0">CostTotal</stat>
<stat pass="2" fail="0" skip="0">Credentials</stat>
<stat pass="1" fail="0" skip="0">Dates</stat>
<stat pass="3" fail="0" skip="0">Demo</stat>
<stat pass="5" fail="0" skip="0">Kristin</stat>
<stat pass="1" fail="0" skip="0">Login</stat>
<stat pass="1" fail="0" skip="0">Registration</stat>
<stat pass="1" fail="0" skip="0">Safari</stat>
<stat pass="1" fail="0" skip="0">Summary</stat>
<stat pass="1" fail="0" skip="0">Ticket</stat>
</tag>
<suite>
<stat name="Pal Tests" id="s1" pass="5" fail="0" skip="0">Pal Tests</stat>
</suite>
</statistics>
<errors>
<msg time="2025-03-03T15:01:06.980217" level="ERROR">Error in file 'c:\Users\johan\GitHub\Lab1-Continuous-Integration\resources\keyword_files\pal_keywords.robot' on line 15: Variable file 'pal_specific_variables.py' does not exist.</msg>
<msg time="2025-03-03T15:01:07.415562" level="WARN">The chromedriver version (132.0.6834.110) detected in PATH at C:\Users\johan\Desktop\DevTools\chromedriver-win64\chromedriver.exe might not be compatible with the detected chrome version (133.0.6943.142); currently, chromedriver 133.0.6943.141 is recommended for chrome 133.*, so it is advised to delete the driver in PATH and retry</msg>
<msg time="2025-03-03T15:01:17.614727" level="WARN">The chromedriver version (132.0.6834.110) detected in PATH at C:\Users\johan\Desktop\DevTools\chromedriver-win64\chromedriver.exe might not be compatible with the detected chrome version (133.0.6943.142); currently, chromedriver 133.0.6943.141 is recommended for chrome 133.*, so it is advised to delete the driver in PATH and retry</msg>
<msg time="2025-03-03T15:01:30.235516" level="WARN">The chromedriver version (132.0.6834.110) detected in PATH at C:\Users\johan\Desktop\DevTools\chromedriver-win64\chromedriver.exe might not be compatible with the detected chrome version (133.0.6943.142); currently, chromedriver 133.0.6943.141 is recommended for chrome 133.*, so it is advised to delete the driver in PATH and retry</msg>
<msg time="2025-03-03T15:01:44.940046" level="WARN">The chromedriver version (132.0.6834.110) detected in PATH at C:\Users\johan\Desktop\DevTools\chromedriver-win64\chromedriver.exe might not be compatible with the detected chrome version (133.0.6943.142); currently, chromedriver 133.0.6943.141 is recommended for chrome 133.*, so it is advised to delete the driver in PATH and retry</msg>
<msg time="2025-03-03T15:02:04.403909" level="WARN">The chromedriver version (132.0.6834.110) detected in PATH at C:\Users\johan\Desktop\DevTools\chromedriver-win64\chromedriver.exe might not be compatible with the detected chrome version (133.0.6943.142); currently, chromedriver 133.0.6943.141 is recommended for chrome 133.*, so it is advised to delete the driver in PATH and retry</msg>
</errors>
</robot>
