<?xml version="1.0" encoding="UTF-8"?>
<robot generator="Robot 7.2 (Python 3.13.2 on win32)" generated="2025-02-21T15:50:03.359922" rpa="false" schemaversion="5">
<suite id="s1" name="Lab1-Continuous-Integration" source="C:\Users\KristinKullberg\Desktop\Cont Lab 1\Lab1-Continuous-Integration">
<suite id="s1-s1" name="Pal Test Cases" source="C:\Users\KristinKullberg\Desktop\Cont Lab 1\Lab1-Continuous-Integration\pal_test_cases.robot">
<test id="s1-s1-t1" name="Register user pal" line="20">
<kw name="Open Browser" owner="SeleniumLibrary">
<msg time="2025-02-21T15:50:03.842024" level="INFO">Opening browser 'chrome' to base url 'file:///C:/Users/KristinKullberg/Desktop/Cont Lab 1/Lab1-Continuous-Integration/Homepage\jurap.html'.</msg>
<arg>${url_demo}</arg>
<arg>${browser}</arg>
<arg>${title_demo}</arg>
<doc>Opens a new browser instance to the optional ``url``.</doc>
<status status="PASS" start="2025-02-21T15:50:03.841325" elapsed="2.461911"/>
</kw>
<kw name="Click Specific Button" owner="keywords">
<kw name="Click Element" owner="SeleniumLibrary">
<msg time="2025-02-21T15:50:06.308923" level="INFO">Clicking element 'xpath=/html/body/header/div/nav/ul/li[2]/a'.</msg>
<arg>${button}</arg>
<doc>Click the element identified by ``locator``.</doc>
<status status="PASS" start="2025-02-21T15:50:06.307660" elapsed="0.170526"/>
</kw>
<arg>${reg_button}</arg>
<status status="PASS" start="2025-02-21T15:50:06.304343" elapsed="0.174207"/>
</kw>
<kw name="Given Page is opened to registration section" owner="pal_keywords">
<kw name="Page Should Contain Element" owner="SeleniumLibrary">
<msg time="2025-02-21T15:50:06.513142" level="INFO">Current page contains element 'id=register-form'.</msg>
<arg>${reg_section}</arg>
<doc>Verifies that element ``locator`` is found on the current page.</doc>
<status status="PASS" start="2025-02-21T15:50:06.485199" elapsed="0.029267"/>
</kw>
<status status="PASS" start="2025-02-21T15:50:06.479574" elapsed="0.035323"/>
</kw>
<kw name="When User pal enters registration credentials" owner="pal_keywords">
<kw name="Input Credentials" owner="keywords">
<kw name="Input Text" owner="SeleniumLibrary">
<msg time="2025-02-21T15:50:06.534983" level="INFO">Typing text 'StinaPalle' into text field 'reg-username'.</msg>
<arg>${username_space}</arg>
<arg>${username}</arg>
<doc>Types the given ``text`` into the text field identified by ``locator``.</doc>
<status status="PASS" start="2025-02-21T15:50:06.533573" elapsed="0.213159"/>
</kw>
<kw name="Input Text" owner="SeleniumLibrary">
<msg time="2025-02-21T15:50:06.747609" level="INFO">Typing text 'thePaleontoligist' into text field 'reg-password'.</msg>
<arg>${password_space}</arg>
<arg>${password}</arg>
<doc>Types the given ``text`` into the text field identified by ``locator``.</doc>
<status status="PASS" start="2025-02-21T15:50:06.747123" elapsed="0.128763"/>
</kw>
<arg>${pal_username}</arg>
<arg>${reg_username_text_box}</arg>
<arg>${pal_password}</arg>
<arg>${reg_password_text_box}</arg>
<status status="PASS" start="2025-02-21T15:50:06.532603" elapsed="0.343691"/>
</kw>
<status status="PASS" start="2025-02-21T15:50:06.525405" elapsed="0.351192"/>
</kw>
<kw name="And User presses register button" owner="pal_keywords">
<kw name="Click Specific Button" owner="keywords">
<kw name="Click Element" owner="SeleniumLibrary">
<msg time="2025-02-21T15:50:06.889401" level="INFO">Clicking element 'xpath=/html/body/main/article[2]/section/form/button'.</msg>
<arg>${button}</arg>
<doc>Click the element identified by ``locator``.</doc>
<status status="PASS" start="2025-02-21T15:50:06.888852" elapsed="0.124350"/>
</kw>
<arg>${reg_submit_button}</arg>
<status status="PASS" start="2025-02-21T15:50:06.888048" elapsed="0.125428"/>
</kw>
<kw name="Sleep" owner="BuiltIn">
<msg time="2025-02-21T15:50:09.015379" level="INFO">Slept 2 seconds.</msg>
<arg>2</arg>
<doc>Pauses the test executed for the given time.</doc>
<status status="PASS" start="2025-02-21T15:50:07.013743" elapsed="2.002488"/>
</kw>
<status status="PASS" start="2025-02-21T15:50:06.881341" elapsed="2.135523"/>
</kw>
<kw name="Then User pal is registered" owner="pal_keywords">
<kw name="Execute Javascript" owner="SeleniumLibrary">
<msg time="2025-02-21T15:50:09.032984" level="INFO">Executing JavaScript:
let users = getUsers();let user = users.find(item =&gt; item.username === 'StinaPalle');return user.username === 'StinaPalle';
Without any arguments.</msg>
<msg time="2025-02-21T15:50:09.043042" level="INFO">${userRegistered} = True</msg>
<var>${userRegistered}</var>
<arg>let users = getUsers();</arg>
<arg>let user = users.find(item =&gt; item.username === 'StinaPalle');</arg>
<arg>return user.username === 'StinaPalle';</arg>
<doc>Executes the given JavaScript code with possible arguments.</doc>
<status status="PASS" start="2025-02-21T15:50:09.032013" elapsed="0.011248"/>
</kw>
<kw name="Should Be True" owner="BuiltIn">
<arg>${userRegistered}</arg>
<doc>Fails if the given condition is not true.</doc>
<status status="PASS" start="2025-02-21T15:50:09.043516" elapsed="0.000399"/>
</kw>
<status status="PASS" start="2025-02-21T15:50:09.025802" elapsed="0.018249"/>
</kw>
<tag>Kristin</tag>
<status status="PASS" start="2025-02-21T15:50:03.839081" elapsed="5.209205"/>
</test>
<test id="s1-s1-t2" name="Log in user pal" line="29">
<kw name="Given User pal is registered" owner="pal_keywords">
<kw name="Execute Javascript" owner="SeleniumLibrary">
<msg time="2025-02-21T15:50:09.059899" level="INFO">Executing JavaScript:
let users = getUsers();let user = users.find(item =&gt; item.username === 'StinaPalle');return user.username === 'StinaPalle';
Without any arguments.</msg>
<msg time="2025-02-21T15:50:09.068581" level="INFO">${userRegistered} = True</msg>
<var>${userRegistered}</var>
<arg>let users = getUsers();</arg>
<arg>let user = users.find(item =&gt; item.username === 'StinaPalle');</arg>
<arg>return user.username === 'StinaPalle';</arg>
<doc>Executes the given JavaScript code with possible arguments.</doc>
<status status="PASS" start="2025-02-21T15:50:09.058604" elapsed="0.010161"/>
</kw>
<kw name="Should Be True" owner="BuiltIn">
<arg>${userRegistered}</arg>
<doc>Fails if the given condition is not true.</doc>
<status status="PASS" start="2025-02-21T15:50:09.069031" elapsed="0.000989"/>
</kw>
<status status="PASS" start="2025-02-21T15:50:09.051034" elapsed="0.019562"/>
</kw>
<kw name="And Page is opened to login page" owner="pal_keywords">
<kw name="Page Should Contain Element" owner="SeleniumLibrary">
<msg time="2025-02-21T15:50:09.095900" level="INFO">Current page contains element 'id=login-section'.</msg>
<arg>${login_section}</arg>
<doc>Verifies that element ``locator`` is found on the current page.</doc>
<status status="PASS" start="2025-02-21T15:50:09.080296" elapsed="0.016140"/>
</kw>
<status status="PASS" start="2025-02-21T15:50:09.075584" elapsed="0.021175"/>
</kw>
<kw name="When User pal enters login credentials" owner="pal_keywords">
<kw name="Input Credentials" owner="keywords">
<kw name="Input Text" owner="SeleniumLibrary">
<msg time="2025-02-21T15:50:09.110158" level="INFO">Typing text 'StinaPalle' into text field 'login-username'.</msg>
<arg>${username_space}</arg>
<arg>${username}</arg>
<doc>Types the given ``text`` into the text field identified by ``locator``.</doc>
<status status="PASS" start="2025-02-21T15:50:09.108756" elapsed="0.136143"/>
</kw>
<kw name="Input Text" owner="SeleniumLibrary">
<msg time="2025-02-21T15:50:09.245679" level="INFO">Typing text 'thePaleontoligist' into text field 'login-password'.</msg>
<arg>${password_space}</arg>
<arg>${password}</arg>
<doc>Types the given ``text`` into the text field identified by ``locator``.</doc>
<status status="PASS" start="2025-02-21T15:50:09.245167" elapsed="0.147967"/>
</kw>
<arg>${pal_username}</arg>
<arg>${login_username_text_box}</arg>
<arg>${pal_password}</arg>
<arg>${login_password_text_box}</arg>
<status status="PASS" start="2025-02-21T15:50:09.106839" elapsed="0.286666"/>
</kw>
<status status="PASS" start="2025-02-21T15:50:09.100292" elapsed="0.293392"/>
</kw>
<kw name="And User presses login button" owner="pal_keywords">
<kw name="Click Specific Button" owner="keywords">
<kw name="Click Element" owner="SeleniumLibrary">
<msg time="2025-02-21T15:50:09.409520" level="INFO">Clicking element 'xpath=/html/body/main/article[3]/section/form/button'.</msg>
<arg>${button}</arg>
<doc>Click the element identified by ``locator``.</doc>
<status status="PASS" start="2025-02-21T15:50:09.408611" elapsed="0.090127"/>
</kw>
<arg>${login_submit_button}</arg>
<status status="PASS" start="2025-02-21T15:50:09.407404" elapsed="0.091606"/>
</kw>
<kw name="Sleep" owner="BuiltIn">
<msg time="2025-02-21T15:50:11.499904" level="INFO">Slept 2 seconds.</msg>
<arg>2</arg>
<doc>Pauses the test executed for the given time.</doc>
<status status="PASS" start="2025-02-21T15:50:09.499206" elapsed="2.001212"/>
</kw>
<status status="PASS" start="2025-02-21T15:50:09.397068" elapsed="2.103711"/>
</kw>
<kw name="Then User pal is logged in" owner="pal_keywords">
<kw name="Execute Javascript" owner="SeleniumLibrary">
<msg time="2025-02-21T15:50:11.515713" level="INFO">Executing JavaScript:
return currentUser.username;
Without any arguments.</msg>
<msg time="2025-02-21T15:50:11.530118" level="INFO">${UserLoggedIn} = StinaPalle</msg>
<var>${UserLoggedIn}</var>
<arg>return currentUser.username;</arg>
<doc>Executes the given JavaScript code with possible arguments.</doc>
<status status="PASS" start="2025-02-21T15:50:11.514282" elapsed="0.016254"/>
</kw>
<kw name="Should Be Equal" owner="BuiltIn">
<arg>${UserLoggedIn}</arg>
<arg>StinaPalle</arg>
<doc>Fails if the given objects are unequal.</doc>
<status status="PASS" start="2025-02-21T15:50:11.531420" elapsed="0.004248"/>
</kw>
<status status="PASS" start="2025-02-21T15:50:11.508598" elapsed="0.028117"/>
</kw>
<status status="PASS" start="2025-02-21T15:50:09.049883" elapsed="2.498823"/>
</test>
<test id="s1-s1-t3" name="Buy entrance ticket" line="38">
<kw name="Given User pal is logged in" owner="pal_keywords">
<kw name="Execute Javascript" owner="SeleniumLibrary">
<msg time="2025-02-21T15:50:11.568621" level="INFO">Executing JavaScript:
return currentUser.username;
Without any arguments.</msg>
<msg time="2025-02-21T15:50:11.585965" level="INFO">${UserLoggedIn} = StinaPalle</msg>
<var>${UserLoggedIn}</var>
<arg>return currentUser.username;</arg>
<doc>Executes the given JavaScript code with possible arguments.</doc>
<status status="PASS" start="2025-02-21T15:50:11.566342" elapsed="0.019863"/>
</kw>
<kw name="Should Be Equal" owner="BuiltIn">
<arg>${UserLoggedIn}</arg>
<arg>StinaPalle</arg>
<doc>Fails if the given objects are unequal.</doc>
<status status="PASS" start="2025-02-21T15:50:11.586521" elapsed="0.000587"/>
</kw>
<status status="PASS" start="2025-02-21T15:50:11.558701" elapsed="0.028602"/>
</kw>
<kw name="When User navigates to Buy Ticket page" owner="pal_keywords">
<kw name="Click Specific Button" owner="keywords">
<kw name="Click Element" owner="SeleniumLibrary">
<msg time="2025-02-21T15:50:11.603722" level="INFO">Clicking element 'xpath=/html/body/header/div/nav/ul/li[4]/a'.</msg>
<arg>${button}</arg>
<doc>Click the element identified by ``locator``.</doc>
<status status="PASS" start="2025-02-21T15:50:11.603267" elapsed="0.116443"/>
</kw>
<arg>${buy_ticket_button}</arg>
<status status="PASS" start="2025-02-21T15:50:11.602324" elapsed="0.117593"/>
</kw>
<kw name="Sleep" owner="BuiltIn">
<msg time="2025-02-21T15:50:13.720752" level="INFO">Slept 2 seconds.</msg>
<arg>2</arg>
<doc>Pauses the test executed for the given time.</doc>
<status status="PASS" start="2025-02-21T15:50:11.720103" elapsed="2.000966"/>
</kw>
<status status="PASS" start="2025-02-21T15:50:11.597420" elapsed="2.123878"/>
</kw>
<kw name="And Pal buys one adult regular ticket" owner="pal_keywords">
<kw name="Buy A Ticket" owner="keywords">
<kw name="Click Specific Button" owner="keywords">
<kw name="Click Element" owner="SeleniumLibrary">
<msg time="2025-02-21T15:50:13.730118" level="INFO">Clicking element 'xpath=/html/body/header/div/nav/ul/li[4]/a'.</msg>
<arg>${button}</arg>
<doc>Click the element identified by ``locator``.</doc>
<status status="PASS" start="2025-02-21T15:50:13.729728" elapsed="0.090956"/>
</kw>
<arg>${buy_ticket_button}</arg>
<status status="PASS" start="2025-02-21T15:50:13.729236" elapsed="0.091682"/>
</kw>
<kw name="Sleep" owner="BuiltIn">
<msg time="2025-02-21T15:50:14.822114" level="INFO">Slept 1 second.</msg>
<arg>1</arg>
<doc>Pauses the test executed for the given time.</doc>
<status status="PASS" start="2025-02-21T15:50:13.821098" elapsed="1.001380"/>
</kw>
<kw name="Select From List By Value" owner="SeleniumLibrary">
<msg time="2025-02-21T15:50:14.823356" level="INFO">Selecting options from selection list 'xpath=/html/body/main/article[4]/section/form/select[1]' by value Adult.</msg>
<arg>${type_field}</arg>
<arg>${type}</arg>
<doc>Selects options from selection list ``locator`` by ``values``.</doc>
<status status="PASS" start="2025-02-21T15:50:14.822769" elapsed="0.065630"/>
</kw>
<kw name="Select From List By Value" owner="SeleniumLibrary">
<msg time="2025-02-21T15:50:14.889133" level="INFO">Selecting options from selection list 'xpath=/html/body/main/article[4]/section/form/select[2]' by value Regular.</msg>
<arg>${cat_field}</arg>
<arg>${cat}</arg>
<doc>Selects options from selection list ``locator`` by ``values``.</doc>
<status status="PASS" start="2025-02-21T15:50:14.888669" elapsed="0.050601"/>
</kw>
<kw name="Sleep" owner="BuiltIn">
<msg time="2025-02-21T15:50:15.940143" level="INFO">Slept 1 second.</msg>
<arg>1</arg>
<doc>Pauses the test executed for the given time.</doc>
<status status="PASS" start="2025-02-21T15:50:14.939570" elapsed="1.001137"/>
</kw>
<kw name="Click Button" owner="SeleniumLibrary">
<msg time="2025-02-21T15:50:15.941836" level="INFO">Clicking button 'xpath=/html/body/main/article[4]/section/form/button'.</msg>
<arg>${add_to_cart_button}</arg>
<doc>Clicks the button identified by ``locator``.</doc>
<status status="PASS" start="2025-02-21T15:50:15.941138" elapsed="0.126792"/>
</kw>
<kw name="Handle Alert" owner="SeleniumLibrary">
<msg time="2025-02-21T15:50:16.069060" level="INFO">HANDLE::&lt;class 'NoneType'&gt;::None</msg>
<msg time="2025-02-21T15:50:16.080227" level="INFO">${alert_text} = Item added to cart!</msg>
<var>${alert_text}</var>
<arg>action=DISMISS</arg>
<doc>Handles the current alert and returns its message.</doc>
<status status="PASS" start="2025-02-21T15:50:16.068363" elapsed="0.012275"/>
</kw>
<kw name="Should Contain" owner="BuiltIn">
<arg>${alert_text}</arg>
<arg>${add_to_cart_message_successful}</arg>
<doc>Fails if ``container`` does not contain ``item`` one or more times.</doc>
<status status="PASS" start="2025-02-21T15:50:16.080990" elapsed="0.001779"/>
</kw>
<arg>${regular_ticket}</arg>
<arg>${adult_ticket_type}</arg>
<arg>${ticket_type_field}</arg>
<arg>${ticket_cat_field}</arg>
<arg>${pal_number_of_tickets}</arg>
<arg>${buy_ticket_button}</arg>
<arg>${add_to_cart_button}</arg>
<arg>${add_to_cart_message_successful}</arg>
<status status="PASS" start="2025-02-21T15:50:13.728436" elapsed="2.354809"/>
</kw>
<status status="PASS" start="2025-02-21T15:50:13.724452" elapsed="2.359234"/>
</kw>
<kw name="Then Pal ticket is added to cart" owner="pal_keywords">
<kw name="GetCartItemDescriptions" owner="pal_keywords">
<kw name="Execute Javascript" owner="SeleniumLibrary">
<msg time="2025-02-21T15:50:16.097965" level="INFO">Executing JavaScript:
return getCart();
Without any arguments.</msg>
<msg time="2025-02-21T15:50:16.107442" level="INFO">${cart} = [{'category': 'Regular', 'description': '1 Regular Adult Ticket(s)', 'itemType': 'ticket', 'price': 50, 'quantity': 1}]</msg>
<var>${cart}</var>
<arg>return getCart();</arg>
<doc>Executes the given JavaScript code with possible arguments.</doc>
<status status="PASS" start="2025-02-21T15:50:16.097431" elapsed="0.010422"/>
</kw>
<kw name="Get Length" owner="BuiltIn">
<msg time="2025-02-21T15:50:16.109292" level="INFO">Length is 1.</msg>
<msg time="2025-02-21T15:50:16.110596" level="INFO">${cartLength} = 1</msg>
<var>${cartLength}</var>
<arg>${cart}</arg>
<doc>Returns and logs the length of the given item as an integer.</doc>
<status status="PASS" start="2025-02-21T15:50:16.108321" elapsed="0.003336"/>
</kw>
<kw name="Create List" owner="BuiltIn">
<msg time="2025-02-21T15:50:16.113920" level="INFO">${cartItemDescriptions} = []</msg>
<var>${cartItemDescriptions}</var>
<doc>Returns a list containing given items.</doc>
<status status="PASS" start="2025-02-21T15:50:16.112446" elapsed="0.002010"/>
</kw>
<for flavor="IN RANGE">
<iter>
<kw name="Execute Javascript" owner="SeleniumLibrary">
<msg time="2025-02-21T15:50:16.120245" level="INFO">Executing JavaScript:
let item = {'category': 'Regular', 'description': '1 Regular Adult Ticket(s)', 'itemType': 'ticket', 'price': 50, 'quantity': 1};return item.description;
Without any arguments.</msg>
<msg time="2025-02-21T15:50:16.134101" level="INFO">${temp} = 1 Regular Adult Ticket(s)</msg>
<var>${temp}</var>
<arg>let item = ${cart}[${i}];</arg>
<arg>return item.description;</arg>
<doc>Executes the given JavaScript code with possible arguments.</doc>
<status status="PASS" start="2025-02-21T15:50:16.117258" elapsed="0.017342"/>
</kw>
<kw name="Append To List" owner="Collections">
<arg>${cartItemDescriptions}</arg>
<arg>${temp}</arg>
<doc>Adds ``values`` to the end of ``list``.</doc>
<status status="PASS" start="2025-02-21T15:50:16.135183" elapsed="0.001395"/>
</kw>
<var name="${i}">0</var>
<status status="PASS" start="2025-02-21T15:50:16.116115" elapsed="0.020871"/>
</iter>
<var>${i}</var>
<value>0</value>
<value>${cartLength}</value>
<status status="PASS" start="2025-02-21T15:50:16.114985" elapsed="0.022227"/>
</for>
<return>
<value>${cartItemDescriptions}</value>
<status status="PASS" start="2025-02-21T15:50:16.137531" elapsed="0.000663"/>
</return>
<msg time="2025-02-21T15:50:16.138698" level="INFO">${listOfCartItemDescriptioins} = ['1 Regular Adult Ticket(s)']</msg>
<var>${listOfCartItemDescriptioins}</var>
<status status="PASS" start="2025-02-21T15:50:16.096996" elapsed="0.042224"/>
</kw>
<kw name="Should Contain X Times" owner="BuiltIn">
<msg time="2025-02-21T15:50:16.140837" level="INFO">Item found from container 1 time.</msg>
<arg>${listOfCartItemDescriptioins}</arg>
<arg>1 Regular Adult Ticket(s)</arg>
<arg>1</arg>
<doc>Fails if ``container`` does not contain ``item`` ``count`` times.</doc>
<status status="PASS" start="2025-02-21T15:50:16.139718" elapsed="0.001662"/>
</kw>
<status status="PASS" start="2025-02-21T15:50:16.092207" elapsed="0.049610"/>
</kw>
<kw name="And Total cart cost is correct" owner="pal_keywords">
<kw name="Execute Javascript" owner="SeleniumLibrary">
<msg time="2025-02-21T15:50:16.166136" level="INFO">Executing JavaScript:
return getCart();
Without any arguments.</msg>
<msg time="2025-02-21T15:50:16.180268" level="INFO">${cart} = [{'category': 'Regular', 'description': '1 Regular Adult Ticket(s)', 'itemType': 'ticket', 'price': 50, 'quantity': 1}]</msg>
<var>${cart}</var>
<arg>return getCart();</arg>
<doc>Executes the given JavaScript code with possible arguments.</doc>
<status status="PASS" start="2025-02-21T15:50:16.164118" elapsed="0.017171"/>
</kw>
<kw name="Set Variable" owner="BuiltIn">
<msg time="2025-02-21T15:50:16.183323" level="INFO">${totalPriceInCart} = 0</msg>
<var>${totalPriceInCart}</var>
<arg>0</arg>
<doc>Returns the given values which can then be assigned to a variables.</doc>
<status status="PASS" start="2025-02-21T15:50:16.182098" elapsed="0.002002"/>
</kw>
<kw name="Get Length" owner="BuiltIn">
<msg time="2025-02-21T15:50:16.186641" level="INFO">Length is 1.</msg>
<msg time="2025-02-21T15:50:16.189461" level="INFO">${cartLength} = 1</msg>
<var>${cartLength}</var>
<arg>${cart}</arg>
<doc>Returns and logs the length of the given item as an integer.</doc>
<status status="PASS" start="2025-02-21T15:50:16.184883" elapsed="0.005713"/>
</kw>
<for flavor="IN RANGE">
<iter>
<kw name="Execute Javascript" owner="SeleniumLibrary">
<msg time="2025-02-21T15:50:16.199355" level="INFO">Executing JavaScript:
let item = {'category': 'Regular', 'description': '1 Regular Adult Ticket(s)', 'itemType': 'ticket', 'price': 50, 'quantity': 1};return item.price;
Without any arguments.</msg>
<msg time="2025-02-21T15:50:16.218256" level="INFO">${tempItemPrice} = 50</msg>
<var>${tempItemPrice}</var>
<arg>let item = ${cart}[${i}];</arg>
<arg>return item.price;</arg>
<doc>Executes the given JavaScript code with possible arguments.</doc>
<status status="PASS" start="2025-02-21T15:50:16.195309" elapsed="0.023270"/>
</kw>
<kw name="Evaluate" owner="BuiltIn">
<msg time="2025-02-21T15:50:16.219833" level="INFO">${totalPriceInCart} = 50</msg>
<var>${totalPriceInCart}</var>
<arg>${totalPriceInCart} + ${tempItemPrice}</arg>
<doc>Evaluates the given expression in Python and returns the result.</doc>
<status status="PASS" start="2025-02-21T15:50:16.219015" elapsed="0.001193"/>
</kw>
<var name="${i}">0</var>
<status status="PASS" start="2025-02-21T15:50:16.193684" elapsed="0.026722"/>
</iter>
<var>${i}</var>
<value>0</value>
<value>${cartLength}</value>
<status status="PASS" start="2025-02-21T15:50:16.191250" elapsed="0.029306"/>
</for>
<kw name="Should Be Equal As Numbers" owner="BuiltIn">
<arg>${totalPriceInCart}</arg>
<arg>${expectedCost}</arg>
<doc>Fails if objects are unequal after converting them to real numbers.</doc>
<status status="PASS" start="2025-02-21T15:50:16.220843" elapsed="0.001034"/>
</kw>
<arg>${50}</arg>
<status status="PASS" start="2025-02-21T15:50:16.150952" elapsed="0.071341"/>
</kw>
<status status="PASS" start="2025-02-21T15:50:11.556640" elapsed="4.675234"/>
</test>
<test id="s1-s1-t4" name="Book safaris" line="45">
<kw name="Given User pal is logged in" owner="pal_keywords">
<kw name="Execute Javascript" owner="SeleniumLibrary">
<msg time="2025-02-21T15:50:16.254309" level="INFO">Executing JavaScript:
return currentUser.username;
Without any arguments.</msg>
<msg time="2025-02-21T15:50:16.275793" level="INFO">${UserLoggedIn} = StinaPalle</msg>
<var>${UserLoggedIn}</var>
<arg>return currentUser.username;</arg>
<doc>Executes the given JavaScript code with possible arguments.</doc>
<status status="PASS" start="2025-02-21T15:50:16.251938" elapsed="0.024572"/>
</kw>
<kw name="Should Be Equal" owner="BuiltIn">
<arg>${UserLoggedIn}</arg>
<arg>StinaPalle</arg>
<doc>Fails if the given objects are unequal.</doc>
<status status="PASS" start="2025-02-21T15:50:16.277576" elapsed="0.002468"/>
</kw>
<status status="PASS" start="2025-02-21T15:50:16.240702" elapsed="0.041472"/>
</kw>
<kw name="And Pal ticket is added to cart" owner="pal_keywords">
<kw name="GetCartItemDescriptions" owner="pal_keywords">
<kw name="Execute Javascript" owner="SeleniumLibrary">
<msg time="2025-02-21T15:50:16.309885" level="INFO">Executing JavaScript:
return getCart();
Without any arguments.</msg>
<msg time="2025-02-21T15:50:16.324219" level="INFO">${cart} = [{'category': 'Regular', 'description': '1 Regular Adult Ticket(s)', 'itemType': 'ticket', 'price': 50, 'quantity': 1}]</msg>
<var>${cart}</var>
<arg>return getCart();</arg>
<doc>Executes the given JavaScript code with possible arguments.</doc>
<status status="PASS" start="2025-02-21T15:50:16.308500" elapsed="0.016806"/>
</kw>
<kw name="Get Length" owner="BuiltIn">
<msg time="2025-02-21T15:50:16.328953" level="INFO">Length is 1.</msg>
<msg time="2025-02-21T15:50:16.332455" level="INFO">${cartLength} = 1</msg>
<var>${cartLength}</var>
<arg>${cart}</arg>
<doc>Returns and logs the length of the given item as an integer.</doc>
<status status="PASS" start="2025-02-21T15:50:16.326161" elapsed="0.007040"/>
</kw>
<kw name="Create List" owner="BuiltIn">
<msg time="2025-02-21T15:50:16.336114" level="INFO">${cartItemDescriptions} = []</msg>
<var>${cartItemDescriptions}</var>
<doc>Returns a list containing given items.</doc>
<status status="PASS" start="2025-02-21T15:50:16.334308" elapsed="0.002578"/>
</kw>
<for flavor="IN RANGE">
<iter>
<kw name="Execute Javascript" owner="SeleniumLibrary">
<msg time="2025-02-21T15:50:16.345785" level="INFO">Executing JavaScript:
let item = {'category': 'Regular', 'description': '1 Regular Adult Ticket(s)', 'itemType': 'ticket', 'price': 50, 'quantity': 1};return item.description;
Without any arguments.</msg>
<msg time="2025-02-21T15:50:16.357438" level="INFO">${temp} = 1 Regular Adult Ticket(s)</msg>
<var>${temp}</var>
<arg>let item = ${cart}[${i}];</arg>
<arg>return item.description;</arg>
<doc>Executes the given JavaScript code with possible arguments.</doc>
<status status="PASS" start="2025-02-21T15:50:16.341475" elapsed="0.016212"/>
</kw>
<kw name="Append To List" owner="Collections">
<arg>${cartItemDescriptions}</arg>
<arg>${temp}</arg>
<doc>Adds ``values`` to the end of ``list``.</doc>
<status status="PASS" start="2025-02-21T15:50:16.358069" elapsed="0.001208"/>
</kw>
<var name="${i}">0</var>
<status status="PASS" start="2025-02-21T15:50:16.340196" elapsed="0.019367"/>
</iter>
<var>${i}</var>
<value>0</value>
<value>${cartLength}</value>
<status status="PASS" start="2025-02-21T15:50:16.337521" elapsed="0.022246"/>
</for>
<return>
<value>${cartItemDescriptions}</value>
<status status="PASS" start="2025-02-21T15:50:16.360363" elapsed="0.002998"/>
</return>
<msg time="2025-02-21T15:50:16.364702" level="INFO">${listOfCartItemDescriptioins} = ['1 Regular Adult Ticket(s)']</msg>
<var>${listOfCartItemDescriptioins}</var>
<status status="PASS" start="2025-02-21T15:50:16.307294" elapsed="0.058566"/>
</kw>
<kw name="Should Contain X Times" owner="BuiltIn">
<msg time="2025-02-21T15:50:16.367511" level="INFO">Item found from container 1 time.</msg>
<arg>${listOfCartItemDescriptioins}</arg>
<arg>1 Regular Adult Ticket(s)</arg>
<arg>1</arg>
<doc>Fails if ``container`` does not contain ``item`` ``count`` times.</doc>
<status status="PASS" start="2025-02-21T15:50:16.366424" elapsed="0.001768"/>
</kw>
<status status="PASS" start="2025-02-21T15:50:16.292694" elapsed="0.075982"/>
</kw>
<kw name="When Pal books Herbivore safari without feeding" owner="pal_keywords">
<kw name="Book safari" owner="pal_keywords">
<kw name="Click Specific Button" owner="keywords">
<kw name="Click Element" owner="SeleniumLibrary">
<msg time="2025-02-21T15:50:16.385468" level="INFO">Clicking element 'xpath=/html/body/header/div/nav/ul/li[5]/a'.</msg>
<arg>${button}</arg>
<doc>Click the element identified by ``locator``.</doc>
<status status="PASS" start="2025-02-21T15:50:16.384810" elapsed="0.148690"/>
</kw>
<arg>${safari_button}</arg>
<status status="PASS" start="2025-02-21T15:50:16.384130" elapsed="0.149621"/>
</kw>
<kw name="Input Text" owner="SeleniumLibrary">
<msg time="2025-02-21T15:50:16.534982" level="INFO">Typing text '002025-03-19' into text field 'id=safari-date'.</msg>
<arg>${safari_date_field}</arg>
<arg>${pal_safari_date}</arg>
<doc>Types the given ``text`` into the text field identified by ``locator``.</doc>
<status status="PASS" start="2025-02-21T15:50:16.534128" elapsed="0.113518"/>
</kw>
<kw name="Sleep" owner="BuiltIn">
<msg time="2025-02-21T15:50:17.648851" level="INFO">Slept 1 second.</msg>
<arg>1</arg>
<doc>Pauses the test executed for the given time.</doc>
<status status="PASS" start="2025-02-21T15:50:16.648012" elapsed="1.001730"/>
</kw>
<kw name="Select From List By Value" owner="SeleniumLibrary">
<msg time="2025-02-21T15:50:17.651970" level="INFO">Selecting options from selection list 'xpath=/html/body/main/article[5]/section/form/select' by value Herbivore Tour.</msg>
<arg>${safari_type_field}</arg>
<arg>${safari_type}</arg>
<doc>Selects options from selection list ``locator`` by ``values``.</doc>
<status status="PASS" start="2025-02-21T15:50:17.650358" elapsed="0.063468"/>
</kw>
<kw name="Sleep" owner="BuiltIn">
<msg time="2025-02-21T15:50:18.714971" level="INFO">Slept 1 second.</msg>
<arg>1</arg>
<doc>Pauses the test executed for the given time.</doc>
<status status="PASS" start="2025-02-21T15:50:17.714085" elapsed="1.001304"/>
</kw>
<kw name="Click Element" owner="SeleniumLibrary">
<msg time="2025-02-21T15:50:18.716508" level="INFO">Clicking element 'xpath=/html/body/main/article[5]/section/form/button'.</msg>
<arg>${safari_submit_button}</arg>
<doc>Click the element identified by ``locator``.</doc>
<status status="PASS" start="2025-02-21T15:50:18.715779" elapsed="0.091941"/>
</kw>
<kw name="Sleep" owner="BuiltIn">
<msg time="2025-02-21T15:50:19.808698" level="INFO">Slept 1 second.</msg>
<arg>1</arg>
<doc>Pauses the test executed for the given time.</doc>
<status status="PASS" start="2025-02-21T15:50:18.807987" elapsed="1.001177"/>
</kw>
<kw name="Handle Alert" owner="SeleniumLibrary">
<msg time="2025-02-21T15:50:19.810394" level="INFO">HANDLE::&lt;class 'NoneType'&gt;::None</msg>
<msg time="2025-02-21T15:50:19.818663" level="INFO">${alert_text} = Item added to cart!</msg>
<var>${alert_text}</var>
<arg>action=DISMISS</arg>
<doc>Handles the current alert and returns its message.</doc>
<status status="PASS" start="2025-02-21T15:50:19.809728" elapsed="0.009298"/>
</kw>
<kw name="Should Contain" owner="BuiltIn">
<arg>${alert_text}</arg>
<arg>${add_to_cart_message_successful}</arg>
<doc>Fails if ``container`` does not contain ``item`` one or more times.</doc>
<status status="PASS" start="2025-02-21T15:50:19.819694" elapsed="0.001110"/>
</kw>
<arg>${safari_type_herbivor_tour}</arg>
<status status="PASS" start="2025-02-21T15:50:16.382871" elapsed="3.438236"/>
</kw>
<status status="PASS" start="2025-02-21T15:50:16.374675" elapsed="3.446615"/>
</kw>
<kw name="And Pal books T-rex tour" owner="pal_keywords">
<kw name="Book safari" owner="pal_keywords">
<kw name="Click Specific Button" owner="keywords">
<kw name="Click Element" owner="SeleniumLibrary">
<msg time="2025-02-21T15:50:19.833867" level="INFO">Clicking element 'xpath=/html/body/header/div/nav/ul/li[5]/a'.</msg>
<arg>${button}</arg>
<doc>Click the element identified by ``locator``.</doc>
<status status="PASS" start="2025-02-21T15:50:19.832862" elapsed="0.111360"/>
</kw>
<arg>${safari_button}</arg>
<status status="PASS" start="2025-02-21T15:50:19.832327" elapsed="0.112093"/>
</kw>
<kw name="Input Text" owner="SeleniumLibrary">
<msg time="2025-02-21T15:50:19.945113" level="INFO">Typing text '002025-03-19' into text field 'id=safari-date'.</msg>
<arg>${safari_date_field}</arg>
<arg>${pal_safari_date}</arg>
<doc>Types the given ``text`` into the text field identified by ``locator``.</doc>
<status status="PASS" start="2025-02-21T15:50:19.944604" elapsed="0.106903"/>
</kw>
<kw name="Sleep" owner="BuiltIn">
<msg time="2025-02-21T15:50:21.052936" level="INFO">Slept 1 second.</msg>
<arg>1</arg>
<doc>Pauses the test executed for the given time.</doc>
<status status="PASS" start="2025-02-21T15:50:20.051760" elapsed="1.002008"/>
</kw>
<kw name="Select From List By Value" owner="SeleniumLibrary">
<msg time="2025-02-21T15:50:21.056412" level="INFO">Selecting options from selection list 'xpath=/html/body/main/article[5]/section/form/select' by value T-Rex Rumble.</msg>
<arg>${safari_type_field}</arg>
<arg>${safari_type}</arg>
<doc>Selects options from selection list ``locator`` by ``values``.</doc>
<status status="PASS" start="2025-02-21T15:50:21.054641" elapsed="0.086082"/>
</kw>
<kw name="Sleep" owner="BuiltIn">
<msg time="2025-02-21T15:50:22.141928" level="INFO">Slept 1 second.</msg>
<arg>1</arg>
<doc>Pauses the test executed for the given time.</doc>
<status status="PASS" start="2025-02-21T15:50:21.140975" elapsed="1.001926"/>
</kw>
<kw name="Click Element" owner="SeleniumLibrary">
<msg time="2025-02-21T15:50:22.146584" level="INFO">Clicking element 'xpath=/html/body/main/article[5]/section/form/button'.</msg>
<arg>${safari_submit_button}</arg>
<doc>Click the element identified by ``locator``.</doc>
<status status="PASS" start="2025-02-21T15:50:22.143925" elapsed="0.101700"/>
</kw>
<kw name="Sleep" owner="BuiltIn">
<msg time="2025-02-21T15:50:23.246726" level="INFO">Slept 1 second.</msg>
<arg>1</arg>
<doc>Pauses the test executed for the given time.</doc>
<status status="PASS" start="2025-02-21T15:50:22.245912" elapsed="1.001762"/>
</kw>
<kw name="Handle Alert" owner="SeleniumLibrary">
<msg time="2025-02-21T15:50:23.250449" level="INFO">HANDLE::&lt;class 'NoneType'&gt;::None</msg>
<msg time="2025-02-21T15:50:23.263558" level="INFO">${alert_text} = Item added to cart!</msg>
<var>${alert_text}</var>
<arg>action=DISMISS</arg>
<doc>Handles the current alert and returns its message.</doc>
<status status="PASS" start="2025-02-21T15:50:23.248646" elapsed="0.015431"/>
</kw>
<kw name="Should Contain" owner="BuiltIn">
<arg>${alert_text}</arg>
<arg>${add_to_cart_message_successful}</arg>
<doc>Fails if ``container`` does not contain ``item`` one or more times.</doc>
<status status="PASS" start="2025-02-21T15:50:23.264928" elapsed="0.001288"/>
</kw>
<arg>${safari_type_t_rex_rumble}</arg>
<status status="PASS" start="2025-02-21T15:50:19.831463" elapsed="3.435087"/>
</kw>
<status status="PASS" start="2025-02-21T15:50:19.825556" elapsed="3.441239"/>
</kw>
<kw name="Then Pal safaris are added to cart" owner="pal_keywords">
<kw name="GetCartItemDescriptions" owner="pal_keywords">
<kw name="Execute Javascript" owner="SeleniumLibrary">
<msg time="2025-02-21T15:50:23.280062" level="INFO">Executing JavaScript:
return getCart();
Without any arguments.</msg>
<msg time="2025-02-21T15:50:23.290610" level="INFO">${cart} = [{'category': 'Regular', 'description': '1 Regular Adult Ticket(s)', 'itemType': 'ticket', 'price': 50, 'quantity': 1}, {'date': '2025-03-19', 'description': 'Herbivore Tour on 2025-03-19', 'itemType'...</msg>
<var>${cart}</var>
<arg>return getCart();</arg>
<doc>Executes the given JavaScript code with possible arguments.</doc>
<status status="PASS" start="2025-02-21T15:50:23.279487" elapsed="0.011365"/>
</kw>
<kw name="Get Length" owner="BuiltIn">
<msg time="2025-02-21T15:50:23.292034" level="INFO">Length is 3.</msg>
<msg time="2025-02-21T15:50:23.292706" level="INFO">${cartLength} = 3</msg>
<var>${cartLength}</var>
<arg>${cart}</arg>
<doc>Returns and logs the length of the given item as an integer.</doc>
<status status="PASS" start="2025-02-21T15:50:23.291202" elapsed="0.001704"/>
</kw>
<kw name="Create List" owner="BuiltIn">
<msg time="2025-02-21T15:50:23.294181" level="INFO">${cartItemDescriptions} = []</msg>
<var>${cartItemDescriptions}</var>
<doc>Returns a list containing given items.</doc>
<status status="PASS" start="2025-02-21T15:50:23.293349" elapsed="0.001339"/>
</kw>
<for flavor="IN RANGE">
<iter>
<kw name="Execute Javascript" owner="SeleniumLibrary">
<msg time="2025-02-21T15:50:23.296806" level="INFO">Executing JavaScript:
let item = {'category': 'Regular', 'description': '1 Regular Adult Ticket(s)', 'itemType': 'ticket', 'price': 50, 'quantity': 1};return item.description;
Without any arguments.</msg>
<msg time="2025-02-21T15:50:23.312275" level="INFO">${temp} = 1 Regular Adult Ticket(s)</msg>
<var>${temp}</var>
<arg>let item = ${cart}[${i}];</arg>
<arg>return item.description;</arg>
<doc>Executes the given JavaScript code with possible arguments.</doc>
<status status="PASS" start="2025-02-21T15:50:23.295832" elapsed="0.016710"/>
</kw>
<kw name="Append To List" owner="Collections">
<arg>${cartItemDescriptions}</arg>
<arg>${temp}</arg>
<doc>Adds ``values`` to the end of ``list``.</doc>
<status status="PASS" start="2025-02-21T15:50:23.312950" elapsed="0.001065"/>
</kw>
<var name="${i}">0</var>
<status status="PASS" start="2025-02-21T15:50:23.295505" elapsed="0.018691"/>
</iter>
<iter>
<kw name="Execute Javascript" owner="SeleniumLibrary">
<msg time="2025-02-21T15:50:23.315855" level="INFO">Executing JavaScript:
let item = {'date': '2025-03-19', 'description': 'Herbivore Tour on 2025-03-19', 'itemType': 'safari', 'price': 120, 'type': 'Herbivore Tour'};return item.description;
Without any arguments.</msg>
<msg time="2025-02-21T15:50:23.327214" level="INFO">${temp} = Herbivore Tour on 2025-03-19</msg>
<var>${temp}</var>
<arg>let item = ${cart}[${i}];</arg>
<arg>return item.description;</arg>
<doc>Executes the given JavaScript code with possible arguments.</doc>
<status status="PASS" start="2025-02-21T15:50:23.314984" elapsed="0.012420"/>
</kw>
<kw name="Append To List" owner="Collections">
<arg>${cartItemDescriptions}</arg>
<arg>${temp}</arg>
<doc>Adds ``values`` to the end of ``list``.</doc>
<status status="PASS" start="2025-02-21T15:50:23.327654" elapsed="0.000782"/>
</kw>
<var name="${i}">1</var>
<status status="PASS" start="2025-02-21T15:50:23.314394" elapsed="0.014170"/>
</iter>
<iter>
<kw name="Execute Javascript" owner="SeleniumLibrary">
<msg time="2025-02-21T15:50:23.329732" level="INFO">Executing JavaScript:
let item = {'date': '2025-03-19', 'description': 'T-Rex Rumble on 2025-03-19', 'itemType': 'safari', 'price': 150, 'type': 'T-Rex Rumble'};return item.description;
Without any arguments.</msg>
<msg time="2025-02-21T15:50:23.341224" level="INFO">${temp} = T-Rex Rumble on 2025-03-19</msg>
<var>${temp}</var>
<arg>let item = ${cart}[${i}];</arg>
<arg>return item.description;</arg>
<doc>Executes the given JavaScript code with possible arguments.</doc>
<status status="PASS" start="2025-02-21T15:50:23.329040" elapsed="0.012372"/>
</kw>
<kw name="Append To List" owner="Collections">
<arg>${cartItemDescriptions}</arg>
<arg>${temp}</arg>
<doc>Adds ``values`` to the end of ``list``.</doc>
<status status="PASS" start="2025-02-21T15:50:23.341703" elapsed="0.000714"/>
</kw>
<var name="${i}">2</var>
<status status="PASS" start="2025-02-21T15:50:23.328746" elapsed="0.013826"/>
</iter>
<var>${i}</var>
<value>0</value>
<value>${cartLength}</value>
<status status="PASS" start="2025-02-21T15:50:23.294933" elapsed="0.047748"/>
</for>
<return>
<value>${cartItemDescriptions}</value>
<status status="PASS" start="2025-02-21T15:50:23.342799" elapsed="0.000256"/>
</return>
<msg time="2025-02-21T15:50:23.343283" level="INFO">${cartItemDescriptioins} = ['1 Regular Adult Ticket(s)', 'Herbivore Tour on 2025-03-19', 'T-Rex Rumble on 2025-03-19']</msg>
<var>${cartItemDescriptioins}</var>
<status status="PASS" start="2025-02-21T15:50:23.279008" elapsed="0.064852"/>
</kw>
<kw name="Should Contain X Times" owner="BuiltIn">
<msg time="2025-02-21T15:50:23.344584" level="INFO">Item found from container 1 time.</msg>
<arg>${cartItemDescriptioins}</arg>
<arg>Herbivore Tour on 2025-03-19</arg>
<arg>1</arg>
<doc>Fails if ``container`` does not contain ``item`` ``count`` times.</doc>
<status status="PASS" start="2025-02-21T15:50:23.344141" elapsed="0.000680"/>
</kw>
<kw name="Should Contain X Times" owner="BuiltIn">
<msg time="2025-02-21T15:50:23.345452" level="INFO">Item found from container 1 time.</msg>
<arg>${cartItemDescriptioins}</arg>
<arg>T-Rex Rumble on 2025-03-19</arg>
<arg>1</arg>
<doc>Fails if ``container`` does not contain ``item`` ``count`` times.</doc>
<status status="PASS" start="2025-02-21T15:50:23.345043" elapsed="0.001207"/>
</kw>
<status status="PASS" start="2025-02-21T15:50:23.274708" elapsed="0.071732"/>
</kw>
<kw name="And Total cart cost is correct" owner="pal_keywords">
<kw name="Execute Javascript" owner="SeleniumLibrary">
<msg time="2025-02-21T15:50:23.357615" level="INFO">Executing JavaScript:
return getCart();
Without any arguments.</msg>
<msg time="2025-02-21T15:50:23.366761" level="INFO">${cart} = [{'category': 'Regular', 'description': '1 Regular Adult Ticket(s)', 'itemType': 'ticket', 'price': 50, 'quantity': 1}, {'date': '2025-03-19', 'description': 'Herbivore Tour on 2025-03-19', 'itemType'...</msg>
<var>${cart}</var>
<arg>return getCart();</arg>
<doc>Executes the given JavaScript code with possible arguments.</doc>
<status status="PASS" start="2025-02-21T15:50:23.356975" elapsed="0.010081"/>
</kw>
<kw name="Set Variable" owner="BuiltIn">
<msg time="2025-02-21T15:50:23.369241" level="INFO">${totalPriceInCart} = 0</msg>
<var>${totalPriceInCart}</var>
<arg>0</arg>
<doc>Returns the given values which can then be assigned to a variables.</doc>
<status status="PASS" start="2025-02-21T15:50:23.367574" elapsed="0.003011"/>
</kw>
<kw name="Get Length" owner="BuiltIn">
<msg time="2025-02-21T15:50:23.377143" level="INFO">Length is 3.</msg>
<msg time="2025-02-21T15:50:23.377745" level="INFO">${cartLength} = 3</msg>
<var>${cartLength}</var>
<arg>${cart}</arg>
<doc>Returns and logs the length of the given item as an integer.</doc>
<status status="PASS" start="2025-02-21T15:50:23.375471" elapsed="0.002514"/>
</kw>
<for flavor="IN RANGE">
<iter>
<kw name="Execute Javascript" owner="SeleniumLibrary">
<msg time="2025-02-21T15:50:23.379952" level="INFO">Executing JavaScript:
let item = {'category': 'Regular', 'description': '1 Regular Adult Ticket(s)', 'itemType': 'ticket', 'price': 50, 'quantity': 1};return item.price;
Without any arguments.</msg>
<msg time="2025-02-21T15:50:23.391721" level="INFO">${tempItemPrice} = 50</msg>
<var>${tempItemPrice}</var>
<arg>let item = ${cart}[${i}];</arg>
<arg>return item.price;</arg>
<doc>Executes the given JavaScript code with possible arguments.</doc>
<status status="PASS" start="2025-02-21T15:50:23.379085" elapsed="0.012828"/>
</kw>
<kw name="Evaluate" owner="BuiltIn">
<msg time="2025-02-21T15:50:23.392837" level="INFO">${totalPriceInCart} = 50</msg>
<var>${totalPriceInCart}</var>
<arg>${totalPriceInCart} + ${tempItemPrice}</arg>
<doc>Evaluates the given expression in Python and returns the result.</doc>
<status status="PASS" start="2025-02-21T15:50:23.392224" elapsed="0.000776"/>
</kw>
<var name="${i}">0</var>
<status status="PASS" start="2025-02-21T15:50:23.378767" elapsed="0.014401"/>
</iter>
<iter>
<kw name="Execute Javascript" owner="SeleniumLibrary">
<msg time="2025-02-21T15:50:23.394355" level="INFO">Executing JavaScript:
let item = {'date': '2025-03-19', 'description': 'Herbivore Tour on 2025-03-19', 'itemType': 'safari', 'price': 120, 'type': 'Herbivore Tour'};return item.price;
Without any arguments.</msg>
<msg time="2025-02-21T15:50:23.405061" level="INFO">${tempItemPrice} = 120</msg>
<var>${tempItemPrice}</var>
<arg>let item = ${cart}[${i}];</arg>
<arg>return item.price;</arg>
<doc>Executes the given JavaScript code with possible arguments.</doc>
<status status="PASS" start="2025-02-21T15:50:23.393647" elapsed="0.012329"/>
</kw>
<kw name="Evaluate" owner="BuiltIn">
<msg time="2025-02-21T15:50:23.407487" level="INFO">${totalPriceInCart} = 170</msg>
<var>${totalPriceInCart}</var>
<arg>${totalPriceInCart} + ${tempItemPrice}</arg>
<doc>Evaluates the given expression in Python and returns the result.</doc>
<status status="PASS" start="2025-02-21T15:50:23.406478" elapsed="0.001257"/>
</kw>
<var name="${i}">1</var>
<status status="PASS" start="2025-02-21T15:50:23.393342" elapsed="0.014556"/>
</iter>
<iter>
<kw name="Execute Javascript" owner="SeleniumLibrary">
<msg time="2025-02-21T15:50:23.409078" level="INFO">Executing JavaScript:
let item = {'date': '2025-03-19', 'description': 'T-Rex Rumble on 2025-03-19', 'itemType': 'safari', 'price': 150, 'type': 'T-Rex Rumble'};return item.price;
Without any arguments.</msg>
<msg time="2025-02-21T15:50:23.416996" level="INFO">${tempItemPrice} = 150</msg>
<var>${tempItemPrice}</var>
<arg>let item = ${cart}[${i}];</arg>
<arg>return item.price;</arg>
<doc>Executes the given JavaScript code with possible arguments.</doc>
<status status="PASS" start="2025-02-21T15:50:23.408409" elapsed="0.009045"/>
</kw>
<kw name="Evaluate" owner="BuiltIn">
<msg time="2025-02-21T15:50:23.420102" level="INFO">${totalPriceInCart} = 320</msg>
<var>${totalPriceInCart}</var>
<arg>${totalPriceInCart} + ${tempItemPrice}</arg>
<doc>Evaluates the given expression in Python and returns the result.</doc>
<status status="PASS" start="2025-02-21T15:50:23.418139" elapsed="0.002901"/>
</kw>
<var name="${i}">2</var>
<status status="PASS" start="2025-02-21T15:50:23.408093" elapsed="0.013225"/>
</iter>
<var>${i}</var>
<value>0</value>
<value>${cartLength}</value>
<status status="PASS" start="2025-02-21T15:50:23.378198" elapsed="0.043217"/>
</for>
<kw name="Should Be Equal As Numbers" owner="BuiltIn">
<arg>${totalPriceInCart}</arg>
<arg>${expectedCost}</arg>
<doc>Fails if objects are unequal after converting them to real numbers.</doc>
<status status="PASS" start="2025-02-21T15:50:23.421630" elapsed="0.000729"/>
</kw>
<arg>${320}</arg>
<status status="PASS" start="2025-02-21T15:50:23.350353" elapsed="0.072191"/>
</kw>
<status status="PASS" start="2025-02-21T15:50:16.237958" elapsed="7.187975"/>
</test>
<test id="s1-s1-t5" name="Checkout" line="53">
<kw name="Given User pal is logged in" owner="pal_keywords">
<kw name="Execute Javascript" owner="SeleniumLibrary">
<msg time="2025-02-21T15:50:23.432023" level="INFO">Executing JavaScript:
return currentUser.username;
Without any arguments.</msg>
<msg time="2025-02-21T15:50:23.441446" level="INFO">${UserLoggedIn} = StinaPalle</msg>
<var>${UserLoggedIn}</var>
<arg>return currentUser.username;</arg>
<doc>Executes the given JavaScript code with possible arguments.</doc>
<status status="PASS" start="2025-02-21T15:50:23.431501" elapsed="0.010389"/>
</kw>
<kw name="Should Be Equal" owner="BuiltIn">
<arg>${UserLoggedIn}</arg>
<arg>StinaPalle</arg>
<doc>Fails if the given objects are unequal.</doc>
<status status="PASS" start="2025-02-21T15:50:23.442284" elapsed="0.001478"/>
</kw>
<status status="PASS" start="2025-02-21T15:50:23.428141" elapsed="0.016159"/>
</kw>
<kw name="And Pal ticket is added to cart" owner="pal_keywords">
<kw name="GetCartItemDescriptions" owner="pal_keywords">
<kw name="Execute Javascript" owner="SeleniumLibrary">
<msg time="2025-02-21T15:50:23.458970" level="INFO">Executing JavaScript:
return getCart();
Without any arguments.</msg>
<msg time="2025-02-21T15:50:23.466955" level="INFO">${cart} = [{'category': 'Regular', 'description': '1 Regular Adult Ticket(s)', 'itemType': 'ticket', 'price': 50, 'quantity': 1}, {'date': '2025-03-19', 'description': 'Herbivore Tour on 2025-03-19', 'itemType'...</msg>
<var>${cart}</var>
<arg>return getCart();</arg>
<doc>Executes the given JavaScript code with possible arguments.</doc>
<status status="PASS" start="2025-02-21T15:50:23.457830" elapsed="0.009450"/>
</kw>
<kw name="Get Length" owner="BuiltIn">
<msg time="2025-02-21T15:50:23.469302" level="INFO">Length is 3.</msg>
<msg time="2025-02-21T15:50:23.470146" level="INFO">${cartLength} = 3</msg>
<var>${cartLength}</var>
<arg>${cart}</arg>
<doc>Returns and logs the length of the given item as an integer.</doc>
<status status="PASS" start="2025-02-21T15:50:23.467876" elapsed="0.003209"/>
</kw>
<kw name="Create List" owner="BuiltIn">
<msg time="2025-02-21T15:50:23.472643" level="INFO">${cartItemDescriptions} = []</msg>
<var>${cartItemDescriptions}</var>
<doc>Returns a list containing given items.</doc>
<status status="PASS" start="2025-02-21T15:50:23.471858" elapsed="0.000970"/>
</kw>
<for flavor="IN RANGE">
<iter>
<kw name="Execute Javascript" owner="SeleniumLibrary">
<msg time="2025-02-21T15:50:23.475852" level="INFO">Executing JavaScript:
let item = {'category': 'Regular', 'description': '1 Regular Adult Ticket(s)', 'itemType': 'ticket', 'price': 50, 'quantity': 1};return item.description;
Without any arguments.</msg>
<msg time="2025-02-21T15:50:23.489654" level="INFO">${temp} = 1 Regular Adult Ticket(s)</msg>
<var>${temp}</var>
<arg>let item = ${cart}[${i}];</arg>
<arg>return item.description;</arg>
<doc>Executes the given JavaScript code with possible arguments.</doc>
<status status="PASS" start="2025-02-21T15:50:23.474513" elapsed="0.015608"/>
</kw>
<kw name="Append To List" owner="Collections">
<arg>${cartItemDescriptions}</arg>
<arg>${temp}</arg>
<doc>Adds ``values`` to the end of ``list``.</doc>
<status status="PASS" start="2025-02-21T15:50:23.490722" elapsed="0.001218"/>
</kw>
<var name="${i}">0</var>
<status status="PASS" start="2025-02-21T15:50:23.474089" elapsed="0.018100"/>
</iter>
<iter>
<kw name="Execute Javascript" owner="SeleniumLibrary">
<msg time="2025-02-21T15:50:23.494210" level="INFO">Executing JavaScript:
let item = {'date': '2025-03-19', 'description': 'Herbivore Tour on 2025-03-19', 'itemType': 'safari', 'price': 120, 'type': 'Herbivore Tour'};return item.description;
Without any arguments.</msg>
<msg time="2025-02-21T15:50:23.504014" level="INFO">${temp} = Herbivore Tour on 2025-03-19</msg>
<var>${temp}</var>
<arg>let item = ${cart}[${i}];</arg>
<arg>return item.description;</arg>
<doc>Executes the given JavaScript code with possible arguments.</doc>
<status status="PASS" start="2025-02-21T15:50:23.492981" elapsed="0.011384"/>
</kw>
<kw name="Append To List" owner="Collections">
<arg>${cartItemDescriptions}</arg>
<arg>${temp}</arg>
<doc>Adds ``values`` to the end of ``list``.</doc>
<status status="PASS" start="2025-02-21T15:50:23.504650" elapsed="0.000799"/>
</kw>
<var name="${i}">1</var>
<status status="PASS" start="2025-02-21T15:50:23.492476" elapsed="0.013122"/>
</iter>
<iter>
<kw name="Execute Javascript" owner="SeleniumLibrary">
<msg time="2025-02-21T15:50:23.507127" level="INFO">Executing JavaScript:
let item = {'date': '2025-03-19', 'description': 'T-Rex Rumble on 2025-03-19', 'itemType': 'safari', 'price': 150, 'type': 'T-Rex Rumble'};return item.description;
Without any arguments.</msg>
<msg time="2025-02-21T15:50:23.514573" level="INFO">${temp} = T-Rex Rumble on 2025-03-19</msg>
<var>${temp}</var>
<arg>let item = ${cart}[${i}];</arg>
<arg>return item.description;</arg>
<doc>Executes the given JavaScript code with possible arguments.</doc>
<status status="PASS" start="2025-02-21T15:50:23.506322" elapsed="0.008450"/>
</kw>
<kw name="Append To List" owner="Collections">
<arg>${cartItemDescriptions}</arg>
<arg>${temp}</arg>
<doc>Adds ``values`` to the end of ``list``.</doc>
<status status="PASS" start="2025-02-21T15:50:23.515041" elapsed="0.000520"/>
</kw>
<var name="${i}">2</var>
<status status="PASS" start="2025-02-21T15:50:23.505858" elapsed="0.009821"/>
</iter>
<var>${i}</var>
<value>0</value>
<value>${cartLength}</value>
<status status="PASS" start="2025-02-21T15:50:23.473017" elapsed="0.042745"/>
</for>
<return>
<value>${cartItemDescriptions}</value>
<status status="PASS" start="2025-02-21T15:50:23.515897" elapsed="0.000171"/>
</return>
<msg time="2025-02-21T15:50:23.516293" level="INFO">${listOfCartItemDescriptioins} = ['1 Regular Adult Ticket(s)', 'Herbivore Tour on 2025-03-19', 'T-Rex Rumble on 2025-03-19']</msg>
<var>${listOfCartItemDescriptioins}</var>
<status status="PASS" start="2025-02-21T15:50:23.455829" elapsed="0.060615"/>
</kw>
<kw name="Should Contain X Times" owner="BuiltIn">
<msg time="2025-02-21T15:50:23.516961" level="INFO">Item found from container 1 time.</msg>
<arg>${listOfCartItemDescriptioins}</arg>
<arg>1 Regular Adult Ticket(s)</arg>
<arg>1</arg>
<doc>Fails if ``container`` does not contain ``item`` ``count`` times.</doc>
<status status="PASS" start="2025-02-21T15:50:23.516634" elapsed="0.000683"/>
</kw>
<status status="PASS" start="2025-02-21T15:50:23.448250" elapsed="0.069517"/>
</kw>
<kw name="And Pal safaris are added to cart" owner="pal_keywords">
<kw name="GetCartItemDescriptions" owner="pal_keywords">
<kw name="Execute Javascript" owner="SeleniumLibrary">
<msg time="2025-02-21T15:50:23.529240" level="INFO">Executing JavaScript:
return getCart();
Without any arguments.</msg>
<msg time="2025-02-21T15:50:23.536608" level="INFO">${cart} = [{'category': 'Regular', 'description': '1 Regular Adult Ticket(s)', 'itemType': 'ticket', 'price': 50, 'quantity': 1}, {'date': '2025-03-19', 'description': 'Herbivore Tour on 2025-03-19', 'itemType'...</msg>
<var>${cart}</var>
<arg>return getCart();</arg>
<doc>Executes the given JavaScript code with possible arguments.</doc>
<status status="PASS" start="2025-02-21T15:50:23.528496" elapsed="0.008349"/>
</kw>
<kw name="Get Length" owner="BuiltIn">
<msg time="2025-02-21T15:50:23.537579" level="INFO">Length is 3.</msg>
<msg time="2025-02-21T15:50:23.537795" level="INFO">${cartLength} = 3</msg>
<var>${cartLength}</var>
<arg>${cart}</arg>
<doc>Returns and logs the length of the given item as an integer.</doc>
<status status="PASS" start="2025-02-21T15:50:23.537103" elapsed="0.000805"/>
</kw>
<kw name="Create List" owner="BuiltIn">
<msg time="2025-02-21T15:50:23.538419" level="INFO">${cartItemDescriptions} = []</msg>
<var>${cartItemDescriptions}</var>
<doc>Returns a list containing given items.</doc>
<status status="PASS" start="2025-02-21T15:50:23.538112" elapsed="0.000425"/>
</kw>
<for flavor="IN RANGE">
<iter>
<kw name="Execute Javascript" owner="SeleniumLibrary">
<msg time="2025-02-21T15:50:23.540168" level="INFO">Executing JavaScript:
let item = {'category': 'Regular', 'description': '1 Regular Adult Ticket(s)', 'itemType': 'ticket', 'price': 50, 'quantity': 1};return item.description;
Without any arguments.</msg>
<msg time="2025-02-21T15:50:23.550605" level="INFO">${temp} = 1 Regular Adult Ticket(s)</msg>
<var>${temp}</var>
<arg>let item = ${cart}[${i}];</arg>
<arg>return item.description;</arg>
<doc>Executes the given JavaScript code with possible arguments.</doc>
<status status="PASS" start="2025-02-21T15:50:23.539277" elapsed="0.012264"/>
</kw>
<kw name="Append To List" owner="Collections">
<arg>${cartItemDescriptions}</arg>
<arg>${temp}</arg>
<doc>Adds ``values`` to the end of ``list``.</doc>
<status status="PASS" start="2025-02-21T15:50:23.552208" elapsed="0.001199"/>
</kw>
<var name="${i}">0</var>
<status status="PASS" start="2025-02-21T15:50:23.539034" elapsed="0.014609"/>
</iter>
<iter>
<kw name="Execute Javascript" owner="SeleniumLibrary">
<msg time="2025-02-21T15:50:23.554893" level="INFO">Executing JavaScript:
let item = {'date': '2025-03-19', 'description': 'Herbivore Tour on 2025-03-19', 'itemType': 'safari', 'price': 120, 'type': 'Herbivore Tour'};return item.description;
Without any arguments.</msg>
<msg time="2025-02-21T15:50:23.565071" level="INFO">${temp} = Herbivore Tour on 2025-03-19</msg>
<var>${temp}</var>
<arg>let item = ${cart}[${i}];</arg>
<arg>return item.description;</arg>
<doc>Executes the given JavaScript code with possible arguments.</doc>
<status status="PASS" start="2025-02-21T15:50:23.554192" elapsed="0.011085"/>
</kw>
<kw name="Append To List" owner="Collections">
<arg>${cartItemDescriptions}</arg>
<arg>${temp}</arg>
<doc>Adds ``values`` to the end of ``list``.</doc>
<status status="PASS" start="2025-02-21T15:50:23.565548" elapsed="0.000681"/>
</kw>
<var name="${i}">1</var>
<status status="PASS" start="2025-02-21T15:50:23.553855" elapsed="0.012509"/>
</iter>
<iter>
<kw name="Execute Javascript" owner="SeleniumLibrary">
<msg time="2025-02-21T15:50:23.568278" level="INFO">Executing JavaScript:
let item = {'date': '2025-03-19', 'description': 'T-Rex Rumble on 2025-03-19', 'itemType': 'safari', 'price': 150, 'type': 'T-Rex Rumble'};return item.description;
Without any arguments.</msg>
<msg time="2025-02-21T15:50:23.581277" level="INFO">${temp} = T-Rex Rumble on 2025-03-19</msg>
<var>${temp}</var>
<arg>let item = ${cart}[${i}];</arg>
<arg>return item.description;</arg>
<doc>Executes the given JavaScript code with possible arguments.</doc>
<status status="PASS" start="2025-02-21T15:50:23.566957" elapsed="0.014594"/>
</kw>
<kw name="Append To List" owner="Collections">
<arg>${cartItemDescriptions}</arg>
<arg>${temp}</arg>
<doc>Adds ``values`` to the end of ``list``.</doc>
<status status="PASS" start="2025-02-21T15:50:23.581864" elapsed="0.000460"/>
</kw>
<var name="${i}">2</var>
<status status="PASS" start="2025-02-21T15:50:23.566544" elapsed="0.015903"/>
</iter>
<var>${i}</var>
<value>0</value>
<value>${cartLength}</value>
<status status="PASS" start="2025-02-21T15:50:23.538667" elapsed="0.043883"/>
</for>
<return>
<value>${cartItemDescriptions}</value>
<status status="PASS" start="2025-02-21T15:50:23.582688" elapsed="0.000189"/>
</return>
<msg time="2025-02-21T15:50:23.583094" level="INFO">${cartItemDescriptioins} = ['1 Regular Adult Ticket(s)', 'Herbivore Tour on 2025-03-19', 'T-Rex Rumble on 2025-03-19']</msg>
<var>${cartItemDescriptioins}</var>
<status status="PASS" start="2025-02-21T15:50:23.527733" elapsed="0.055532"/>
</kw>
<kw name="Should Contain X Times" owner="BuiltIn">
<msg time="2025-02-21T15:50:23.583887" level="INFO">Item found from container 1 time.</msg>
<arg>${cartItemDescriptioins}</arg>
<arg>Herbivore Tour on 2025-03-19</arg>
<arg>1</arg>
<doc>Fails if ``container`` does not contain ``item`` ``count`` times.</doc>
<status status="PASS" start="2025-02-21T15:50:23.583465" elapsed="0.009480"/>
</kw>
<kw name="Should Contain X Times" owner="BuiltIn">
<msg time="2025-02-21T15:50:23.593693" level="INFO">Item found from container 1 time.</msg>
<arg>${cartItemDescriptioins}</arg>
<arg>T-Rex Rumble on 2025-03-19</arg>
<arg>1</arg>
<doc>Fails if ``container`` does not contain ``item`` ``count`` times.</doc>
<status status="PASS" start="2025-02-21T15:50:23.593224" elapsed="0.000743"/>
</kw>
<status status="PASS" start="2025-02-21T15:50:23.524117" elapsed="0.070029"/>
</kw>
<kw name="And Total cart cost is correct" owner="pal_keywords">
<kw name="Execute Javascript" owner="SeleniumLibrary">
<msg time="2025-02-21T15:50:23.606939" level="INFO">Executing JavaScript:
return getCart();
Without any arguments.</msg>
<msg time="2025-02-21T15:50:23.615266" level="INFO">${cart} = [{'category': 'Regular', 'description': '1 Regular Adult Ticket(s)', 'itemType': 'ticket', 'price': 50, 'quantity': 1}, {'date': '2025-03-19', 'description': 'Herbivore Tour on 2025-03-19', 'itemType'...</msg>
<var>${cart}</var>
<arg>return getCart();</arg>
<doc>Executes the given JavaScript code with possible arguments.</doc>
<status status="PASS" start="2025-02-21T15:50:23.605792" elapsed="0.009664"/>
</kw>
<kw name="Set Variable" owner="BuiltIn">
<msg time="2025-02-21T15:50:23.616100" level="INFO">${totalPriceInCart} = 0</msg>
<var>${totalPriceInCart}</var>
<arg>0</arg>
<doc>Returns the given values which can then be assigned to a variables.</doc>
<status status="PASS" start="2025-02-21T15:50:23.615718" elapsed="0.000750"/>
</kw>
<kw name="Get Length" owner="BuiltIn">
<msg time="2025-02-21T15:50:23.617263" level="INFO">Length is 3.</msg>
<msg time="2025-02-21T15:50:23.618063" level="INFO">${cartLength} = 3</msg>
<var>${cartLength}</var>
<arg>${cart}</arg>
<doc>Returns and logs the length of the given item as an integer.</doc>
<status status="PASS" start="2025-02-21T15:50:23.616674" elapsed="0.002070"/>
</kw>
<for flavor="IN RANGE">
<iter>
<kw name="Execute Javascript" owner="SeleniumLibrary">
<msg time="2025-02-21T15:50:23.621771" level="INFO">Executing JavaScript:
let item = {'category': 'Regular', 'description': '1 Regular Adult Ticket(s)', 'itemType': 'ticket', 'price': 50, 'quantity': 1};return item.price;
Without any arguments.</msg>
<msg time="2025-02-21T15:50:23.630236" level="INFO">${tempItemPrice} = 50</msg>
<var>${tempItemPrice}</var>
<arg>let item = ${cart}[${i}];</arg>
<arg>return item.price;</arg>
<doc>Executes the given JavaScript code with possible arguments.</doc>
<status status="PASS" start="2025-02-21T15:50:23.620954" elapsed="0.009499"/>
</kw>
<kw name="Evaluate" owner="BuiltIn">
<msg time="2025-02-21T15:50:23.631379" level="INFO">${totalPriceInCart} = 50</msg>
<var>${totalPriceInCart}</var>
<arg>${totalPriceInCart} + ${tempItemPrice}</arg>
<doc>Evaluates the given expression in Python and returns the result.</doc>
<status status="PASS" start="2025-02-21T15:50:23.630741" elapsed="0.000840"/>
</kw>
<var name="${i}">0</var>
<status status="PASS" start="2025-02-21T15:50:23.620562" elapsed="0.011147"/>
</iter>
<iter>
<kw name="Execute Javascript" owner="SeleniumLibrary">
<msg time="2025-02-21T15:50:23.633448" level="INFO">Executing JavaScript:
let item = {'date': '2025-03-19', 'description': 'Herbivore Tour on 2025-03-19', 'itemType': 'safari', 'price': 120, 'type': 'Herbivore Tour'};return item.price;
Without any arguments.</msg>
<msg time="2025-02-21T15:50:23.645546" level="INFO">${tempItemPrice} = 120</msg>
<var>${tempItemPrice}</var>
<arg>let item = ${cart}[${i}];</arg>
<arg>return item.price;</arg>
<doc>Executes the given JavaScript code with possible arguments.</doc>
<status status="PASS" start="2025-02-21T15:50:23.632247" elapsed="0.013537"/>
</kw>
<kw name="Evaluate" owner="BuiltIn">
<msg time="2025-02-21T15:50:23.646711" level="INFO">${totalPriceInCart} = 170</msg>
<var>${totalPriceInCart}</var>
<arg>${totalPriceInCart} + ${tempItemPrice}</arg>
<doc>Evaluates the given expression in Python and returns the result.</doc>
<status status="PASS" start="2025-02-21T15:50:23.646075" elapsed="0.000834"/>
</kw>
<var name="${i}">1</var>
<status status="PASS" start="2025-02-21T15:50:23.631883" elapsed="0.015165"/>
</iter>
<iter>
<kw name="Execute Javascript" owner="SeleniumLibrary">
<msg time="2025-02-21T15:50:23.648685" level="INFO">Executing JavaScript:
let item = {'date': '2025-03-19', 'description': 'T-Rex Rumble on 2025-03-19', 'itemType': 'safari', 'price': 150, 'type': 'T-Rex Rumble'};return item.price;
Without any arguments.</msg>
<msg time="2025-02-21T15:50:23.659167" level="INFO">${tempItemPrice} = 150</msg>
<var>${tempItemPrice}</var>
<arg>let item = ${cart}[${i}];</arg>
<arg>return item.price;</arg>
<doc>Executes the given JavaScript code with possible arguments.</doc>
<status status="PASS" start="2025-02-21T15:50:23.647610" elapsed="0.011752"/>
</kw>
<kw name="Evaluate" owner="BuiltIn">
<msg time="2025-02-21T15:50:23.660231" level="INFO">${totalPriceInCart} = 320</msg>
<var>${totalPriceInCart}</var>
<arg>${totalPriceInCart} + ${tempItemPrice}</arg>
<doc>Evaluates the given expression in Python and returns the result.</doc>
<status status="PASS" start="2025-02-21T15:50:23.659624" elapsed="0.000887"/>
</kw>
<var name="${i}">2</var>
<status status="PASS" start="2025-02-21T15:50:23.647220" elapsed="0.013424"/>
</iter>
<var>${i}</var>
<value>0</value>
<value>${cartLength}</value>
<status status="PASS" start="2025-02-21T15:50:23.619323" elapsed="0.041413"/>
</for>
<kw name="Should Be Equal As Numbers" owner="BuiltIn">
<arg>${totalPriceInCart}</arg>
<arg>${expectedCost}</arg>
<doc>Fails if objects are unequal after converting them to real numbers.</doc>
<status status="PASS" start="2025-02-21T15:50:23.660928" elapsed="0.001107"/>
</kw>
<arg>${320}</arg>
<status status="PASS" start="2025-02-21T15:50:23.598118" elapsed="0.064147"/>
</kw>
<kw name="And Dates for safaris are the same" owner="pal_keywords">
<kw name="Execute Javascript" owner="SeleniumLibrary">
<msg time="2025-02-21T15:50:23.671806" level="INFO">Executing JavaScript:
return getCart();
Without any arguments.</msg>
<msg time="2025-02-21T15:50:23.678932" level="INFO">${cart} = [{'category': 'Regular', 'description': '1 Regular Adult Ticket(s)', 'itemType': 'ticket', 'price': 50, 'quantity': 1}, {'date': '2025-03-19', 'description': 'Herbivore Tour on 2025-03-19', 'itemType'...</msg>
<var>${cart}</var>
<arg>return getCart();</arg>
<doc>Executes the given JavaScript code with possible arguments.</doc>
<status status="PASS" start="2025-02-21T15:50:23.670951" elapsed="0.008175"/>
</kw>
<kw name="Create List" owner="BuiltIn">
<msg time="2025-02-21T15:50:23.679816" level="INFO">${datesInCartList} = []</msg>
<var>${datesInCartList}</var>
<doc>Returns a list containing given items.</doc>
<status status="PASS" start="2025-02-21T15:50:23.679383" elapsed="0.000687"/>
</kw>
<kw name="Get Length" owner="BuiltIn">
<msg time="2025-02-21T15:50:23.680852" level="INFO">Length is 3.</msg>
<msg time="2025-02-21T15:50:23.681334" level="INFO">${cartLength} = 3</msg>
<var>${cartLength}</var>
<arg>${cart}</arg>
<doc>Returns and logs the length of the given item as an integer.</doc>
<status status="PASS" start="2025-02-21T15:50:23.680289" elapsed="0.001214"/>
</kw>
<for flavor="IN RANGE">
<iter>
<kw name="Execute Javascript" owner="SeleniumLibrary">
<msg time="2025-02-21T15:50:23.683555" level="INFO">Executing JavaScript:
let item = {'category': 'Regular', 'description': '1 Regular Adult Ticket(s)', 'itemType': 'ticket', 'price': 50, 'quantity': 1};if (item.hasOwnProperty('date')){let returnString =String(item.date);return returnString;}else {return;}
Without any arguments.</msg>
<msg time="2025-02-21T15:50:23.695448" level="INFO">${temp} = None</msg>
<var>${temp}</var>
<arg>let item = ${cart}[${i}];</arg>
<arg>if (item.hasOwnProperty('date')){